INFO - 2023-11-14 14:15:25 --> Session: Class initialized using 'CodeIgniter\Session\Handlers\FileHandler' driver.
WARNING - 2023-11-14 14:15:25 --> [DEPRECATED] ucfirst(): Passing null to parameter #1 ($string) of type string is deprecated in APPPATH\Views\modernize\_partials\header.php on line 91.
 1 APPPATH\Views\modernize\_partials\header.php(91): ucfirst(null)
 2 SYSTEMPATH\View\View.php(224): include('D:\\Project\\Website\\PENJUALAN\\ci4app\\app\\Views\\modernize\\_partials\\header.php')
 3 SYSTEMPATH\View\View.php(227): CodeIgniter\View\View->CodeIgniter\View\{closure}()
 4 SYSTEMPATH\View\View.php(452): CodeIgniter\View\View->render('modernize/_partials/header', null, true)
 5 APPPATH\Views\modernize\_partials\template.php(43): CodeIgniter\View\View->include('modernize/_partials/header')
 6 SYSTEMPATH\View\View.php(224): include('D:\\Project\\Website\\PENJUALAN\\ci4app\\app\\Views\\modernize\\_partials\\template.php')
 7 SYSTEMPATH\View\View.php(227): CodeIgniter\View\View->CodeIgniter\View\{closure}()
 8 SYSTEMPATH\View\View.php(240): CodeIgniter\View\View->render('modernize/_partials/template', [], true)
 9 SYSTEMPATH\Common.php(1180): CodeIgniter\View\View->render('modernize/dashboard/index', [], true)
10 APPPATH\Controllers\Dashboard.php(9): view('modernize/dashboard/index')
11 SYSTEMPATH\CodeIgniter.php(932): App\Controllers\Dashboard->index()
12 SYSTEMPATH\CodeIgniter.php(497): CodeIgniter\CodeIgniter->runController(Object(App\Controllers\Dashboard))
13 SYSTEMPATH\CodeIgniter.php(366): CodeIgniter\CodeIgniter->handleRequest(null, Object(Config\Cache), false)
14 FCPATH\index.php(67): CodeIgniter\CodeIgniter->run()
15 SYSTEMPATH\Commands\Server\rewrite.php(47): require_once('D:\\Project\\Website\\PENJUALAN\\ci4app\\public\\index.php')
WARNING - 2023-11-14 14:15:25 --> [DEPRECATED] ucfirst(): Passing null to parameter #1 ($string) of type string is deprecated in APPPATH\Views\modernize\_partials\header.php on line 92.
 1 APPPATH\Views\modernize\_partials\header.php(92): ucfirst(null)
 2 SYSTEMPATH\View\View.php(224): include('D:\\Project\\Website\\PENJUALAN\\ci4app\\app\\Views\\modernize\\_partials\\header.php')
 3 SYSTEMPATH\View\View.php(227): CodeIgniter\View\View->CodeIgniter\View\{closure}()
 4 SYSTEMPATH\View\View.php(452): CodeIgniter\View\View->render('modernize/_partials/header', null, true)
 5 APPPATH\Views\modernize\_partials\template.php(43): CodeIgniter\View\View->include('modernize/_partials/header')
 6 SYSTEMPATH\View\View.php(224): include('D:\\Project\\Website\\PENJUALAN\\ci4app\\app\\Views\\modernize\\_partials\\template.php')
 7 SYSTEMPATH\View\View.php(227): CodeIgniter\View\View->CodeIgniter\View\{closure}()
 8 SYSTEMPATH\View\View.php(240): CodeIgniter\View\View->render('modernize/_partials/template', [], true)
 9 SYSTEMPATH\Common.php(1180): CodeIgniter\View\View->render('modernize/dashboard/index', [], true)
10 APPPATH\Controllers\Dashboard.php(9): view('modernize/dashboard/index')
11 SYSTEMPATH\CodeIgniter.php(932): App\Controllers\Dashboard->index()
12 SYSTEMPATH\CodeIgniter.php(497): CodeIgniter\CodeIgniter->runController(Object(App\Controllers\Dashboard))
13 SYSTEMPATH\CodeIgniter.php(366): CodeIgniter\CodeIgniter->handleRequest(null, Object(Config\Cache), false)
14 FCPATH\index.php(67): CodeIgniter\CodeIgniter->run()
15 SYSTEMPATH\Commands\Server\rewrite.php(47): require_once('D:\\Project\\Website\\PENJUALAN\\ci4app\\public\\index.php')
INFO - 2023-11-14 14:15:29 --> Session: Class initialized using 'CodeIgniter\Session\Handlers\FileHandler' driver.
WARNING - 2023-11-14 14:15:29 --> [DEPRECATED] ucfirst(): Passing null to parameter #1 ($string) of type string is deprecated in APPPATH\Views\modernize\_partials\header.php on line 91.
 1 APPPATH\Views\modernize\_partials\header.php(91): ucfirst(null)
 2 SYSTEMPATH\View\View.php(224): include('D:\\Project\\Website\\PENJUALAN\\ci4app\\app\\Views\\modernize\\_partials\\header.php')
 3 SYSTEMPATH\View\View.php(227): CodeIgniter\View\View->CodeIgniter\View\{closure}()
 4 SYSTEMPATH\View\View.php(452): CodeIgniter\View\View->render('modernize/_partials/header', null, true)
 5 APPPATH\Views\modernize\_partials\template.php(43): CodeIgniter\View\View->include('modernize/_partials/header')
 6 SYSTEMPATH\View\View.php(224): include('D:\\Project\\Website\\PENJUALAN\\ci4app\\app\\Views\\modernize\\_partials\\template.php')
 7 SYSTEMPATH\View\View.php(227): CodeIgniter\View\View->CodeIgniter\View\{closure}()
 8 SYSTEMPATH\View\View.php(240): CodeIgniter\View\View->render('modernize/_partials/template', [], true)
 9 SYSTEMPATH\Common.php(1180): CodeIgniter\View\View->render('modernize/master/produk/index', [], true)
10 APPPATH\Controllers\Produk.php(14): view('modernize/master/produk/index', [...])
11 SYSTEMPATH\CodeIgniter.php(932): App\Controllers\Produk->index()
12 SYSTEMPATH\CodeIgniter.php(497): CodeIgniter\CodeIgniter->runController(Object(App\Controllers\Produk))
13 SYSTEMPATH\CodeIgniter.php(366): CodeIgniter\CodeIgniter->handleRequest(null, Object(Config\Cache), false)
14 FCPATH\index.php(67): CodeIgniter\CodeIgniter->run()
15 SYSTEMPATH\Commands\Server\rewrite.php(47): require_once('D:\\Project\\Website\\PENJUALAN\\ci4app\\public\\index.php')
WARNING - 2023-11-14 14:15:29 --> [DEPRECATED] ucfirst(): Passing null to parameter #1 ($string) of type string is deprecated in APPPATH\Views\modernize\_partials\header.php on line 92.
 1 APPPATH\Views\modernize\_partials\header.php(92): ucfirst(null)
 2 SYSTEMPATH\View\View.php(224): include('D:\\Project\\Website\\PENJUALAN\\ci4app\\app\\Views\\modernize\\_partials\\header.php')
 3 SYSTEMPATH\View\View.php(227): CodeIgniter\View\View->CodeIgniter\View\{closure}()
 4 SYSTEMPATH\View\View.php(452): CodeIgniter\View\View->render('modernize/_partials/header', null, true)
 5 APPPATH\Views\modernize\_partials\template.php(43): CodeIgniter\View\View->include('modernize/_partials/header')
 6 SYSTEMPATH\View\View.php(224): include('D:\\Project\\Website\\PENJUALAN\\ci4app\\app\\Views\\modernize\\_partials\\template.php')
 7 SYSTEMPATH\View\View.php(227): CodeIgniter\View\View->CodeIgniter\View\{closure}()
 8 SYSTEMPATH\View\View.php(240): CodeIgniter\View\View->render('modernize/_partials/template', [], true)
 9 SYSTEMPATH\Common.php(1180): CodeIgniter\View\View->render('modernize/master/produk/index', [], true)
10 APPPATH\Controllers\Produk.php(14): view('modernize/master/produk/index', [...])
11 SYSTEMPATH\CodeIgniter.php(932): App\Controllers\Produk->index()
12 SYSTEMPATH\CodeIgniter.php(497): CodeIgniter\CodeIgniter->runController(Object(App\Controllers\Produk))
13 SYSTEMPATH\CodeIgniter.php(366): CodeIgniter\CodeIgniter->handleRequest(null, Object(Config\Cache), false)
14 FCPATH\index.php(67): CodeIgniter\CodeIgniter->run()
15 SYSTEMPATH\Commands\Server\rewrite.php(47): require_once('D:\\Project\\Website\\PENJUALAN\\ci4app\\public\\index.php')
INFO - 2023-11-14 14:16:18 --> Session: Class initialized using 'CodeIgniter\Session\Handlers\FileHandler' driver.
WARNING - 2023-11-14 14:16:18 --> [DEPRECATED] ucfirst(): Passing null to parameter #1 ($string) of type string is deprecated in APPPATH\Views\modernize\_partials\header.php on line 91.
 1 APPPATH\Views\modernize\_partials\header.php(91): ucfirst(null)
 2 SYSTEMPATH\View\View.php(224): include('D:\\Project\\Website\\PENJUALAN\\ci4app\\app\\Views\\modernize\\_partials\\header.php')
 3 SYSTEMPATH\View\View.php(227): CodeIgniter\View\View->CodeIgniter\View\{closure}()
 4 SYSTEMPATH\View\View.php(452): CodeIgniter\View\View->render('modernize/_partials/header', null, true)
 5 APPPATH\Views\modernize\_partials\template.php(43): CodeIgniter\View\View->include('modernize/_partials/header')
 6 SYSTEMPATH\View\View.php(224): include('D:\\Project\\Website\\PENJUALAN\\ci4app\\app\\Views\\modernize\\_partials\\template.php')
 7 SYSTEMPATH\View\View.php(227): CodeIgniter\View\View->CodeIgniter\View\{closure}()
 8 SYSTEMPATH\View\View.php(240): CodeIgniter\View\View->render('modernize/_partials/template', [], true)
 9 SYSTEMPATH\Common.php(1180): CodeIgniter\View\View->render('modernize/master/produk/index', [], true)
10 APPPATH\Controllers\Produk.php(14): view('modernize/master/produk/index', [...])
11 SYSTEMPATH\CodeIgniter.php(932): App\Controllers\Produk->index()
12 SYSTEMPATH\CodeIgniter.php(497): CodeIgniter\CodeIgniter->runController(Object(App\Controllers\Produk))
13 SYSTEMPATH\CodeIgniter.php(366): CodeIgniter\CodeIgniter->handleRequest(null, Object(Config\Cache), false)
14 FCPATH\index.php(67): CodeIgniter\CodeIgniter->run()
15 SYSTEMPATH\Commands\Server\rewrite.php(47): require_once('D:\\Project\\Website\\PENJUALAN\\ci4app\\public\\index.php')
WARNING - 2023-11-14 14:16:18 --> [DEPRECATED] ucfirst(): Passing null to parameter #1 ($string) of type string is deprecated in APPPATH\Views\modernize\_partials\header.php on line 92.
 1 APPPATH\Views\modernize\_partials\header.php(92): ucfirst(null)
 2 SYSTEMPATH\View\View.php(224): include('D:\\Project\\Website\\PENJUALAN\\ci4app\\app\\Views\\modernize\\_partials\\header.php')
 3 SYSTEMPATH\View\View.php(227): CodeIgniter\View\View->CodeIgniter\View\{closure}()
 4 SYSTEMPATH\View\View.php(452): CodeIgniter\View\View->render('modernize/_partials/header', null, true)
 5 APPPATH\Views\modernize\_partials\template.php(43): CodeIgniter\View\View->include('modernize/_partials/header')
 6 SYSTEMPATH\View\View.php(224): include('D:\\Project\\Website\\PENJUALAN\\ci4app\\app\\Views\\modernize\\_partials\\template.php')
 7 SYSTEMPATH\View\View.php(227): CodeIgniter\View\View->CodeIgniter\View\{closure}()
 8 SYSTEMPATH\View\View.php(240): CodeIgniter\View\View->render('modernize/_partials/template', [], true)
 9 SYSTEMPATH\Common.php(1180): CodeIgniter\View\View->render('modernize/master/produk/index', [], true)
10 APPPATH\Controllers\Produk.php(14): view('modernize/master/produk/index', [...])
11 SYSTEMPATH\CodeIgniter.php(932): App\Controllers\Produk->index()
12 SYSTEMPATH\CodeIgniter.php(497): CodeIgniter\CodeIgniter->runController(Object(App\Controllers\Produk))
13 SYSTEMPATH\CodeIgniter.php(366): CodeIgniter\CodeIgniter->handleRequest(null, Object(Config\Cache), false)
14 FCPATH\index.php(67): CodeIgniter\CodeIgniter->run()
15 SYSTEMPATH\Commands\Server\rewrite.php(47): require_once('D:\\Project\\Website\\PENJUALAN\\ci4app\\public\\index.php')
INFO - 2023-11-14 14:16:21 --> Session: Class initialized using 'CodeIgniter\Session\Handlers\FileHandler' driver.
WARNING - 2023-11-14 14:16:21 --> [DEPRECATED] ucfirst(): Passing null to parameter #1 ($string) of type string is deprecated in APPPATH\Views\modernize\_partials\header.php on line 91.
 1 APPPATH\Views\modernize\_partials\header.php(91): ucfirst(null)
 2 SYSTEMPATH\View\View.php(224): include('D:\\Project\\Website\\PENJUALAN\\ci4app\\app\\Views\\modernize\\_partials\\header.php')
 3 SYSTEMPATH\View\View.php(227): CodeIgniter\View\View->CodeIgniter\View\{closure}()
 4 SYSTEMPATH\View\View.php(452): CodeIgniter\View\View->render('modernize/_partials/header', null, true)
 5 APPPATH\Views\modernize\_partials\template.php(43): CodeIgniter\View\View->include('modernize/_partials/header')
 6 SYSTEMPATH\View\View.php(224): include('D:\\Project\\Website\\PENJUALAN\\ci4app\\app\\Views\\modernize\\_partials\\template.php')
 7 SYSTEMPATH\View\View.php(227): CodeIgniter\View\View->CodeIgniter\View\{closure}()
 8 SYSTEMPATH\View\View.php(240): CodeIgniter\View\View->render('modernize/_partials/template', [], true)
 9 SYSTEMPATH\Common.php(1180): CodeIgniter\View\View->render('modernize/master/produk/edit', [], true)
10 APPPATH\Controllers\Produk.php(60): view('modernize/master/produk/edit', [...])
11 SYSTEMPATH\CodeIgniter.php(932): App\Controllers\Produk->edit('1')
12 SYSTEMPATH\CodeIgniter.php(497): CodeIgniter\CodeIgniter->runController(Object(App\Controllers\Produk))
13 SYSTEMPATH\CodeIgniter.php(366): CodeIgniter\CodeIgniter->handleRequest(null, Object(Config\Cache), false)
14 FCPATH\index.php(67): CodeIgniter\CodeIgniter->run()
15 SYSTEMPATH\Commands\Server\rewrite.php(47): require_once('D:\\Project\\Website\\PENJUALAN\\ci4app\\public\\index.php')
WARNING - 2023-11-14 14:16:21 --> [DEPRECATED] ucfirst(): Passing null to parameter #1 ($string) of type string is deprecated in APPPATH\Views\modernize\_partials\header.php on line 92.
 1 APPPATH\Views\modernize\_partials\header.php(92): ucfirst(null)
 2 SYSTEMPATH\View\View.php(224): include('D:\\Project\\Website\\PENJUALAN\\ci4app\\app\\Views\\modernize\\_partials\\header.php')
 3 SYSTEMPATH\View\View.php(227): CodeIgniter\View\View->CodeIgniter\View\{closure}()
 4 SYSTEMPATH\View\View.php(452): CodeIgniter\View\View->render('modernize/_partials/header', null, true)
 5 APPPATH\Views\modernize\_partials\template.php(43): CodeIgniter\View\View->include('modernize/_partials/header')
 6 SYSTEMPATH\View\View.php(224): include('D:\\Project\\Website\\PENJUALAN\\ci4app\\app\\Views\\modernize\\_partials\\template.php')
 7 SYSTEMPATH\View\View.php(227): CodeIgniter\View\View->CodeIgniter\View\{closure}()
 8 SYSTEMPATH\View\View.php(240): CodeIgniter\View\View->render('modernize/_partials/template', [], true)
 9 SYSTEMPATH\Common.php(1180): CodeIgniter\View\View->render('modernize/master/produk/edit', [], true)
10 APPPATH\Controllers\Produk.php(60): view('modernize/master/produk/edit', [...])
11 SYSTEMPATH\CodeIgniter.php(932): App\Controllers\Produk->edit('1')
12 SYSTEMPATH\CodeIgniter.php(497): CodeIgniter\CodeIgniter->runController(Object(App\Controllers\Produk))
13 SYSTEMPATH\CodeIgniter.php(366): CodeIgniter\CodeIgniter->handleRequest(null, Object(Config\Cache), false)
14 FCPATH\index.php(67): CodeIgniter\CodeIgniter->run()
15 SYSTEMPATH\Commands\Server\rewrite.php(47): require_once('D:\\Project\\Website\\PENJUALAN\\ci4app\\public\\index.php')
CRITICAL - 2023-11-14 14:16:39 --> finfo_file(C:\Xampp\tmp\php11DF.tmp): Failed to open stream: No such file or directory
in SYSTEMPATH\Files\File.php on line 115.
 1 [internal function]: CodeIgniter\Debug\Exceptions->errorHandler(2, 'finfo_file(C:\\Xampp\\tmp\\php11DF.tmp): Failed to open stream: No such file or directory', 'D:\\Project\\Website\\PENJUALAN\\ci4app\\vendor\\codeigniter4\\framework\\system\\Files\\File.php', 115)
 2 SYSTEMPATH\Files\File.php(115): finfo_file(Object(finfo), 'C:\\Xampp\\tmp\\php11DF.tmp')
 3 SYSTEMPATH\Validation\FileRules.php(176): CodeIgniter\Files\File->getMimeType()
 4 SYSTEMPATH\Validation\Validation.php(278): CodeIgniter\Validation\FileRules->mime_in('1699971399_e13c01f1e8b613cbcabf.jpeg', [...], [...], null, 'gambar_produk')
 5 SYSTEMPATH\Validation\Validation.php(182): CodeIgniter\Validation\Validation->processRules('gambar_produk', 'gambar_produk', '1699971399_e13c01f1e8b613cbcabf.jpeg', [...], [...])
 6 APPPATH\Controllers\Produk.php(87): CodeIgniter\Validation\Validation->run([...], 'produk_update')
 7 SYSTEMPATH\CodeIgniter.php(932): App\Controllers\Produk->update()
 8 SYSTEMPATH\CodeIgniter.php(497): CodeIgniter\CodeIgniter->runController(Object(App\Controllers\Produk))
 9 SYSTEMPATH\CodeIgniter.php(366): CodeIgniter\CodeIgniter->handleRequest(null, Object(Config\Cache), false)
10 FCPATH\index.php(67): CodeIgniter\CodeIgniter->run()
11 SYSTEMPATH\Commands\Server\rewrite.php(47): require_once('D:\\Project\\Website\\PENJUALAN\\ci4app\\public\\index.php')
