INFO - 2023-06-27 07:35:00 --> Session: Class initialized using 'CodeIgniter\Session\Handlers\FileHandler' driver.
INFO - 2023-06-27 07:35:26 --> Session: Class initialized using 'CodeIgniter\Session\Handlers\FileHandler' driver.
INFO - 2023-06-27 07:35:26 --> Session: Class initialized using 'CodeIgniter\Session\Handlers\FileHandler' driver.
INFO - 2023-06-27 07:35:31 --> Session: Class initialized using 'CodeIgniter\Session\Handlers\FileHandler' driver.
INFO - 2023-06-27 07:35:51 --> Session: Class initialized using 'CodeIgniter\Session\Handlers\FileHandler' driver.
INFO - 2023-06-27 07:36:32 --> Session: Class initialized using 'CodeIgniter\Session\Handlers\FileHandler' driver.
INFO - 2023-06-27 07:36:48 --> Session: Class initialized using 'CodeIgniter\Session\Handlers\FileHandler' driver.
INFO - 2023-06-27 07:37:00 --> Session: Class initialized using 'CodeIgniter\Session\Handlers\FileHandler' driver.
INFO - 2023-06-27 07:37:13 --> Session: Class initialized using 'CodeIgniter\Session\Handlers\FileHandler' driver.
INFO - 2023-06-27 07:37:23 --> Session: Class initialized using 'CodeIgniter\Session\Handlers\FileHandler' driver.
INFO - 2023-06-27 07:37:35 --> Session: Class initialized using 'CodeIgniter\Session\Handlers\FileHandler' driver.
INFO - 2023-06-27 07:37:48 --> Session: Class initialized using 'CodeIgniter\Session\Handlers\FileHandler' driver.
ERROR - 2023-06-27 07:45:39 --> mysqli_sql_exception: Unknown column 'idBarangMentah' in 'field list' in D:\Kuliah\4M51\E-Business\sig-main\ci4app\vendor\codeigniter4\framework\system\Database\MySQLi\Connection.php:295
Stack trace:
#0 D:\Kuliah\4M51\E-Business\sig-main\ci4app\vendor\codeigniter4\framework\system\Database\MySQLi\Connection.php(295): mysqli->query('INSERT INTO `ba...', 0)
#1 D:\Kuliah\4M51\E-Business\sig-main\ci4app\vendor\codeigniter4\framework\system\Database\BaseConnection.php(691): CodeIgniter\Database\MySQLi\Connection->execute('INSERT INTO `ba...')
#2 D:\Kuliah\4M51\E-Business\sig-main\ci4app\vendor\codeigniter4\framework\system\Database\BaseConnection.php(605): CodeIgniter\Database\BaseConnection->simpleQuery('INSERT INTO `ba...')
#3 D:\Kuliah\4M51\E-Business\sig-main\ci4app\vendor\codeigniter4\framework\system\Database\BaseBuilder.php(1801): CodeIgniter\Database\BaseConnection->query('INSERT INTO `ba...', NULL, false)
#4 D:\Kuliah\4M51\E-Business\sig-main\ci4app\vendor\codeigniter4\framework\system\Database\BaseBuilder.php(2192): CodeIgniter\Database\BaseBuilder->batchExecute('_insertBatch', 100)
#5 D:\Kuliah\4M51\E-Business\sig-main\ci4app\app\Database\Seeds\BarangKeluarJadi.php(27): CodeIgniter\Database\BaseBuilder->insertBatch(Array)
#6 D:\Kuliah\4M51\E-Business\sig-main\ci4app\vendor\codeigniter4\framework\system\Database\Seeder.php(146): App\Database\Seeds\BarangKeluarJadi->run()
#7 D:\Kuliah\4M51\E-Business\sig-main\ci4app\vendor\codeigniter4\framework\system\Commands\Database\Seed.php(77): CodeIgniter\Database\Seeder->call('App\\Database\\Se...')
#8 D:\Kuliah\4M51\E-Business\sig-main\ci4app\vendor\codeigniter4\framework\system\CLI\Commands.php(65): CodeIgniter\Commands\Database\Seed->run(Array)
#9 D:\Kuliah\4M51\E-Business\sig-main\ci4app\vendor\codeigniter4\framework\system\CLI\Console.php(37): CodeIgniter\CLI\Commands->run('db:seed', Array)
#10 D:\Kuliah\4M51\E-Business\sig-main\ci4app\spark(97): CodeIgniter\CLI\Console->run()
#11 {main}
INFO - 2023-06-27 07:50:26 --> Session: Class initialized using 'CodeIgniter\Session\Handlers\FileHandler' driver.
INFO - 2023-06-27 07:50:29 --> Session: Class initialized using 'CodeIgniter\Session\Handlers\FileHandler' driver.
INFO - 2023-06-27 07:50:29 --> Session: Class initialized using 'CodeIgniter\Session\Handlers\FileHandler' driver.
INFO - 2023-06-27 07:51:56 --> Session: Class initialized using 'CodeIgniter\Session\Handlers\FileHandler' driver.
INFO - 2023-06-27 07:51:59 --> Session: Class initialized using 'CodeIgniter\Session\Handlers\FileHandler' driver.
