INFO - 2023-07-07 00:43:43 --> Session: Class initialized using 'CodeIgniter\Session\Handlers\FileHandler' driver.
INFO - 2023-07-07 00:45:44 --> Session: Class initialized using 'CodeIgniter\Session\Handlers\FileHandler' driver.
INFO - 2023-07-07 00:45:51 --> Session: Class initialized using 'CodeIgniter\Session\Handlers\FileHandler' driver.
INFO - 2023-07-07 00:45:52 --> Session: Class initialized using 'CodeIgniter\Session\Handlers\FileHandler' driver.
INFO - 2023-07-07 00:45:57 --> Session: Class initialized using 'CodeIgniter\Session\Handlers\FileHandler' driver.
INFO - 2023-07-07 00:46:03 --> Session: Class initialized using 'CodeIgniter\Session\Handlers\FileHandler' driver.
INFO - 2023-07-07 00:46:06 --> Session: Class initialized using 'CodeIgniter\Session\Handlers\FileHandler' driver.
INFO - 2023-07-07 00:46:13 --> Session: Class initialized using 'CodeIgniter\Session\Handlers\FileHandler' driver.
INFO - 2023-07-07 00:46:18 --> Session: Class initialized using 'CodeIgniter\Session\Handlers\FileHandler' driver.
INFO - 2023-07-07 00:46:22 --> Session: Class initialized using 'CodeIgniter\Session\Handlers\FileHandler' driver.
CRITICAL - 2023-07-07 00:46:22 --> Undefined variable: id_pesanan
in APPPATH\Views\modernize\pengiriman\input.php on line 52.
 1 APPPATH\Views\modernize\pengiriman\input.php(52): CodeIgniter\Debug\Exceptions->errorHandler(8, 'Undefined variable: id_pesanan', 'D:\\SEMESTER 4\\E-Bussines\\Praktik\\sig-main\\ci4app\\app\\Views\\modernize\\pengiriman\\input.php', 52, [...])
 2 SYSTEMPATH\View\View.php(213): include('D:\\SEMESTER 4\\E-Bussines\\Praktik\\sig-main\\ci4app\\app\\Views\\modernize\\pengiriman\\input.php')
 3 SYSTEMPATH\View\View.php(216): CodeIgniter\View\View->CodeIgniter\View\{closure}()
 4 SYSTEMPATH\Common.php(1184): CodeIgniter\View\View->render('modernize/pengiriman/input', [], true)
 5 APPPATH\Controllers\Pengiriman.php(50): view('modernize/pengiriman/input', [...])
 6 SYSTEMPATH\CodeIgniter.php(934): App\Controllers\Pengiriman->input()
 7 SYSTEMPATH\CodeIgniter.php(499): CodeIgniter\CodeIgniter->runController(Object(App\Controllers\Pengiriman))
 8 SYSTEMPATH\CodeIgniter.php(368): CodeIgniter\CodeIgniter->handleRequest(null, Object(Config\Cache), false)
 9 FCPATH\index.php(67): CodeIgniter\CodeIgniter->run()
10 SYSTEMPATH\Commands\Server\rewrite.php(47): require_once('D:\\SEMESTER 4\\E-Bussines\\Praktik\\sig-main\\ci4app\\public\\index.php')
INFO - 2023-07-07 00:46:29 --> Session: Class initialized using 'CodeIgniter\Session\Handlers\FileHandler' driver.
INFO - 2023-07-07 01:00:18 --> Session: Class initialized using 'CodeIgniter\Session\Handlers\FileHandler' driver.
INFO - 2023-07-07 01:00:24 --> Session: Class initialized using 'CodeIgniter\Session\Handlers\FileHandler' driver.
CRITICAL - 2023-07-07 01:00:24 --> Undefined variable: id_transaksi
in APPPATH\Views\modernize\pengiriman\input.php on line 52.
 1 APPPATH\Views\modernize\pengiriman\input.php(52): CodeIgniter\Debug\Exceptions->errorHandler(8, 'Undefined variable: id_transaksi', 'D:\\SEMESTER 4\\E-Bussines\\Praktik\\sig-main\\ci4app\\app\\Views\\modernize\\pengiriman\\input.php', 52, [...])
 2 SYSTEMPATH\View\View.php(213): include('D:\\SEMESTER 4\\E-Bussines\\Praktik\\sig-main\\ci4app\\app\\Views\\modernize\\pengiriman\\input.php')
 3 SYSTEMPATH\View\View.php(216): CodeIgniter\View\View->CodeIgniter\View\{closure}()
 4 SYSTEMPATH\Common.php(1184): CodeIgniter\View\View->render('modernize/pengiriman/input', [], true)
 5 APPPATH\Controllers\Pengiriman.php(50): view('modernize/pengiriman/input', [...])
 6 SYSTEMPATH\CodeIgniter.php(934): App\Controllers\Pengiriman->input()
 7 SYSTEMPATH\CodeIgniter.php(499): CodeIgniter\CodeIgniter->runController(Object(App\Controllers\Pengiriman))
 8 SYSTEMPATH\CodeIgniter.php(368): CodeIgniter\CodeIgniter->handleRequest(null, Object(Config\Cache), false)
 9 FCPATH\index.php(67): CodeIgniter\CodeIgniter->run()
10 SYSTEMPATH\Commands\Server\rewrite.php(47): require_once('D:\\SEMESTER 4\\E-Bussines\\Praktik\\sig-main\\ci4app\\public\\index.php')
INFO - 2023-07-07 01:41:57 --> Session: Class initialized using 'CodeIgniter\Session\Handlers\FileHandler' driver.
INFO - 2023-07-07 01:41:59 --> Session: Class initialized using 'CodeIgniter\Session\Handlers\FileHandler' driver.
INFO - 2023-07-07 01:42:03 --> Session: Class initialized using 'CodeIgniter\Session\Handlers\FileHandler' driver.
INFO - 2023-07-07 01:42:05 --> Session: Class initialized using 'CodeIgniter\Session\Handlers\FileHandler' driver.
INFO - 2023-07-07 01:42:07 --> Session: Class initialized using 'CodeIgniter\Session\Handlers\FileHandler' driver.
INFO - 2023-07-07 01:42:21 --> Session: Class initialized using 'CodeIgniter\Session\Handlers\FileHandler' driver.
INFO - 2023-07-07 06:28:19 --> Session: Class initialized using 'CodeIgniter\Session\Handlers\FileHandler' driver.
INFO - 2023-07-07 06:28:20 --> Session: Class initialized using 'CodeIgniter\Session\Handlers\FileHandler' driver.
INFO - 2023-07-07 06:28:24 --> Session: Class initialized using 'CodeIgniter\Session\Handlers\FileHandler' driver.
INFO - 2023-07-07 06:28:25 --> Session: Class initialized using 'CodeIgniter\Session\Handlers\FileHandler' driver.
INFO - 2023-07-07 06:28:34 --> Session: Class initialized using 'CodeIgniter\Session\Handlers\FileHandler' driver.
INFO - 2023-07-07 06:28:41 --> Session: Class initialized using 'CodeIgniter\Session\Handlers\FileHandler' driver.
INFO - 2023-07-07 06:28:47 --> Session: Class initialized using 'CodeIgniter\Session\Handlers\FileHandler' driver.
INFO - 2023-07-07 09:17:46 --> Session: Class initialized using 'CodeIgniter\Session\Handlers\FileHandler' driver.
INFO - 2023-07-07 09:28:45 --> Session: Class initialized using 'CodeIgniter\Session\Handlers\FileHandler' driver.
CRITICAL - 2023-07-07 09:28:48 --> Invalid file: "modernize/master/request/index.php"
in SYSTEMPATH\Exceptions\FrameworkException.php on line 33.
 1 SYSTEMPATH\View\View.php(201): CodeIgniter\Exceptions\FrameworkException::forInvalidFile('modernize/master/request/index.php')
 2 SYSTEMPATH\Common.php(1184): CodeIgniter\View\View->render('modernize/master/request/index', [], true)
 3 APPPATH\Controllers\Request.php(13): view('modernize/master/request/index', [...])
 4 SYSTEMPATH\CodeIgniter.php(934): App\Controllers\Request->index()
 5 SYSTEMPATH\CodeIgniter.php(499): CodeIgniter\CodeIgniter->runController(Object(App\Controllers\Request))
 6 SYSTEMPATH\CodeIgniter.php(368): CodeIgniter\CodeIgniter->handleRequest(null, Object(Config\Cache), false)
 7 FCPATH\index.php(67): CodeIgniter\CodeIgniter->run()
 8 SYSTEMPATH\Commands\Server\rewrite.php(47): require_once('D:\\SEMESTER 4\\E-Bussines\\Praktik\\sig-main\\ci4app\\public\\index.php')
CRITICAL - 2023-07-07 09:32:16 --> Invalid file: "modernize/master/request/index.php"
in SYSTEMPATH\Exceptions\FrameworkException.php on line 33.
 1 SYSTEMPATH\View\View.php(201): CodeIgniter\Exceptions\FrameworkException::forInvalidFile('modernize/master/request/index.php')
 2 SYSTEMPATH\Common.php(1184): CodeIgniter\View\View->render('modernize/master/request/index', [], true)
 3 APPPATH\Controllers\Request.php(13): view('modernize/master/request/index', [...])
 4 SYSTEMPATH\CodeIgniter.php(934): App\Controllers\Request->index()
 5 SYSTEMPATH\CodeIgniter.php(499): CodeIgniter\CodeIgniter->runController(Object(App\Controllers\Request))
 6 SYSTEMPATH\CodeIgniter.php(368): CodeIgniter\CodeIgniter->handleRequest(null, Object(Config\Cache), false)
 7 FCPATH\index.php(67): CodeIgniter\CodeIgniter->run()
 8 SYSTEMPATH\Commands\Server\rewrite.php(47): require_once('D:\\SEMESTER 4\\E-Bussines\\Praktik\\sig-main\\ci4app\\public\\index.php')
INFO - 2023-07-07 09:32:18 --> Session: Class initialized using 'CodeIgniter\Session\Handlers\FileHandler' driver.
CRITICAL - 2023-07-07 09:32:21 --> Invalid file: "modernize/master/request/index.php"
in SYSTEMPATH\Exceptions\FrameworkException.php on line 33.
 1 SYSTEMPATH\View\View.php(201): CodeIgniter\Exceptions\FrameworkException::forInvalidFile('modernize/master/request/index.php')
 2 SYSTEMPATH\Common.php(1184): CodeIgniter\View\View->render('modernize/master/request/index', [], true)
 3 APPPATH\Controllers\Request.php(13): view('modernize/master/request/index', [...])
 4 SYSTEMPATH\CodeIgniter.php(934): App\Controllers\Request->index()
 5 SYSTEMPATH\CodeIgniter.php(499): CodeIgniter\CodeIgniter->runController(Object(App\Controllers\Request))
 6 SYSTEMPATH\CodeIgniter.php(368): CodeIgniter\CodeIgniter->handleRequest(null, Object(Config\Cache), false)
 7 FCPATH\index.php(67): CodeIgniter\CodeIgniter->run()
 8 SYSTEMPATH\Commands\Server\rewrite.php(47): require_once('D:\\SEMESTER 4\\E-Bussines\\Praktik\\sig-main\\ci4app\\public\\index.php')
