INFO - 2023-11-04 11:24:32 --> Session: Class initialized using 'CodeIgniter\Session\Handlers\FileHandler' driver.
WARNING - 2023-11-04 11:24:32 --> [DEPRECATED] ucfirst(): Passing null to parameter #1 ($string) of type string is deprecated in APPPATH\Views\modernize\_partials\header.php on line 91.
 1 APPPATH\Views\modernize\_partials\header.php(91): ucfirst(null)
 2 SYSTEMPATH\View\View.php(224): include('D:\\Project\\Website\\PENJUALAN\\ci4app\\app\\Views\\modernize\\_partials\\header.php')
 3 SYSTEMPATH\View\View.php(227): CodeIgniter\View\View->CodeIgniter\View\{closure}()
 4 SYSTEMPATH\View\View.php(452): CodeIgniter\View\View->render('modernize/_partials/header', null, true)
 5 APPPATH\Views\modernize\_partials\template.php(40): CodeIgniter\View\View->include('modernize/_partials/header')
 6 SYSTEMPATH\View\View.php(224): include('D:\\Project\\Website\\PENJUALAN\\ci4app\\app\\Views\\modernize\\_partials\\template.php')
 7 SYSTEMPATH\View\View.php(227): CodeIgniter\View\View->CodeIgniter\View\{closure}()
 8 SYSTEMPATH\View\View.php(240): CodeIgniter\View\View->render('modernize/_partials/template', [], true)
 9 SYSTEMPATH\Common.php(1180): CodeIgniter\View\View->render('modernize/dashboard/index', [], true)
10 APPPATH\Controllers\Dashboard.php(9): view('modernize/dashboard/index')
11 SYSTEMPATH\CodeIgniter.php(932): App\Controllers\Dashboard->index()
12 SYSTEMPATH\CodeIgniter.php(497): CodeIgniter\CodeIgniter->runController(Object(App\Controllers\Dashboard))
13 SYSTEMPATH\CodeIgniter.php(366): CodeIgniter\CodeIgniter->handleRequest(null, Object(Config\Cache), false)
14 FCPATH\index.php(67): CodeIgniter\CodeIgniter->run()
15 SYSTEMPATH\Commands\Server\rewrite.php(47): require_once('D:\\Project\\Website\\PENJUALAN\\ci4app\\public\\index.php')
WARNING - 2023-11-04 11:24:32 --> [DEPRECATED] ucfirst(): Passing null to parameter #1 ($string) of type string is deprecated in APPPATH\Views\modernize\_partials\header.php on line 92.
 1 APPPATH\Views\modernize\_partials\header.php(92): ucfirst(null)
 2 SYSTEMPATH\View\View.php(224): include('D:\\Project\\Website\\PENJUALAN\\ci4app\\app\\Views\\modernize\\_partials\\header.php')
 3 SYSTEMPATH\View\View.php(227): CodeIgniter\View\View->CodeIgniter\View\{closure}()
 4 SYSTEMPATH\View\View.php(452): CodeIgniter\View\View->render('modernize/_partials/header', null, true)
 5 APPPATH\Views\modernize\_partials\template.php(40): CodeIgniter\View\View->include('modernize/_partials/header')
 6 SYSTEMPATH\View\View.php(224): include('D:\\Project\\Website\\PENJUALAN\\ci4app\\app\\Views\\modernize\\_partials\\template.php')
 7 SYSTEMPATH\View\View.php(227): CodeIgniter\View\View->CodeIgniter\View\{closure}()
 8 SYSTEMPATH\View\View.php(240): CodeIgniter\View\View->render('modernize/_partials/template', [], true)
 9 SYSTEMPATH\Common.php(1180): CodeIgniter\View\View->render('modernize/dashboard/index', [], true)
10 APPPATH\Controllers\Dashboard.php(9): view('modernize/dashboard/index')
11 SYSTEMPATH\CodeIgniter.php(932): App\Controllers\Dashboard->index()
12 SYSTEMPATH\CodeIgniter.php(497): CodeIgniter\CodeIgniter->runController(Object(App\Controllers\Dashboard))
13 SYSTEMPATH\CodeIgniter.php(366): CodeIgniter\CodeIgniter->handleRequest(null, Object(Config\Cache), false)
14 FCPATH\index.php(67): CodeIgniter\CodeIgniter->run()
15 SYSTEMPATH\Commands\Server\rewrite.php(47): require_once('D:\\Project\\Website\\PENJUALAN\\ci4app\\public\\index.php')
INFO - 2023-11-04 11:24:36 --> Session: Class initialized using 'CodeIgniter\Session\Handlers\FileHandler' driver.
WARNING - 2023-11-04 11:24:36 --> [DEPRECATED] ucfirst(): Passing null to parameter #1 ($string) of type string is deprecated in APPPATH\Views\modernize\_partials\header.php on line 91.
 1 APPPATH\Views\modernize\_partials\header.php(91): ucfirst(null)
 2 SYSTEMPATH\View\View.php(224): include('D:\\Project\\Website\\PENJUALAN\\ci4app\\app\\Views\\modernize\\_partials\\header.php')
 3 SYSTEMPATH\View\View.php(227): CodeIgniter\View\View->CodeIgniter\View\{closure}()
 4 SYSTEMPATH\View\View.php(452): CodeIgniter\View\View->render('modernize/_partials/header', null, true)
 5 APPPATH\Views\modernize\_partials\template.php(40): CodeIgniter\View\View->include('modernize/_partials/header')
 6 SYSTEMPATH\View\View.php(224): include('D:\\Project\\Website\\PENJUALAN\\ci4app\\app\\Views\\modernize\\_partials\\template.php')
 7 SYSTEMPATH\View\View.php(227): CodeIgniter\View\View->CodeIgniter\View\{closure}()
 8 SYSTEMPATH\View\View.php(240): CodeIgniter\View\View->render('modernize/_partials/template', [], true)
 9 SYSTEMPATH\Common.php(1180): CodeIgniter\View\View->render('modernize/dashboard/index', [], true)
10 APPPATH\Controllers\Dashboard.php(9): view('modernize/dashboard/index')
11 SYSTEMPATH\CodeIgniter.php(932): App\Controllers\Dashboard->index()
12 SYSTEMPATH\CodeIgniter.php(497): CodeIgniter\CodeIgniter->runController(Object(App\Controllers\Dashboard))
13 SYSTEMPATH\CodeIgniter.php(366): CodeIgniter\CodeIgniter->handleRequest(null, Object(Config\Cache), false)
14 FCPATH\index.php(67): CodeIgniter\CodeIgniter->run()
15 SYSTEMPATH\Commands\Server\rewrite.php(47): require_once('D:\\Project\\Website\\PENJUALAN\\ci4app\\public\\index.php')
WARNING - 2023-11-04 11:24:36 --> [DEPRECATED] ucfirst(): Passing null to parameter #1 ($string) of type string is deprecated in APPPATH\Views\modernize\_partials\header.php on line 92.
 1 APPPATH\Views\modernize\_partials\header.php(92): ucfirst(null)
 2 SYSTEMPATH\View\View.php(224): include('D:\\Project\\Website\\PENJUALAN\\ci4app\\app\\Views\\modernize\\_partials\\header.php')
 3 SYSTEMPATH\View\View.php(227): CodeIgniter\View\View->CodeIgniter\View\{closure}()
 4 SYSTEMPATH\View\View.php(452): CodeIgniter\View\View->render('modernize/_partials/header', null, true)
 5 APPPATH\Views\modernize\_partials\template.php(40): CodeIgniter\View\View->include('modernize/_partials/header')
 6 SYSTEMPATH\View\View.php(224): include('D:\\Project\\Website\\PENJUALAN\\ci4app\\app\\Views\\modernize\\_partials\\template.php')
 7 SYSTEMPATH\View\View.php(227): CodeIgniter\View\View->CodeIgniter\View\{closure}()
 8 SYSTEMPATH\View\View.php(240): CodeIgniter\View\View->render('modernize/_partials/template', [], true)
 9 SYSTEMPATH\Common.php(1180): CodeIgniter\View\View->render('modernize/dashboard/index', [], true)
10 APPPATH\Controllers\Dashboard.php(9): view('modernize/dashboard/index')
11 SYSTEMPATH\CodeIgniter.php(932): App\Controllers\Dashboard->index()
12 SYSTEMPATH\CodeIgniter.php(497): CodeIgniter\CodeIgniter->runController(Object(App\Controllers\Dashboard))
13 SYSTEMPATH\CodeIgniter.php(366): CodeIgniter\CodeIgniter->handleRequest(null, Object(Config\Cache), false)
14 FCPATH\index.php(67): CodeIgniter\CodeIgniter->run()
15 SYSTEMPATH\Commands\Server\rewrite.php(47): require_once('D:\\Project\\Website\\PENJUALAN\\ci4app\\public\\index.php')
INFO - 2023-11-04 11:26:35 --> Session: Class initialized using 'CodeIgniter\Session\Handlers\FileHandler' driver.
WARNING - 2023-11-04 11:26:35 --> [DEPRECATED] ucfirst(): Passing null to parameter #1 ($string) of type string is deprecated in APPPATH\Views\modernize\_partials\header.php on line 91.
 1 APPPATH\Views\modernize\_partials\header.php(91): ucfirst(null)
 2 SYSTEMPATH\View\View.php(224): include('D:\\Project\\Website\\PENJUALAN\\ci4app\\app\\Views\\modernize\\_partials\\header.php')
 3 SYSTEMPATH\View\View.php(227): CodeIgniter\View\View->CodeIgniter\View\{closure}()
 4 SYSTEMPATH\View\View.php(452): CodeIgniter\View\View->render('modernize/_partials/header', null, true)
 5 APPPATH\Views\modernize\_partials\template.php(40): CodeIgniter\View\View->include('modernize/_partials/header')
 6 SYSTEMPATH\View\View.php(224): include('D:\\Project\\Website\\PENJUALAN\\ci4app\\app\\Views\\modernize\\_partials\\template.php')
 7 SYSTEMPATH\View\View.php(227): CodeIgniter\View\View->CodeIgniter\View\{closure}()
 8 SYSTEMPATH\View\View.php(240): CodeIgniter\View\View->render('modernize/_partials/template', [], true)
 9 SYSTEMPATH\Common.php(1180): CodeIgniter\View\View->render('modernize/dashboard/index', [], true)
10 APPPATH\Controllers\Dashboard.php(9): view('modernize/dashboard/index')
11 SYSTEMPATH\CodeIgniter.php(932): App\Controllers\Dashboard->index()
12 SYSTEMPATH\CodeIgniter.php(497): CodeIgniter\CodeIgniter->runController(Object(App\Controllers\Dashboard))
13 SYSTEMPATH\CodeIgniter.php(366): CodeIgniter\CodeIgniter->handleRequest(null, Object(Config\Cache), false)
14 FCPATH\index.php(67): CodeIgniter\CodeIgniter->run()
15 SYSTEMPATH\Commands\Server\rewrite.php(47): require_once('D:\\Project\\Website\\PENJUALAN\\ci4app\\public\\index.php')
WARNING - 2023-11-04 11:26:35 --> [DEPRECATED] ucfirst(): Passing null to parameter #1 ($string) of type string is deprecated in APPPATH\Views\modernize\_partials\header.php on line 92.
 1 APPPATH\Views\modernize\_partials\header.php(92): ucfirst(null)
 2 SYSTEMPATH\View\View.php(224): include('D:\\Project\\Website\\PENJUALAN\\ci4app\\app\\Views\\modernize\\_partials\\header.php')
 3 SYSTEMPATH\View\View.php(227): CodeIgniter\View\View->CodeIgniter\View\{closure}()
 4 SYSTEMPATH\View\View.php(452): CodeIgniter\View\View->render('modernize/_partials/header', null, true)
 5 APPPATH\Views\modernize\_partials\template.php(40): CodeIgniter\View\View->include('modernize/_partials/header')
 6 SYSTEMPATH\View\View.php(224): include('D:\\Project\\Website\\PENJUALAN\\ci4app\\app\\Views\\modernize\\_partials\\template.php')
 7 SYSTEMPATH\View\View.php(227): CodeIgniter\View\View->CodeIgniter\View\{closure}()
 8 SYSTEMPATH\View\View.php(240): CodeIgniter\View\View->render('modernize/_partials/template', [], true)
 9 SYSTEMPATH\Common.php(1180): CodeIgniter\View\View->render('modernize/dashboard/index', [], true)
10 APPPATH\Controllers\Dashboard.php(9): view('modernize/dashboard/index')
11 SYSTEMPATH\CodeIgniter.php(932): App\Controllers\Dashboard->index()
12 SYSTEMPATH\CodeIgniter.php(497): CodeIgniter\CodeIgniter->runController(Object(App\Controllers\Dashboard))
13 SYSTEMPATH\CodeIgniter.php(366): CodeIgniter\CodeIgniter->handleRequest(null, Object(Config\Cache), false)
14 FCPATH\index.php(67): CodeIgniter\CodeIgniter->run()
15 SYSTEMPATH\Commands\Server\rewrite.php(47): require_once('D:\\Project\\Website\\PENJUALAN\\ci4app\\public\\index.php')
INFO - 2023-11-04 11:26:47 --> Session: Class initialized using 'CodeIgniter\Session\Handlers\FileHandler' driver.
WARNING - 2023-11-04 11:26:47 --> [DEPRECATED] ucfirst(): Passing null to parameter #1 ($string) of type string is deprecated in APPPATH\Views\modernize\_partials\header.php on line 91.
 1 APPPATH\Views\modernize\_partials\header.php(91): ucfirst(null)
 2 SYSTEMPATH\View\View.php(224): include('D:\\Project\\Website\\PENJUALAN\\ci4app\\app\\Views\\modernize\\_partials\\header.php')
 3 SYSTEMPATH\View\View.php(227): CodeIgniter\View\View->CodeIgniter\View\{closure}()
 4 SYSTEMPATH\View\View.php(452): CodeIgniter\View\View->render('modernize/_partials/header', null, true)
 5 APPPATH\Views\modernize\_partials\template.php(40): CodeIgniter\View\View->include('modernize/_partials/header')
 6 SYSTEMPATH\View\View.php(224): include('D:\\Project\\Website\\PENJUALAN\\ci4app\\app\\Views\\modernize\\_partials\\template.php')
 7 SYSTEMPATH\View\View.php(227): CodeIgniter\View\View->CodeIgniter\View\{closure}()
 8 SYSTEMPATH\View\View.php(240): CodeIgniter\View\View->render('modernize/_partials/template', [], true)
 9 SYSTEMPATH\Common.php(1180): CodeIgniter\View\View->render('modernize/dashboard/index', [], true)
10 APPPATH\Controllers\Dashboard.php(9): view('modernize/dashboard/index')
11 SYSTEMPATH\CodeIgniter.php(932): App\Controllers\Dashboard->index()
12 SYSTEMPATH\CodeIgniter.php(497): CodeIgniter\CodeIgniter->runController(Object(App\Controllers\Dashboard))
13 SYSTEMPATH\CodeIgniter.php(366): CodeIgniter\CodeIgniter->handleRequest(null, Object(Config\Cache), false)
14 FCPATH\index.php(67): CodeIgniter\CodeIgniter->run()
15 SYSTEMPATH\Commands\Server\rewrite.php(47): require_once('D:\\Project\\Website\\PENJUALAN\\ci4app\\public\\index.php')
WARNING - 2023-11-04 11:26:47 --> [DEPRECATED] ucfirst(): Passing null to parameter #1 ($string) of type string is deprecated in APPPATH\Views\modernize\_partials\header.php on line 92.
 1 APPPATH\Views\modernize\_partials\header.php(92): ucfirst(null)
 2 SYSTEMPATH\View\View.php(224): include('D:\\Project\\Website\\PENJUALAN\\ci4app\\app\\Views\\modernize\\_partials\\header.php')
 3 SYSTEMPATH\View\View.php(227): CodeIgniter\View\View->CodeIgniter\View\{closure}()
 4 SYSTEMPATH\View\View.php(452): CodeIgniter\View\View->render('modernize/_partials/header', null, true)
 5 APPPATH\Views\modernize\_partials\template.php(40): CodeIgniter\View\View->include('modernize/_partials/header')
 6 SYSTEMPATH\View\View.php(224): include('D:\\Project\\Website\\PENJUALAN\\ci4app\\app\\Views\\modernize\\_partials\\template.php')
 7 SYSTEMPATH\View\View.php(227): CodeIgniter\View\View->CodeIgniter\View\{closure}()
 8 SYSTEMPATH\View\View.php(240): CodeIgniter\View\View->render('modernize/_partials/template', [], true)
 9 SYSTEMPATH\Common.php(1180): CodeIgniter\View\View->render('modernize/dashboard/index', [], true)
10 APPPATH\Controllers\Dashboard.php(9): view('modernize/dashboard/index')
11 SYSTEMPATH\CodeIgniter.php(932): App\Controllers\Dashboard->index()
12 SYSTEMPATH\CodeIgniter.php(497): CodeIgniter\CodeIgniter->runController(Object(App\Controllers\Dashboard))
13 SYSTEMPATH\CodeIgniter.php(366): CodeIgniter\CodeIgniter->handleRequest(null, Object(Config\Cache), false)
14 FCPATH\index.php(67): CodeIgniter\CodeIgniter->run()
15 SYSTEMPATH\Commands\Server\rewrite.php(47): require_once('D:\\Project\\Website\\PENJUALAN\\ci4app\\public\\index.php')
INFO - 2023-11-04 11:27:00 --> Session: Class initialized using 'CodeIgniter\Session\Handlers\FileHandler' driver.
WARNING - 2023-11-04 11:27:00 --> [DEPRECATED] ucfirst(): Passing null to parameter #1 ($string) of type string is deprecated in APPPATH\Views\modernize\_partials\header.php on line 91.
 1 APPPATH\Views\modernize\_partials\header.php(91): ucfirst(null)
 2 SYSTEMPATH\View\View.php(224): include('D:\\Project\\Website\\PENJUALAN\\ci4app\\app\\Views\\modernize\\_partials\\header.php')
 3 SYSTEMPATH\View\View.php(227): CodeIgniter\View\View->CodeIgniter\View\{closure}()
 4 SYSTEMPATH\View\View.php(452): CodeIgniter\View\View->render('modernize/_partials/header', null, true)
 5 APPPATH\Views\modernize\_partials\template.php(40): CodeIgniter\View\View->include('modernize/_partials/header')
 6 SYSTEMPATH\View\View.php(224): include('D:\\Project\\Website\\PENJUALAN\\ci4app\\app\\Views\\modernize\\_partials\\template.php')
 7 SYSTEMPATH\View\View.php(227): CodeIgniter\View\View->CodeIgniter\View\{closure}()
 8 SYSTEMPATH\View\View.php(240): CodeIgniter\View\View->render('modernize/_partials/template', [], true)
 9 SYSTEMPATH\Common.php(1180): CodeIgniter\View\View->render('modernize/dashboard/index', [], true)
10 APPPATH\Controllers\Dashboard.php(9): view('modernize/dashboard/index')
11 SYSTEMPATH\CodeIgniter.php(932): App\Controllers\Dashboard->index()
12 SYSTEMPATH\CodeIgniter.php(497): CodeIgniter\CodeIgniter->runController(Object(App\Controllers\Dashboard))
13 SYSTEMPATH\CodeIgniter.php(366): CodeIgniter\CodeIgniter->handleRequest(null, Object(Config\Cache), false)
14 FCPATH\index.php(67): CodeIgniter\CodeIgniter->run()
15 SYSTEMPATH\Commands\Server\rewrite.php(47): require_once('D:\\Project\\Website\\PENJUALAN\\ci4app\\public\\index.php')
WARNING - 2023-11-04 11:27:00 --> [DEPRECATED] ucfirst(): Passing null to parameter #1 ($string) of type string is deprecated in APPPATH\Views\modernize\_partials\header.php on line 92.
 1 APPPATH\Views\modernize\_partials\header.php(92): ucfirst(null)
 2 SYSTEMPATH\View\View.php(224): include('D:\\Project\\Website\\PENJUALAN\\ci4app\\app\\Views\\modernize\\_partials\\header.php')
 3 SYSTEMPATH\View\View.php(227): CodeIgniter\View\View->CodeIgniter\View\{closure}()
 4 SYSTEMPATH\View\View.php(452): CodeIgniter\View\View->render('modernize/_partials/header', null, true)
 5 APPPATH\Views\modernize\_partials\template.php(40): CodeIgniter\View\View->include('modernize/_partials/header')
 6 SYSTEMPATH\View\View.php(224): include('D:\\Project\\Website\\PENJUALAN\\ci4app\\app\\Views\\modernize\\_partials\\template.php')
 7 SYSTEMPATH\View\View.php(227): CodeIgniter\View\View->CodeIgniter\View\{closure}()
 8 SYSTEMPATH\View\View.php(240): CodeIgniter\View\View->render('modernize/_partials/template', [], true)
 9 SYSTEMPATH\Common.php(1180): CodeIgniter\View\View->render('modernize/dashboard/index', [], true)
10 APPPATH\Controllers\Dashboard.php(9): view('modernize/dashboard/index')
11 SYSTEMPATH\CodeIgniter.php(932): App\Controllers\Dashboard->index()
12 SYSTEMPATH\CodeIgniter.php(497): CodeIgniter\CodeIgniter->runController(Object(App\Controllers\Dashboard))
13 SYSTEMPATH\CodeIgniter.php(366): CodeIgniter\CodeIgniter->handleRequest(null, Object(Config\Cache), false)
14 FCPATH\index.php(67): CodeIgniter\CodeIgniter->run()
15 SYSTEMPATH\Commands\Server\rewrite.php(47): require_once('D:\\Project\\Website\\PENJUALAN\\ci4app\\public\\index.php')
INFO - 2023-11-04 11:28:53 --> Session: Class initialized using 'CodeIgniter\Session\Handlers\FileHandler' driver.
WARNING - 2023-11-04 11:28:53 --> [DEPRECATED] ucfirst(): Passing null to parameter #1 ($string) of type string is deprecated in APPPATH\Views\modernize\_partials\header.php on line 91.
 1 APPPATH\Views\modernize\_partials\header.php(91): ucfirst(null)
 2 SYSTEMPATH\View\View.php(224): include('D:\\Project\\Website\\PENJUALAN\\ci4app\\app\\Views\\modernize\\_partials\\header.php')
 3 SYSTEMPATH\View\View.php(227): CodeIgniter\View\View->CodeIgniter\View\{closure}()
 4 SYSTEMPATH\View\View.php(452): CodeIgniter\View\View->render('modernize/_partials/header', null, true)
 5 APPPATH\Views\modernize\_partials\template.php(40): CodeIgniter\View\View->include('modernize/_partials/header')
 6 SYSTEMPATH\View\View.php(224): include('D:\\Project\\Website\\PENJUALAN\\ci4app\\app\\Views\\modernize\\_partials\\template.php')
 7 SYSTEMPATH\View\View.php(227): CodeIgniter\View\View->CodeIgniter\View\{closure}()
 8 SYSTEMPATH\View\View.php(240): CodeIgniter\View\View->render('modernize/_partials/template', [], true)
 9 SYSTEMPATH\Common.php(1180): CodeIgniter\View\View->render('modernize/transaksi/index', [], true)
10 APPPATH\Controllers\Transaksi.php(14): view('modernize/transaksi/index', [...])
11 SYSTEMPATH\CodeIgniter.php(932): App\Controllers\Transaksi->index()
12 SYSTEMPATH\CodeIgniter.php(497): CodeIgniter\CodeIgniter->runController(Object(App\Controllers\Transaksi))
13 SYSTEMPATH\CodeIgniter.php(366): CodeIgniter\CodeIgniter->handleRequest(null, Object(Config\Cache), false)
14 FCPATH\index.php(67): CodeIgniter\CodeIgniter->run()
15 SYSTEMPATH\Commands\Server\rewrite.php(47): require_once('D:\\Project\\Website\\PENJUALAN\\ci4app\\public\\index.php')
WARNING - 2023-11-04 11:28:53 --> [DEPRECATED] ucfirst(): Passing null to parameter #1 ($string) of type string is deprecated in APPPATH\Views\modernize\_partials\header.php on line 92.
 1 APPPATH\Views\modernize\_partials\header.php(92): ucfirst(null)
 2 SYSTEMPATH\View\View.php(224): include('D:\\Project\\Website\\PENJUALAN\\ci4app\\app\\Views\\modernize\\_partials\\header.php')
 3 SYSTEMPATH\View\View.php(227): CodeIgniter\View\View->CodeIgniter\View\{closure}()
 4 SYSTEMPATH\View\View.php(452): CodeIgniter\View\View->render('modernize/_partials/header', null, true)
 5 APPPATH\Views\modernize\_partials\template.php(40): CodeIgniter\View\View->include('modernize/_partials/header')
 6 SYSTEMPATH\View\View.php(224): include('D:\\Project\\Website\\PENJUALAN\\ci4app\\app\\Views\\modernize\\_partials\\template.php')
 7 SYSTEMPATH\View\View.php(227): CodeIgniter\View\View->CodeIgniter\View\{closure}()
 8 SYSTEMPATH\View\View.php(240): CodeIgniter\View\View->render('modernize/_partials/template', [], true)
 9 SYSTEMPATH\Common.php(1180): CodeIgniter\View\View->render('modernize/transaksi/index', [], true)
10 APPPATH\Controllers\Transaksi.php(14): view('modernize/transaksi/index', [...])
11 SYSTEMPATH\CodeIgniter.php(932): App\Controllers\Transaksi->index()
12 SYSTEMPATH\CodeIgniter.php(497): CodeIgniter\CodeIgniter->runController(Object(App\Controllers\Transaksi))
13 SYSTEMPATH\CodeIgniter.php(366): CodeIgniter\CodeIgniter->handleRequest(null, Object(Config\Cache), false)
14 FCPATH\index.php(67): CodeIgniter\CodeIgniter->run()
15 SYSTEMPATH\Commands\Server\rewrite.php(47): require_once('D:\\Project\\Website\\PENJUALAN\\ci4app\\public\\index.php')
INFO - 2023-11-04 11:28:56 --> Session: Class initialized using 'CodeIgniter\Session\Handlers\FileHandler' driver.
WARNING - 2023-11-04 11:28:56 --> [DEPRECATED] ucfirst(): Passing null to parameter #1 ($string) of type string is deprecated in APPPATH\Views\modernize\_partials\header.php on line 91.
 1 APPPATH\Views\modernize\_partials\header.php(91): ucfirst(null)
 2 SYSTEMPATH\View\View.php(224): include('D:\\Project\\Website\\PENJUALAN\\ci4app\\app\\Views\\modernize\\_partials\\header.php')
 3 SYSTEMPATH\View\View.php(227): CodeIgniter\View\View->CodeIgniter\View\{closure}()
 4 SYSTEMPATH\View\View.php(452): CodeIgniter\View\View->render('modernize/_partials/header', null, true)
 5 APPPATH\Views\modernize\_partials\template.php(40): CodeIgniter\View\View->include('modernize/_partials/header')
 6 SYSTEMPATH\View\View.php(224): include('D:\\Project\\Website\\PENJUALAN\\ci4app\\app\\Views\\modernize\\_partials\\template.php')
 7 SYSTEMPATH\View\View.php(227): CodeIgniter\View\View->CodeIgniter\View\{closure}()
 8 SYSTEMPATH\View\View.php(240): CodeIgniter\View\View->render('modernize/_partials/template', [], true)
 9 SYSTEMPATH\Common.php(1180): CodeIgniter\View\View->render('modernize/dashboard/index', [], true)
10 APPPATH\Controllers\Dashboard.php(9): view('modernize/dashboard/index')
11 SYSTEMPATH\CodeIgniter.php(932): App\Controllers\Dashboard->index()
12 SYSTEMPATH\CodeIgniter.php(497): CodeIgniter\CodeIgniter->runController(Object(App\Controllers\Dashboard))
13 SYSTEMPATH\CodeIgniter.php(366): CodeIgniter\CodeIgniter->handleRequest(null, Object(Config\Cache), false)
14 FCPATH\index.php(67): CodeIgniter\CodeIgniter->run()
15 SYSTEMPATH\Commands\Server\rewrite.php(47): require_once('D:\\Project\\Website\\PENJUALAN\\ci4app\\public\\index.php')
WARNING - 2023-11-04 11:28:56 --> [DEPRECATED] ucfirst(): Passing null to parameter #1 ($string) of type string is deprecated in APPPATH\Views\modernize\_partials\header.php on line 92.
 1 APPPATH\Views\modernize\_partials\header.php(92): ucfirst(null)
 2 SYSTEMPATH\View\View.php(224): include('D:\\Project\\Website\\PENJUALAN\\ci4app\\app\\Views\\modernize\\_partials\\header.php')
 3 SYSTEMPATH\View\View.php(227): CodeIgniter\View\View->CodeIgniter\View\{closure}()
 4 SYSTEMPATH\View\View.php(452): CodeIgniter\View\View->render('modernize/_partials/header', null, true)
 5 APPPATH\Views\modernize\_partials\template.php(40): CodeIgniter\View\View->include('modernize/_partials/header')
 6 SYSTEMPATH\View\View.php(224): include('D:\\Project\\Website\\PENJUALAN\\ci4app\\app\\Views\\modernize\\_partials\\template.php')
 7 SYSTEMPATH\View\View.php(227): CodeIgniter\View\View->CodeIgniter\View\{closure}()
 8 SYSTEMPATH\View\View.php(240): CodeIgniter\View\View->render('modernize/_partials/template', [], true)
 9 SYSTEMPATH\Common.php(1180): CodeIgniter\View\View->render('modernize/dashboard/index', [], true)
10 APPPATH\Controllers\Dashboard.php(9): view('modernize/dashboard/index')
11 SYSTEMPATH\CodeIgniter.php(932): App\Controllers\Dashboard->index()
12 SYSTEMPATH\CodeIgniter.php(497): CodeIgniter\CodeIgniter->runController(Object(App\Controllers\Dashboard))
13 SYSTEMPATH\CodeIgniter.php(366): CodeIgniter\CodeIgniter->handleRequest(null, Object(Config\Cache), false)
14 FCPATH\index.php(67): CodeIgniter\CodeIgniter->run()
15 SYSTEMPATH\Commands\Server\rewrite.php(47): require_once('D:\\Project\\Website\\PENJUALAN\\ci4app\\public\\index.php')
INFO - 2023-11-04 11:29:05 --> Session: Class initialized using 'CodeIgniter\Session\Handlers\FileHandler' driver.
WARNING - 2023-11-04 11:29:05 --> [DEPRECATED] ucfirst(): Passing null to parameter #1 ($string) of type string is deprecated in APPPATH\Views\modernize\_partials\header.php on line 91.
 1 APPPATH\Views\modernize\_partials\header.php(91): ucfirst(null)
 2 SYSTEMPATH\View\View.php(224): include('D:\\Project\\Website\\PENJUALAN\\ci4app\\app\\Views\\modernize\\_partials\\header.php')
 3 SYSTEMPATH\View\View.php(227): CodeIgniter\View\View->CodeIgniter\View\{closure}()
 4 SYSTEMPATH\View\View.php(452): CodeIgniter\View\View->render('modernize/_partials/header', null, true)
 5 APPPATH\Views\modernize\_partials\template.php(40): CodeIgniter\View\View->include('modernize/_partials/header')
 6 SYSTEMPATH\View\View.php(224): include('D:\\Project\\Website\\PENJUALAN\\ci4app\\app\\Views\\modernize\\_partials\\template.php')
 7 SYSTEMPATH\View\View.php(227): CodeIgniter\View\View->CodeIgniter\View\{closure}()
 8 SYSTEMPATH\View\View.php(240): CodeIgniter\View\View->render('modernize/_partials/template', [], true)
 9 SYSTEMPATH\Common.php(1180): CodeIgniter\View\View->render('modernize/dashboard/index', [], true)
10 APPPATH\Controllers\Dashboard.php(9): view('modernize/dashboard/index')
11 SYSTEMPATH\CodeIgniter.php(932): App\Controllers\Dashboard->index()
12 SYSTEMPATH\CodeIgniter.php(497): CodeIgniter\CodeIgniter->runController(Object(App\Controllers\Dashboard))
13 SYSTEMPATH\CodeIgniter.php(366): CodeIgniter\CodeIgniter->handleRequest(null, Object(Config\Cache), false)
14 FCPATH\index.php(67): CodeIgniter\CodeIgniter->run()
15 SYSTEMPATH\Commands\Server\rewrite.php(47): require_once('D:\\Project\\Website\\PENJUALAN\\ci4app\\public\\index.php')
WARNING - 2023-11-04 11:29:05 --> [DEPRECATED] ucfirst(): Passing null to parameter #1 ($string) of type string is deprecated in APPPATH\Views\modernize\_partials\header.php on line 92.
 1 APPPATH\Views\modernize\_partials\header.php(92): ucfirst(null)
 2 SYSTEMPATH\View\View.php(224): include('D:\\Project\\Website\\PENJUALAN\\ci4app\\app\\Views\\modernize\\_partials\\header.php')
 3 SYSTEMPATH\View\View.php(227): CodeIgniter\View\View->CodeIgniter\View\{closure}()
 4 SYSTEMPATH\View\View.php(452): CodeIgniter\View\View->render('modernize/_partials/header', null, true)
 5 APPPATH\Views\modernize\_partials\template.php(40): CodeIgniter\View\View->include('modernize/_partials/header')
 6 SYSTEMPATH\View\View.php(224): include('D:\\Project\\Website\\PENJUALAN\\ci4app\\app\\Views\\modernize\\_partials\\template.php')
 7 SYSTEMPATH\View\View.php(227): CodeIgniter\View\View->CodeIgniter\View\{closure}()
 8 SYSTEMPATH\View\View.php(240): CodeIgniter\View\View->render('modernize/_partials/template', [], true)
 9 SYSTEMPATH\Common.php(1180): CodeIgniter\View\View->render('modernize/dashboard/index', [], true)
10 APPPATH\Controllers\Dashboard.php(9): view('modernize/dashboard/index')
11 SYSTEMPATH\CodeIgniter.php(932): App\Controllers\Dashboard->index()
12 SYSTEMPATH\CodeIgniter.php(497): CodeIgniter\CodeIgniter->runController(Object(App\Controllers\Dashboard))
13 SYSTEMPATH\CodeIgniter.php(366): CodeIgniter\CodeIgniter->handleRequest(null, Object(Config\Cache), false)
14 FCPATH\index.php(67): CodeIgniter\CodeIgniter->run()
15 SYSTEMPATH\Commands\Server\rewrite.php(47): require_once('D:\\Project\\Website\\PENJUALAN\\ci4app\\public\\index.php')
INFO - 2023-11-04 11:29:07 --> Session: Class initialized using 'CodeIgniter\Session\Handlers\FileHandler' driver.
WARNING - 2023-11-04 11:29:07 --> [DEPRECATED] ucfirst(): Passing null to parameter #1 ($string) of type string is deprecated in APPPATH\Views\modernize\_partials\header.php on line 91.
 1 APPPATH\Views\modernize\_partials\header.php(91): ucfirst(null)
 2 SYSTEMPATH\View\View.php(224): include('D:\\Project\\Website\\PENJUALAN\\ci4app\\app\\Views\\modernize\\_partials\\header.php')
 3 SYSTEMPATH\View\View.php(227): CodeIgniter\View\View->CodeIgniter\View\{closure}()
 4 SYSTEMPATH\View\View.php(452): CodeIgniter\View\View->render('modernize/_partials/header', null, true)
 5 APPPATH\Views\modernize\_partials\template.php(40): CodeIgniter\View\View->include('modernize/_partials/header')
 6 SYSTEMPATH\View\View.php(224): include('D:\\Project\\Website\\PENJUALAN\\ci4app\\app\\Views\\modernize\\_partials\\template.php')
 7 SYSTEMPATH\View\View.php(227): CodeIgniter\View\View->CodeIgniter\View\{closure}()
 8 SYSTEMPATH\View\View.php(240): CodeIgniter\View\View->render('modernize/_partials/template', [], true)
 9 SYSTEMPATH\Common.php(1180): CodeIgniter\View\View->render('modernize/master/produk/index', [], true)
10 APPPATH\Controllers\Produk.php(11): view('modernize/master/produk/index')
11 SYSTEMPATH\CodeIgniter.php(932): App\Controllers\Produk->index()
12 SYSTEMPATH\CodeIgniter.php(497): CodeIgniter\CodeIgniter->runController(Object(App\Controllers\Produk))
13 SYSTEMPATH\CodeIgniter.php(366): CodeIgniter\CodeIgniter->handleRequest(null, Object(Config\Cache), false)
14 FCPATH\index.php(67): CodeIgniter\CodeIgniter->run()
15 SYSTEMPATH\Commands\Server\rewrite.php(47): require_once('D:\\Project\\Website\\PENJUALAN\\ci4app\\public\\index.php')
WARNING - 2023-11-04 11:29:07 --> [DEPRECATED] ucfirst(): Passing null to parameter #1 ($string) of type string is deprecated in APPPATH\Views\modernize\_partials\header.php on line 92.
 1 APPPATH\Views\modernize\_partials\header.php(92): ucfirst(null)
 2 SYSTEMPATH\View\View.php(224): include('D:\\Project\\Website\\PENJUALAN\\ci4app\\app\\Views\\modernize\\_partials\\header.php')
 3 SYSTEMPATH\View\View.php(227): CodeIgniter\View\View->CodeIgniter\View\{closure}()
 4 SYSTEMPATH\View\View.php(452): CodeIgniter\View\View->render('modernize/_partials/header', null, true)
 5 APPPATH\Views\modernize\_partials\template.php(40): CodeIgniter\View\View->include('modernize/_partials/header')
 6 SYSTEMPATH\View\View.php(224): include('D:\\Project\\Website\\PENJUALAN\\ci4app\\app\\Views\\modernize\\_partials\\template.php')
 7 SYSTEMPATH\View\View.php(227): CodeIgniter\View\View->CodeIgniter\View\{closure}()
 8 SYSTEMPATH\View\View.php(240): CodeIgniter\View\View->render('modernize/_partials/template', [], true)
 9 SYSTEMPATH\Common.php(1180): CodeIgniter\View\View->render('modernize/master/produk/index', [], true)
10 APPPATH\Controllers\Produk.php(11): view('modernize/master/produk/index')
11 SYSTEMPATH\CodeIgniter.php(932): App\Controllers\Produk->index()
12 SYSTEMPATH\CodeIgniter.php(497): CodeIgniter\CodeIgniter->runController(Object(App\Controllers\Produk))
13 SYSTEMPATH\CodeIgniter.php(366): CodeIgniter\CodeIgniter->handleRequest(null, Object(Config\Cache), false)
14 FCPATH\index.php(67): CodeIgniter\CodeIgniter->run()
15 SYSTEMPATH\Commands\Server\rewrite.php(47): require_once('D:\\Project\\Website\\PENJUALAN\\ci4app\\public\\index.php')
INFO - 2023-11-04 11:29:52 --> Session: Class initialized using 'CodeIgniter\Session\Handlers\FileHandler' driver.
WARNING - 2023-11-04 11:29:52 --> [DEPRECATED] ucfirst(): Passing null to parameter #1 ($string) of type string is deprecated in APPPATH\Views\modernize\_partials\header.php on line 91.
 1 APPPATH\Views\modernize\_partials\header.php(91): ucfirst(null)
 2 SYSTEMPATH\View\View.php(224): include('D:\\Project\\Website\\PENJUALAN\\ci4app\\app\\Views\\modernize\\_partials\\header.php')
 3 SYSTEMPATH\View\View.php(227): CodeIgniter\View\View->CodeIgniter\View\{closure}()
 4 SYSTEMPATH\View\View.php(452): CodeIgniter\View\View->render('modernize/_partials/header', null, true)
 5 APPPATH\Views\modernize\_partials\template.php(40): CodeIgniter\View\View->include('modernize/_partials/header')
 6 SYSTEMPATH\View\View.php(224): include('D:\\Project\\Website\\PENJUALAN\\ci4app\\app\\Views\\modernize\\_partials\\template.php')
 7 SYSTEMPATH\View\View.php(227): CodeIgniter\View\View->CodeIgniter\View\{closure}()
 8 SYSTEMPATH\View\View.php(240): CodeIgniter\View\View->render('modernize/_partials/template', [], true)
 9 SYSTEMPATH\Common.php(1180): CodeIgniter\View\View->render('modernize/master/produk/index', [], true)
10 APPPATH\Controllers\Produk.php(11): view('modernize/master/produk/index')
11 SYSTEMPATH\CodeIgniter.php(932): App\Controllers\Produk->index()
12 SYSTEMPATH\CodeIgniter.php(497): CodeIgniter\CodeIgniter->runController(Object(App\Controllers\Produk))
13 SYSTEMPATH\CodeIgniter.php(366): CodeIgniter\CodeIgniter->handleRequest(null, Object(Config\Cache), false)
14 FCPATH\index.php(67): CodeIgniter\CodeIgniter->run()
15 SYSTEMPATH\Commands\Server\rewrite.php(47): require_once('D:\\Project\\Website\\PENJUALAN\\ci4app\\public\\index.php')
WARNING - 2023-11-04 11:29:52 --> [DEPRECATED] ucfirst(): Passing null to parameter #1 ($string) of type string is deprecated in APPPATH\Views\modernize\_partials\header.php on line 92.
 1 APPPATH\Views\modernize\_partials\header.php(92): ucfirst(null)
 2 SYSTEMPATH\View\View.php(224): include('D:\\Project\\Website\\PENJUALAN\\ci4app\\app\\Views\\modernize\\_partials\\header.php')
 3 SYSTEMPATH\View\View.php(227): CodeIgniter\View\View->CodeIgniter\View\{closure}()
 4 SYSTEMPATH\View\View.php(452): CodeIgniter\View\View->render('modernize/_partials/header', null, true)
 5 APPPATH\Views\modernize\_partials\template.php(40): CodeIgniter\View\View->include('modernize/_partials/header')
 6 SYSTEMPATH\View\View.php(224): include('D:\\Project\\Website\\PENJUALAN\\ci4app\\app\\Views\\modernize\\_partials\\template.php')
 7 SYSTEMPATH\View\View.php(227): CodeIgniter\View\View->CodeIgniter\View\{closure}()
 8 SYSTEMPATH\View\View.php(240): CodeIgniter\View\View->render('modernize/_partials/template', [], true)
 9 SYSTEMPATH\Common.php(1180): CodeIgniter\View\View->render('modernize/master/produk/index', [], true)
10 APPPATH\Controllers\Produk.php(11): view('modernize/master/produk/index')
11 SYSTEMPATH\CodeIgniter.php(932): App\Controllers\Produk->index()
12 SYSTEMPATH\CodeIgniter.php(497): CodeIgniter\CodeIgniter->runController(Object(App\Controllers\Produk))
13 SYSTEMPATH\CodeIgniter.php(366): CodeIgniter\CodeIgniter->handleRequest(null, Object(Config\Cache), false)
14 FCPATH\index.php(67): CodeIgniter\CodeIgniter->run()
15 SYSTEMPATH\Commands\Server\rewrite.php(47): require_once('D:\\Project\\Website\\PENJUALAN\\ci4app\\public\\index.php')
INFO - 2023-11-04 11:31:24 --> Session: Class initialized using 'CodeIgniter\Session\Handlers\FileHandler' driver.
WARNING - 2023-11-04 11:31:24 --> [DEPRECATED] ucfirst(): Passing null to parameter #1 ($string) of type string is deprecated in APPPATH\Views\modernize\_partials\header.php on line 91.
 1 APPPATH\Views\modernize\_partials\header.php(91): ucfirst(null)
 2 SYSTEMPATH\View\View.php(224): include('D:\\Project\\Website\\PENJUALAN\\ci4app\\app\\Views\\modernize\\_partials\\header.php')
 3 SYSTEMPATH\View\View.php(227): CodeIgniter\View\View->CodeIgniter\View\{closure}()
 4 SYSTEMPATH\View\View.php(452): CodeIgniter\View\View->render('modernize/_partials/header', null, true)
 5 APPPATH\Views\modernize\_partials\template.php(40): CodeIgniter\View\View->include('modernize/_partials/header')
 6 SYSTEMPATH\View\View.php(224): include('D:\\Project\\Website\\PENJUALAN\\ci4app\\app\\Views\\modernize\\_partials\\template.php')
 7 SYSTEMPATH\View\View.php(227): CodeIgniter\View\View->CodeIgniter\View\{closure}()
 8 SYSTEMPATH\View\View.php(240): CodeIgniter\View\View->render('modernize/_partials/template', [], true)
 9 SYSTEMPATH\Common.php(1180): CodeIgniter\View\View->render('modernize/master/produk/index', [], true)
10 APPPATH\Controllers\Produk.php(11): view('modernize/master/produk/index')
11 SYSTEMPATH\CodeIgniter.php(932): App\Controllers\Produk->index()
12 SYSTEMPATH\CodeIgniter.php(497): CodeIgniter\CodeIgniter->runController(Object(App\Controllers\Produk))
13 SYSTEMPATH\CodeIgniter.php(366): CodeIgniter\CodeIgniter->handleRequest(null, Object(Config\Cache), false)
14 FCPATH\index.php(67): CodeIgniter\CodeIgniter->run()
15 SYSTEMPATH\Commands\Server\rewrite.php(47): require_once('D:\\Project\\Website\\PENJUALAN\\ci4app\\public\\index.php')
WARNING - 2023-11-04 11:31:24 --> [DEPRECATED] ucfirst(): Passing null to parameter #1 ($string) of type string is deprecated in APPPATH\Views\modernize\_partials\header.php on line 92.
 1 APPPATH\Views\modernize\_partials\header.php(92): ucfirst(null)
 2 SYSTEMPATH\View\View.php(224): include('D:\\Project\\Website\\PENJUALAN\\ci4app\\app\\Views\\modernize\\_partials\\header.php')
 3 SYSTEMPATH\View\View.php(227): CodeIgniter\View\View->CodeIgniter\View\{closure}()
 4 SYSTEMPATH\View\View.php(452): CodeIgniter\View\View->render('modernize/_partials/header', null, true)
 5 APPPATH\Views\modernize\_partials\template.php(40): CodeIgniter\View\View->include('modernize/_partials/header')
 6 SYSTEMPATH\View\View.php(224): include('D:\\Project\\Website\\PENJUALAN\\ci4app\\app\\Views\\modernize\\_partials\\template.php')
 7 SYSTEMPATH\View\View.php(227): CodeIgniter\View\View->CodeIgniter\View\{closure}()
 8 SYSTEMPATH\View\View.php(240): CodeIgniter\View\View->render('modernize/_partials/template', [], true)
 9 SYSTEMPATH\Common.php(1180): CodeIgniter\View\View->render('modernize/master/produk/index', [], true)
10 APPPATH\Controllers\Produk.php(11): view('modernize/master/produk/index')
11 SYSTEMPATH\CodeIgniter.php(932): App\Controllers\Produk->index()
12 SYSTEMPATH\CodeIgniter.php(497): CodeIgniter\CodeIgniter->runController(Object(App\Controllers\Produk))
13 SYSTEMPATH\CodeIgniter.php(366): CodeIgniter\CodeIgniter->handleRequest(null, Object(Config\Cache), false)
14 FCPATH\index.php(67): CodeIgniter\CodeIgniter->run()
15 SYSTEMPATH\Commands\Server\rewrite.php(47): require_once('D:\\Project\\Website\\PENJUALAN\\ci4app\\public\\index.php')
INFO - 2023-11-04 11:31:37 --> Session: Class initialized using 'CodeIgniter\Session\Handlers\FileHandler' driver.
WARNING - 2023-11-04 11:31:37 --> [DEPRECATED] ucfirst(): Passing null to parameter #1 ($string) of type string is deprecated in APPPATH\Views\modernize\_partials\header.php on line 91.
 1 APPPATH\Views\modernize\_partials\header.php(91): ucfirst(null)
 2 SYSTEMPATH\View\View.php(224): include('D:\\Project\\Website\\PENJUALAN\\ci4app\\app\\Views\\modernize\\_partials\\header.php')
 3 SYSTEMPATH\View\View.php(227): CodeIgniter\View\View->CodeIgniter\View\{closure}()
 4 SYSTEMPATH\View\View.php(452): CodeIgniter\View\View->render('modernize/_partials/header', null, true)
 5 APPPATH\Views\modernize\_partials\template.php(40): CodeIgniter\View\View->include('modernize/_partials/header')
 6 SYSTEMPATH\View\View.php(224): include('D:\\Project\\Website\\PENJUALAN\\ci4app\\app\\Views\\modernize\\_partials\\template.php')
 7 SYSTEMPATH\View\View.php(227): CodeIgniter\View\View->CodeIgniter\View\{closure}()
 8 SYSTEMPATH\View\View.php(240): CodeIgniter\View\View->render('modernize/_partials/template', [], true)
 9 SYSTEMPATH\Common.php(1180): CodeIgniter\View\View->render('modernize/master/produk/index', [], true)
10 APPPATH\Controllers\Produk.php(11): view('modernize/master/produk/index')
11 SYSTEMPATH\CodeIgniter.php(932): App\Controllers\Produk->index()
12 SYSTEMPATH\CodeIgniter.php(497): CodeIgniter\CodeIgniter->runController(Object(App\Controllers\Produk))
13 SYSTEMPATH\CodeIgniter.php(366): CodeIgniter\CodeIgniter->handleRequest(null, Object(Config\Cache), false)
14 FCPATH\index.php(67): CodeIgniter\CodeIgniter->run()
15 SYSTEMPATH\Commands\Server\rewrite.php(47): require_once('D:\\Project\\Website\\PENJUALAN\\ci4app\\public\\index.php')
WARNING - 2023-11-04 11:31:37 --> [DEPRECATED] ucfirst(): Passing null to parameter #1 ($string) of type string is deprecated in APPPATH\Views\modernize\_partials\header.php on line 92.
 1 APPPATH\Views\modernize\_partials\header.php(92): ucfirst(null)
 2 SYSTEMPATH\View\View.php(224): include('D:\\Project\\Website\\PENJUALAN\\ci4app\\app\\Views\\modernize\\_partials\\header.php')
 3 SYSTEMPATH\View\View.php(227): CodeIgniter\View\View->CodeIgniter\View\{closure}()
 4 SYSTEMPATH\View\View.php(452): CodeIgniter\View\View->render('modernize/_partials/header', null, true)
 5 APPPATH\Views\modernize\_partials\template.php(40): CodeIgniter\View\View->include('modernize/_partials/header')
 6 SYSTEMPATH\View\View.php(224): include('D:\\Project\\Website\\PENJUALAN\\ci4app\\app\\Views\\modernize\\_partials\\template.php')
 7 SYSTEMPATH\View\View.php(227): CodeIgniter\View\View->CodeIgniter\View\{closure}()
 8 SYSTEMPATH\View\View.php(240): CodeIgniter\View\View->render('modernize/_partials/template', [], true)
 9 SYSTEMPATH\Common.php(1180): CodeIgniter\View\View->render('modernize/master/produk/index', [], true)
10 APPPATH\Controllers\Produk.php(11): view('modernize/master/produk/index')
11 SYSTEMPATH\CodeIgniter.php(932): App\Controllers\Produk->index()
12 SYSTEMPATH\CodeIgniter.php(497): CodeIgniter\CodeIgniter->runController(Object(App\Controllers\Produk))
13 SYSTEMPATH\CodeIgniter.php(366): CodeIgniter\CodeIgniter->handleRequest(null, Object(Config\Cache), false)
14 FCPATH\index.php(67): CodeIgniter\CodeIgniter->run()
15 SYSTEMPATH\Commands\Server\rewrite.php(47): require_once('D:\\Project\\Website\\PENJUALAN\\ci4app\\public\\index.php')
INFO - 2023-11-04 14:09:35 --> Session: Class initialized using 'CodeIgniter\Session\Handlers\FileHandler' driver.
WARNING - 2023-11-04 14:09:35 --> [DEPRECATED] ucfirst(): Passing null to parameter #1 ($string) of type string is deprecated in APPPATH\Views\modernize\_partials\header.php on line 91.
 1 APPPATH\Views\modernize\_partials\header.php(91): ucfirst(null)
 2 SYSTEMPATH\View\View.php(224): include('D:\\Project\\Website\\PENJUALAN\\ci4app\\app\\Views\\modernize\\_partials\\header.php')
 3 SYSTEMPATH\View\View.php(227): CodeIgniter\View\View->CodeIgniter\View\{closure}()
 4 SYSTEMPATH\View\View.php(452): CodeIgniter\View\View->render('modernize/_partials/header', null, true)
 5 APPPATH\Views\modernize\_partials\template.php(40): CodeIgniter\View\View->include('modernize/_partials/header')
 6 SYSTEMPATH\View\View.php(224): include('D:\\Project\\Website\\PENJUALAN\\ci4app\\app\\Views\\modernize\\_partials\\template.php')
 7 SYSTEMPATH\View\View.php(227): CodeIgniter\View\View->CodeIgniter\View\{closure}()
 8 SYSTEMPATH\View\View.php(240): CodeIgniter\View\View->render('modernize/_partials/template', [], true)
 9 SYSTEMPATH\Common.php(1180): CodeIgniter\View\View->render('modernize/master/produk/index', [], true)
10 APPPATH\Controllers\Produk.php(11): view('modernize/master/produk/index')
11 SYSTEMPATH\CodeIgniter.php(932): App\Controllers\Produk->index()
12 SYSTEMPATH\CodeIgniter.php(497): CodeIgniter\CodeIgniter->runController(Object(App\Controllers\Produk))
13 SYSTEMPATH\CodeIgniter.php(366): CodeIgniter\CodeIgniter->handleRequest(null, Object(Config\Cache), false)
14 FCPATH\index.php(67): CodeIgniter\CodeIgniter->run()
15 SYSTEMPATH\Commands\Server\rewrite.php(47): require_once('D:\\Project\\Website\\PENJUALAN\\ci4app\\public\\index.php')
WARNING - 2023-11-04 14:09:35 --> [DEPRECATED] ucfirst(): Passing null to parameter #1 ($string) of type string is deprecated in APPPATH\Views\modernize\_partials\header.php on line 92.
 1 APPPATH\Views\modernize\_partials\header.php(92): ucfirst(null)
 2 SYSTEMPATH\View\View.php(224): include('D:\\Project\\Website\\PENJUALAN\\ci4app\\app\\Views\\modernize\\_partials\\header.php')
 3 SYSTEMPATH\View\View.php(227): CodeIgniter\View\View->CodeIgniter\View\{closure}()
 4 SYSTEMPATH\View\View.php(452): CodeIgniter\View\View->render('modernize/_partials/header', null, true)
 5 APPPATH\Views\modernize\_partials\template.php(40): CodeIgniter\View\View->include('modernize/_partials/header')
 6 SYSTEMPATH\View\View.php(224): include('D:\\Project\\Website\\PENJUALAN\\ci4app\\app\\Views\\modernize\\_partials\\template.php')
 7 SYSTEMPATH\View\View.php(227): CodeIgniter\View\View->CodeIgniter\View\{closure}()
 8 SYSTEMPATH\View\View.php(240): CodeIgniter\View\View->render('modernize/_partials/template', [], true)
 9 SYSTEMPATH\Common.php(1180): CodeIgniter\View\View->render('modernize/master/produk/index', [], true)
10 APPPATH\Controllers\Produk.php(11): view('modernize/master/produk/index')
11 SYSTEMPATH\CodeIgniter.php(932): App\Controllers\Produk->index()
12 SYSTEMPATH\CodeIgniter.php(497): CodeIgniter\CodeIgniter->runController(Object(App\Controllers\Produk))
13 SYSTEMPATH\CodeIgniter.php(366): CodeIgniter\CodeIgniter->handleRequest(null, Object(Config\Cache), false)
14 FCPATH\index.php(67): CodeIgniter\CodeIgniter->run()
15 SYSTEMPATH\Commands\Server\rewrite.php(47): require_once('D:\\Project\\Website\\PENJUALAN\\ci4app\\public\\index.php')
INFO - 2023-11-04 14:09:38 --> Session: Class initialized using 'CodeIgniter\Session\Handlers\FileHandler' driver.
WARNING - 2023-11-04 14:09:38 --> [DEPRECATED] ucfirst(): Passing null to parameter #1 ($string) of type string is deprecated in APPPATH\Views\modernize\_partials\header.php on line 91.
 1 APPPATH\Views\modernize\_partials\header.php(91): ucfirst(null)
 2 SYSTEMPATH\View\View.php(224): include('D:\\Project\\Website\\PENJUALAN\\ci4app\\app\\Views\\modernize\\_partials\\header.php')
 3 SYSTEMPATH\View\View.php(227): CodeIgniter\View\View->CodeIgniter\View\{closure}()
 4 SYSTEMPATH\View\View.php(452): CodeIgniter\View\View->render('modernize/_partials/header', null, true)
 5 APPPATH\Views\modernize\_partials\template.php(40): CodeIgniter\View\View->include('modernize/_partials/header')
 6 SYSTEMPATH\View\View.php(224): include('D:\\Project\\Website\\PENJUALAN\\ci4app\\app\\Views\\modernize\\_partials\\template.php')
 7 SYSTEMPATH\View\View.php(227): CodeIgniter\View\View->CodeIgniter\View\{closure}()
 8 SYSTEMPATH\View\View.php(240): CodeIgniter\View\View->render('modernize/_partials/template', [], true)
 9 SYSTEMPATH\Common.php(1180): CodeIgniter\View\View->render('modernize/master/produk/index', [], true)
10 APPPATH\Controllers\Produk.php(11): view('modernize/master/produk/index')
11 SYSTEMPATH\CodeIgniter.php(932): App\Controllers\Produk->index()
12 SYSTEMPATH\CodeIgniter.php(497): CodeIgniter\CodeIgniter->runController(Object(App\Controllers\Produk))
13 SYSTEMPATH\CodeIgniter.php(366): CodeIgniter\CodeIgniter->handleRequest(null, Object(Config\Cache), false)
14 FCPATH\index.php(67): CodeIgniter\CodeIgniter->run()
15 SYSTEMPATH\Commands\Server\rewrite.php(47): require_once('D:\\Project\\Website\\PENJUALAN\\ci4app\\public\\index.php')
WARNING - 2023-11-04 14:09:38 --> [DEPRECATED] ucfirst(): Passing null to parameter #1 ($string) of type string is deprecated in APPPATH\Views\modernize\_partials\header.php on line 92.
 1 APPPATH\Views\modernize\_partials\header.php(92): ucfirst(null)
 2 SYSTEMPATH\View\View.php(224): include('D:\\Project\\Website\\PENJUALAN\\ci4app\\app\\Views\\modernize\\_partials\\header.php')
 3 SYSTEMPATH\View\View.php(227): CodeIgniter\View\View->CodeIgniter\View\{closure}()
 4 SYSTEMPATH\View\View.php(452): CodeIgniter\View\View->render('modernize/_partials/header', null, true)
 5 APPPATH\Views\modernize\_partials\template.php(40): CodeIgniter\View\View->include('modernize/_partials/header')
 6 SYSTEMPATH\View\View.php(224): include('D:\\Project\\Website\\PENJUALAN\\ci4app\\app\\Views\\modernize\\_partials\\template.php')
 7 SYSTEMPATH\View\View.php(227): CodeIgniter\View\View->CodeIgniter\View\{closure}()
 8 SYSTEMPATH\View\View.php(240): CodeIgniter\View\View->render('modernize/_partials/template', [], true)
 9 SYSTEMPATH\Common.php(1180): CodeIgniter\View\View->render('modernize/master/produk/index', [], true)
10 APPPATH\Controllers\Produk.php(11): view('modernize/master/produk/index')
11 SYSTEMPATH\CodeIgniter.php(932): App\Controllers\Produk->index()
12 SYSTEMPATH\CodeIgniter.php(497): CodeIgniter\CodeIgniter->runController(Object(App\Controllers\Produk))
13 SYSTEMPATH\CodeIgniter.php(366): CodeIgniter\CodeIgniter->handleRequest(null, Object(Config\Cache), false)
14 FCPATH\index.php(67): CodeIgniter\CodeIgniter->run()
15 SYSTEMPATH\Commands\Server\rewrite.php(47): require_once('D:\\Project\\Website\\PENJUALAN\\ci4app\\public\\index.php')
INFO - 2023-11-04 14:09:51 --> Session: Class initialized using 'CodeIgniter\Session\Handlers\FileHandler' driver.
WARNING - 2023-11-04 14:09:51 --> [DEPRECATED] ucfirst(): Passing null to parameter #1 ($string) of type string is deprecated in APPPATH\Views\modernize\_partials\header.php on line 91.
 1 APPPATH\Views\modernize\_partials\header.php(91): ucfirst(null)
 2 SYSTEMPATH\View\View.php(224): include('D:\\Project\\Website\\PENJUALAN\\ci4app\\app\\Views\\modernize\\_partials\\header.php')
 3 SYSTEMPATH\View\View.php(227): CodeIgniter\View\View->CodeIgniter\View\{closure}()
 4 SYSTEMPATH\View\View.php(452): CodeIgniter\View\View->render('modernize/_partials/header', null, true)
 5 APPPATH\Views\modernize\_partials\template.php(40): CodeIgniter\View\View->include('modernize/_partials/header')
 6 SYSTEMPATH\View\View.php(224): include('D:\\Project\\Website\\PENJUALAN\\ci4app\\app\\Views\\modernize\\_partials\\template.php')
 7 SYSTEMPATH\View\View.php(227): CodeIgniter\View\View->CodeIgniter\View\{closure}()
 8 SYSTEMPATH\View\View.php(240): CodeIgniter\View\View->render('modernize/_partials/template', [], true)
 9 SYSTEMPATH\Common.php(1180): CodeIgniter\View\View->render('modernize/master/produk/index', [], true)
10 APPPATH\Controllers\Produk.php(11): view('modernize/master/produk/index')
11 SYSTEMPATH\CodeIgniter.php(932): App\Controllers\Produk->index()
12 SYSTEMPATH\CodeIgniter.php(497): CodeIgniter\CodeIgniter->runController(Object(App\Controllers\Produk))
13 SYSTEMPATH\CodeIgniter.php(366): CodeIgniter\CodeIgniter->handleRequest(null, Object(Config\Cache), false)
14 FCPATH\index.php(67): CodeIgniter\CodeIgniter->run()
15 SYSTEMPATH\Commands\Server\rewrite.php(47): require_once('D:\\Project\\Website\\PENJUALAN\\ci4app\\public\\index.php')
WARNING - 2023-11-04 14:09:51 --> [DEPRECATED] ucfirst(): Passing null to parameter #1 ($string) of type string is deprecated in APPPATH\Views\modernize\_partials\header.php on line 92.
 1 APPPATH\Views\modernize\_partials\header.php(92): ucfirst(null)
 2 SYSTEMPATH\View\View.php(224): include('D:\\Project\\Website\\PENJUALAN\\ci4app\\app\\Views\\modernize\\_partials\\header.php')
 3 SYSTEMPATH\View\View.php(227): CodeIgniter\View\View->CodeIgniter\View\{closure}()
 4 SYSTEMPATH\View\View.php(452): CodeIgniter\View\View->render('modernize/_partials/header', null, true)
 5 APPPATH\Views\modernize\_partials\template.php(40): CodeIgniter\View\View->include('modernize/_partials/header')
 6 SYSTEMPATH\View\View.php(224): include('D:\\Project\\Website\\PENJUALAN\\ci4app\\app\\Views\\modernize\\_partials\\template.php')
 7 SYSTEMPATH\View\View.php(227): CodeIgniter\View\View->CodeIgniter\View\{closure}()
 8 SYSTEMPATH\View\View.php(240): CodeIgniter\View\View->render('modernize/_partials/template', [], true)
 9 SYSTEMPATH\Common.php(1180): CodeIgniter\View\View->render('modernize/master/produk/index', [], true)
10 APPPATH\Controllers\Produk.php(11): view('modernize/master/produk/index')
11 SYSTEMPATH\CodeIgniter.php(932): App\Controllers\Produk->index()
12 SYSTEMPATH\CodeIgniter.php(497): CodeIgniter\CodeIgniter->runController(Object(App\Controllers\Produk))
13 SYSTEMPATH\CodeIgniter.php(366): CodeIgniter\CodeIgniter->handleRequest(null, Object(Config\Cache), false)
14 FCPATH\index.php(67): CodeIgniter\CodeIgniter->run()
15 SYSTEMPATH\Commands\Server\rewrite.php(47): require_once('D:\\Project\\Website\\PENJUALAN\\ci4app\\public\\index.php')
