INFO - 2023-11-02 07:17:20 --> Session: Class initialized using 'CodeIgniter\Session\Handlers\FileHandler' driver.
WARNING - 2023-11-02 07:17:20 --> [DEPRECATED] ucfirst(): Passing null to parameter #1 ($string) of type string is deprecated in APPPATH\Views\modernize\_partials\header.php on line 91.
 1 APPPATH\Views\modernize\_partials\header.php(91): ucfirst(null)
 2 SYSTEMPATH\View\View.php(224): include('D:\\Project\\Website\\PENJUALAN\\ci4app\\app\\Views\\modernize\\_partials\\header.php')
 3 SYSTEMPATH\View\View.php(227): CodeIgniter\View\View->CodeIgniter\View\{closure}()
 4 SYSTEMPATH\View\View.php(452): CodeIgniter\View\View->render('modernize/_partials/header', null, true)
 5 APPPATH\Views\modernize\_partials\template.php(40): CodeIgniter\View\View->include('modernize/_partials/header')
 6 SYSTEMPATH\View\View.php(224): include('D:\\Project\\Website\\PENJUALAN\\ci4app\\app\\Views\\modernize\\_partials\\template.php')
 7 SYSTEMPATH\View\View.php(227): CodeIgniter\View\View->CodeIgniter\View\{closure}()
 8 SYSTEMPATH\View\View.php(240): CodeIgniter\View\View->render('modernize/_partials/template', [], true)
 9 SYSTEMPATH\Common.php(1180): CodeIgniter\View\View->render('modernize/dashboard/index', [], true)
10 APPPATH\Controllers\Dashboard.php(9): view('modernize/dashboard/index')
11 SYSTEMPATH\CodeIgniter.php(932): App\Controllers\Dashboard->index()
12 SYSTEMPATH\CodeIgniter.php(497): CodeIgniter\CodeIgniter->runController(Object(App\Controllers\Dashboard))
13 SYSTEMPATH\CodeIgniter.php(366): CodeIgniter\CodeIgniter->handleRequest(null, Object(Config\Cache), false)
14 FCPATH\index.php(67): CodeIgniter\CodeIgniter->run()
15 SYSTEMPATH\Commands\Server\rewrite.php(47): require_once('D:\\Project\\Website\\PENJUALAN\\ci4app\\public\\index.php')
WARNING - 2023-11-02 07:17:20 --> [DEPRECATED] ucfirst(): Passing null to parameter #1 ($string) of type string is deprecated in APPPATH\Views\modernize\_partials\header.php on line 92.
 1 APPPATH\Views\modernize\_partials\header.php(92): ucfirst(null)
 2 SYSTEMPATH\View\View.php(224): include('D:\\Project\\Website\\PENJUALAN\\ci4app\\app\\Views\\modernize\\_partials\\header.php')
 3 SYSTEMPATH\View\View.php(227): CodeIgniter\View\View->CodeIgniter\View\{closure}()
 4 SYSTEMPATH\View\View.php(452): CodeIgniter\View\View->render('modernize/_partials/header', null, true)
 5 APPPATH\Views\modernize\_partials\template.php(40): CodeIgniter\View\View->include('modernize/_partials/header')
 6 SYSTEMPATH\View\View.php(224): include('D:\\Project\\Website\\PENJUALAN\\ci4app\\app\\Views\\modernize\\_partials\\template.php')
 7 SYSTEMPATH\View\View.php(227): CodeIgniter\View\View->CodeIgniter\View\{closure}()
 8 SYSTEMPATH\View\View.php(240): CodeIgniter\View\View->render('modernize/_partials/template', [], true)
 9 SYSTEMPATH\Common.php(1180): CodeIgniter\View\View->render('modernize/dashboard/index', [], true)
10 APPPATH\Controllers\Dashboard.php(9): view('modernize/dashboard/index')
11 SYSTEMPATH\CodeIgniter.php(932): App\Controllers\Dashboard->index()
12 SYSTEMPATH\CodeIgniter.php(497): CodeIgniter\CodeIgniter->runController(Object(App\Controllers\Dashboard))
13 SYSTEMPATH\CodeIgniter.php(366): CodeIgniter\CodeIgniter->handleRequest(null, Object(Config\Cache), false)
14 FCPATH\index.php(67): CodeIgniter\CodeIgniter->run()
15 SYSTEMPATH\Commands\Server\rewrite.php(47): require_once('D:\\Project\\Website\\PENJUALAN\\ci4app\\public\\index.php')
ERROR - 2023-11-02 07:17:28 --> mysqli_sql_exception: Table 'pjl.progres_produksi' doesn't exist in D:\Project\Website\PENJUALAN\ci4app\vendor\codeigniter4\framework\system\Database\MySQLi\Connection.php:295
Stack trace:
#0 D:\Project\Website\PENJUALAN\ci4app\vendor\codeigniter4\framework\system\Database\MySQLi\Connection.php(295): mysqli->query('SELECT `progres...', 0)
#1 D:\Project\Website\PENJUALAN\ci4app\vendor\codeigniter4\framework\system\Database\BaseConnection.php(692): CodeIgniter\Database\MySQLi\Connection->execute('SELECT `progres...')
#2 D:\Project\Website\PENJUALAN\ci4app\vendor\codeigniter4\framework\system\Database\BaseConnection.php(606): CodeIgniter\Database\BaseConnection->simpleQuery('SELECT `progres...')
#3 D:\Project\Website\PENJUALAN\ci4app\vendor\codeigniter4\framework\system\Database\BaseBuilder.php(1616): CodeIgniter\Database\BaseConnection->query('SELECT `progres...', Array, false)
#4 D:\Project\Website\PENJUALAN\ci4app\vendor\codeigniter4\framework\system\Model.php(836): CodeIgniter\Database\BaseBuilder->get()
#5 D:\Project\Website\PENJUALAN\ci4app\app\Models\ProgresProduksiModel.php(18): CodeIgniter\Model->__call('get', Array)
#6 D:\Project\Website\PENJUALAN\ci4app\app\Controllers\ProgresProduksi.php(14): App\Models\ProgresProduksiModel->getProgresProduksi()
#7 D:\Project\Website\PENJUALAN\ci4app\vendor\codeigniter4\framework\system\CodeIgniter.php(932): App\Controllers\progresproduksi->index()
#8 D:\Project\Website\PENJUALAN\ci4app\vendor\codeigniter4\framework\system\CodeIgniter.php(497): CodeIgniter\CodeIgniter->runController(Object(App\Controllers\progresproduksi))
#9 D:\Project\Website\PENJUALAN\ci4app\vendor\codeigniter4\framework\system\CodeIgniter.php(366): CodeIgniter\CodeIgniter->handleRequest(NULL, Object(Config\Cache), false)
#10 D:\Project\Website\PENJUALAN\ci4app\public\index.php(67): CodeIgniter\CodeIgniter->run()
#11 D:\Project\Website\PENJUALAN\ci4app\vendor\codeigniter4\framework\system\Commands\Server\rewrite.php(47): require_once('D:\\Project\\Webs...')
#12 {main}
CRITICAL - 2023-11-02 07:17:28 --> Table 'pjl.progres_produksi' doesn't exist
in SYSTEMPATH\Database\MySQLi\Connection.php on line 295.
 1 SYSTEMPATH\Database\MySQLi\Connection.php(295): mysqli->query('SELECT `progres_produksi`.*, `permintaan_produksi`.`id_produksi`, `permintaan_produksi`.`nama_barang`, `permintaan_produksi`.`jumlah`
FROM `progres_produksi`
JOIN `permintaan_produksi` ON `progres_produksi`.`id_produksi` = `permintaan_produksi`.`id_produksi`
WHERE `status_produksi` != \'selesai\'', 0)
 2 SYSTEMPATH\Database\BaseConnection.php(692): CodeIgniter\Database\MySQLi\Connection->execute('SELECT `progres_produksi`.*, `permintaan_produksi`.`id_produksi`, `permintaan_produksi`.`nama_barang`, `permintaan_produksi`.`jumlah`
FROM `progres_produksi`
JOIN `permintaan_produksi` ON `progres_produksi`.`id_produksi` = `permintaan_produksi`.`id_produksi`
WHERE `status_produksi` != \'selesai\'')
 3 SYSTEMPATH\Database\BaseConnection.php(606): CodeIgniter\Database\BaseConnection->simpleQuery('SELECT `progres_produksi`.*, `permintaan_produksi`.`id_produksi`, `permintaan_produksi`.`nama_barang`, `permintaan_produksi`.`jumlah`
FROM `progres_produksi`
JOIN `permintaan_produksi` ON `progres_produksi`.`id_produksi` = `permintaan_produksi`.`id_produksi`
WHERE `status_produksi` != \'selesai\'')
 4 SYSTEMPATH\Database\BaseBuilder.php(1616): CodeIgniter\Database\BaseConnection->query('SELECT `progres_produksi`.*, `permintaan_produksi`.`id_produksi`, `permintaan_produksi`.`nama_barang`, `permintaan_produksi`.`jumlah`
FROM `progres_produksi`
JOIN `permintaan_produksi` ON `progres_produksi`.`id_produksi` = `permintaan_produksi`.`id_produksi`
WHERE `status_produksi` != :status_produksi:', [...], false)
 5 SYSTEMPATH\Model.php(836): CodeIgniter\Database\BaseBuilder->get()
 6 APPPATH\Models\ProgresProduksiModel.php(18): CodeIgniter\Model->__call('get', [])
 7 APPPATH\Controllers\ProgresProduksi.php(14): App\Models\ProgresProduksiModel->getProgresProduksi()
 8 SYSTEMPATH\CodeIgniter.php(932): App\Controllers\progresproduksi->index()
 9 SYSTEMPATH\CodeIgniter.php(497): CodeIgniter\CodeIgniter->runController(Object(App\Controllers\progresproduksi))
10 SYSTEMPATH\CodeIgniter.php(366): CodeIgniter\CodeIgniter->handleRequest(null, Object(Config\Cache), false)
11 FCPATH\index.php(67): CodeIgniter\CodeIgniter->run()
12 SYSTEMPATH\Commands\Server\rewrite.php(47): require_once('D:\\Project\\Website\\PENJUALAN\\ci4app\\public\\index.php')
INFO - 2023-11-02 07:17:30 --> Session: Class initialized using 'CodeIgniter\Session\Handlers\FileHandler' driver.
WARNING - 2023-11-02 07:17:30 --> [DEPRECATED] ucfirst(): Passing null to parameter #1 ($string) of type string is deprecated in APPPATH\Views\modernize\_partials\header.php on line 91.
 1 APPPATH\Views\modernize\_partials\header.php(91): ucfirst(null)
 2 SYSTEMPATH\View\View.php(224): include('D:\\Project\\Website\\PENJUALAN\\ci4app\\app\\Views\\modernize\\_partials\\header.php')
 3 SYSTEMPATH\View\View.php(227): CodeIgniter\View\View->CodeIgniter\View\{closure}()
 4 SYSTEMPATH\View\View.php(452): CodeIgniter\View\View->render('modernize/_partials/header', null, true)
 5 APPPATH\Views\modernize\_partials\template.php(40): CodeIgniter\View\View->include('modernize/_partials/header')
 6 SYSTEMPATH\View\View.php(224): include('D:\\Project\\Website\\PENJUALAN\\ci4app\\app\\Views\\modernize\\_partials\\template.php')
 7 SYSTEMPATH\View\View.php(227): CodeIgniter\View\View->CodeIgniter\View\{closure}()
 8 SYSTEMPATH\View\View.php(240): CodeIgniter\View\View->render('modernize/_partials/template', [], true)
 9 SYSTEMPATH\Common.php(1180): CodeIgniter\View\View->render('modernize/dashboard/index', [], true)
10 APPPATH\Controllers\Dashboard.php(9): view('modernize/dashboard/index')
11 SYSTEMPATH\CodeIgniter.php(932): App\Controllers\Dashboard->index()
12 SYSTEMPATH\CodeIgniter.php(497): CodeIgniter\CodeIgniter->runController(Object(App\Controllers\Dashboard))
13 SYSTEMPATH\CodeIgniter.php(366): CodeIgniter\CodeIgniter->handleRequest(null, Object(Config\Cache), false)
14 FCPATH\index.php(67): CodeIgniter\CodeIgniter->run()
15 SYSTEMPATH\Commands\Server\rewrite.php(47): require_once('D:\\Project\\Website\\PENJUALAN\\ci4app\\public\\index.php')
WARNING - 2023-11-02 07:17:30 --> [DEPRECATED] ucfirst(): Passing null to parameter #1 ($string) of type string is deprecated in APPPATH\Views\modernize\_partials\header.php on line 92.
 1 APPPATH\Views\modernize\_partials\header.php(92): ucfirst(null)
 2 SYSTEMPATH\View\View.php(224): include('D:\\Project\\Website\\PENJUALAN\\ci4app\\app\\Views\\modernize\\_partials\\header.php')
 3 SYSTEMPATH\View\View.php(227): CodeIgniter\View\View->CodeIgniter\View\{closure}()
 4 SYSTEMPATH\View\View.php(452): CodeIgniter\View\View->render('modernize/_partials/header', null, true)
 5 APPPATH\Views\modernize\_partials\template.php(40): CodeIgniter\View\View->include('modernize/_partials/header')
 6 SYSTEMPATH\View\View.php(224): include('D:\\Project\\Website\\PENJUALAN\\ci4app\\app\\Views\\modernize\\_partials\\template.php')
 7 SYSTEMPATH\View\View.php(227): CodeIgniter\View\View->CodeIgniter\View\{closure}()
 8 SYSTEMPATH\View\View.php(240): CodeIgniter\View\View->render('modernize/_partials/template', [], true)
 9 SYSTEMPATH\Common.php(1180): CodeIgniter\View\View->render('modernize/dashboard/index', [], true)
10 APPPATH\Controllers\Dashboard.php(9): view('modernize/dashboard/index')
11 SYSTEMPATH\CodeIgniter.php(932): App\Controllers\Dashboard->index()
12 SYSTEMPATH\CodeIgniter.php(497): CodeIgniter\CodeIgniter->runController(Object(App\Controllers\Dashboard))
13 SYSTEMPATH\CodeIgniter.php(366): CodeIgniter\CodeIgniter->handleRequest(null, Object(Config\Cache), false)
14 FCPATH\index.php(67): CodeIgniter\CodeIgniter->run()
15 SYSTEMPATH\Commands\Server\rewrite.php(47): require_once('D:\\Project\\Website\\PENJUALAN\\ci4app\\public\\index.php')
INFO - 2023-11-02 07:20:14 --> Session: Class initialized using 'CodeIgniter\Session\Handlers\FileHandler' driver.
INFO - 2023-11-02 07:20:14 --> Session: Class initialized using 'CodeIgniter\Session\Handlers\FileHandler' driver.
INFO - 2023-11-02 07:20:23 --> Session: Class initialized using 'CodeIgniter\Session\Handlers\FileHandler' driver.
WARNING - 2023-11-02 07:20:23 --> [DEPRECATED] ucfirst(): Passing null to parameter #1 ($string) of type string is deprecated in APPPATH\Views\modernize\_partials\header.php on line 91.
 1 APPPATH\Views\modernize\_partials\header.php(91): ucfirst(null)
 2 SYSTEMPATH\View\View.php(224): include('D:\\Project\\Website\\PENJUALAN\\ci4app\\app\\Views\\modernize\\_partials\\header.php')
 3 SYSTEMPATH\View\View.php(227): CodeIgniter\View\View->CodeIgniter\View\{closure}()
 4 SYSTEMPATH\View\View.php(452): CodeIgniter\View\View->render('modernize/_partials/header', null, true)
 5 APPPATH\Views\modernize\_partials\template.php(40): CodeIgniter\View\View->include('modernize/_partials/header')
 6 SYSTEMPATH\View\View.php(224): include('D:\\Project\\Website\\PENJUALAN\\ci4app\\app\\Views\\modernize\\_partials\\template.php')
 7 SYSTEMPATH\View\View.php(227): CodeIgniter\View\View->CodeIgniter\View\{closure}()
 8 SYSTEMPATH\View\View.php(240): CodeIgniter\View\View->render('modernize/_partials/template', [], true)
 9 SYSTEMPATH\Common.php(1180): CodeIgniter\View\View->render('modernize/dashboard/index', [], true)
10 APPPATH\Controllers\Dashboard.php(9): view('modernize/dashboard/index')
11 SYSTEMPATH\CodeIgniter.php(932): App\Controllers\Dashboard->index()
12 SYSTEMPATH\CodeIgniter.php(497): CodeIgniter\CodeIgniter->runController(Object(App\Controllers\Dashboard))
13 SYSTEMPATH\CodeIgniter.php(366): CodeIgniter\CodeIgniter->handleRequest(null, Object(Config\Cache), false)
14 FCPATH\index.php(67): CodeIgniter\CodeIgniter->run()
15 SYSTEMPATH\Commands\Server\rewrite.php(47): require_once('D:\\Project\\Website\\PENJUALAN\\ci4app\\public\\index.php')
WARNING - 2023-11-02 07:20:23 --> [DEPRECATED] ucfirst(): Passing null to parameter #1 ($string) of type string is deprecated in APPPATH\Views\modernize\_partials\header.php on line 92.
 1 APPPATH\Views\modernize\_partials\header.php(92): ucfirst(null)
 2 SYSTEMPATH\View\View.php(224): include('D:\\Project\\Website\\PENJUALAN\\ci4app\\app\\Views\\modernize\\_partials\\header.php')
 3 SYSTEMPATH\View\View.php(227): CodeIgniter\View\View->CodeIgniter\View\{closure}()
 4 SYSTEMPATH\View\View.php(452): CodeIgniter\View\View->render('modernize/_partials/header', null, true)
 5 APPPATH\Views\modernize\_partials\template.php(40): CodeIgniter\View\View->include('modernize/_partials/header')
 6 SYSTEMPATH\View\View.php(224): include('D:\\Project\\Website\\PENJUALAN\\ci4app\\app\\Views\\modernize\\_partials\\template.php')
 7 SYSTEMPATH\View\View.php(227): CodeIgniter\View\View->CodeIgniter\View\{closure}()
 8 SYSTEMPATH\View\View.php(240): CodeIgniter\View\View->render('modernize/_partials/template', [], true)
 9 SYSTEMPATH\Common.php(1180): CodeIgniter\View\View->render('modernize/dashboard/index', [], true)
10 APPPATH\Controllers\Dashboard.php(9): view('modernize/dashboard/index')
11 SYSTEMPATH\CodeIgniter.php(932): App\Controllers\Dashboard->index()
12 SYSTEMPATH\CodeIgniter.php(497): CodeIgniter\CodeIgniter->runController(Object(App\Controllers\Dashboard))
13 SYSTEMPATH\CodeIgniter.php(366): CodeIgniter\CodeIgniter->handleRequest(null, Object(Config\Cache), false)
14 FCPATH\index.php(67): CodeIgniter\CodeIgniter->run()
15 SYSTEMPATH\Commands\Server\rewrite.php(47): require_once('D:\\Project\\Website\\PENJUALAN\\ci4app\\public\\index.php')
INFO - 2023-11-02 07:23:18 --> Session: Class initialized using 'CodeIgniter\Session\Handlers\FileHandler' driver.
INFO - 2023-11-02 07:23:18 --> Session: Class initialized using 'CodeIgniter\Session\Handlers\FileHandler' driver.
INFO - 2023-11-02 07:23:23 --> Session: Class initialized using 'CodeIgniter\Session\Handlers\FileHandler' driver.
WARNING - 2023-11-02 07:23:23 --> [DEPRECATED] ucfirst(): Passing null to parameter #1 ($string) of type string is deprecated in APPPATH\Views\modernize\_partials\header.php on line 91.
 1 APPPATH\Views\modernize\_partials\header.php(91): ucfirst(null)
 2 SYSTEMPATH\View\View.php(224): include('D:\\Project\\Website\\PENJUALAN\\ci4app\\app\\Views\\modernize\\_partials\\header.php')
 3 SYSTEMPATH\View\View.php(227): CodeIgniter\View\View->CodeIgniter\View\{closure}()
 4 SYSTEMPATH\View\View.php(452): CodeIgniter\View\View->render('modernize/_partials/header', null, true)
 5 APPPATH\Views\modernize\_partials\template.php(40): CodeIgniter\View\View->include('modernize/_partials/header')
 6 SYSTEMPATH\View\View.php(224): include('D:\\Project\\Website\\PENJUALAN\\ci4app\\app\\Views\\modernize\\_partials\\template.php')
 7 SYSTEMPATH\View\View.php(227): CodeIgniter\View\View->CodeIgniter\View\{closure}()
 8 SYSTEMPATH\View\View.php(240): CodeIgniter\View\View->render('modernize/_partials/template', [], true)
 9 SYSTEMPATH\Common.php(1180): CodeIgniter\View\View->render('modernize/dashboard/index', [], true)
10 APPPATH\Controllers\Dashboard.php(9): view('modernize/dashboard/index')
11 SYSTEMPATH\CodeIgniter.php(932): App\Controllers\Dashboard->index()
12 SYSTEMPATH\CodeIgniter.php(497): CodeIgniter\CodeIgniter->runController(Object(App\Controllers\Dashboard))
13 SYSTEMPATH\CodeIgniter.php(366): CodeIgniter\CodeIgniter->handleRequest(null, Object(Config\Cache), false)
14 FCPATH\index.php(67): CodeIgniter\CodeIgniter->run()
15 SYSTEMPATH\Commands\Server\rewrite.php(47): require_once('D:\\Project\\Website\\PENJUALAN\\ci4app\\public\\index.php')
WARNING - 2023-11-02 07:23:23 --> [DEPRECATED] ucfirst(): Passing null to parameter #1 ($string) of type string is deprecated in APPPATH\Views\modernize\_partials\header.php on line 92.
 1 APPPATH\Views\modernize\_partials\header.php(92): ucfirst(null)
 2 SYSTEMPATH\View\View.php(224): include('D:\\Project\\Website\\PENJUALAN\\ci4app\\app\\Views\\modernize\\_partials\\header.php')
 3 SYSTEMPATH\View\View.php(227): CodeIgniter\View\View->CodeIgniter\View\{closure}()
 4 SYSTEMPATH\View\View.php(452): CodeIgniter\View\View->render('modernize/_partials/header', null, true)
 5 APPPATH\Views\modernize\_partials\template.php(40): CodeIgniter\View\View->include('modernize/_partials/header')
 6 SYSTEMPATH\View\View.php(224): include('D:\\Project\\Website\\PENJUALAN\\ci4app\\app\\Views\\modernize\\_partials\\template.php')
 7 SYSTEMPATH\View\View.php(227): CodeIgniter\View\View->CodeIgniter\View\{closure}()
 8 SYSTEMPATH\View\View.php(240): CodeIgniter\View\View->render('modernize/_partials/template', [], true)
 9 SYSTEMPATH\Common.php(1180): CodeIgniter\View\View->render('modernize/dashboard/index', [], true)
10 APPPATH\Controllers\Dashboard.php(9): view('modernize/dashboard/index')
11 SYSTEMPATH\CodeIgniter.php(932): App\Controllers\Dashboard->index()
12 SYSTEMPATH\CodeIgniter.php(497): CodeIgniter\CodeIgniter->runController(Object(App\Controllers\Dashboard))
13 SYSTEMPATH\CodeIgniter.php(366): CodeIgniter\CodeIgniter->handleRequest(null, Object(Config\Cache), false)
14 FCPATH\index.php(67): CodeIgniter\CodeIgniter->run()
15 SYSTEMPATH\Commands\Server\rewrite.php(47): require_once('D:\\Project\\Website\\PENJUALAN\\ci4app\\public\\index.php')
INFO - 2023-11-02 07:24:14 --> Session: Class initialized using 'CodeIgniter\Session\Handlers\FileHandler' driver.
WARNING - 2023-11-02 07:24:14 --> [DEPRECATED] ucfirst(): Passing null to parameter #1 ($string) of type string is deprecated in APPPATH\Views\modernize\_partials\header.php on line 91.
 1 APPPATH\Views\modernize\_partials\header.php(91): ucfirst(null)
 2 SYSTEMPATH\View\View.php(224): include('D:\\Project\\Website\\PENJUALAN\\ci4app\\app\\Views\\modernize\\_partials\\header.php')
 3 SYSTEMPATH\View\View.php(227): CodeIgniter\View\View->CodeIgniter\View\{closure}()
 4 SYSTEMPATH\View\View.php(452): CodeIgniter\View\View->render('modernize/_partials/header', null, true)
 5 APPPATH\Views\modernize\_partials\template.php(40): CodeIgniter\View\View->include('modernize/_partials/header')
 6 SYSTEMPATH\View\View.php(224): include('D:\\Project\\Website\\PENJUALAN\\ci4app\\app\\Views\\modernize\\_partials\\template.php')
 7 SYSTEMPATH\View\View.php(227): CodeIgniter\View\View->CodeIgniter\View\{closure}()
 8 SYSTEMPATH\View\View.php(240): CodeIgniter\View\View->render('modernize/_partials/template', [], true)
 9 SYSTEMPATH\Common.php(1180): CodeIgniter\View\View->render('modernize/dashboard/index', [], true)
10 APPPATH\Controllers\Dashboard.php(9): view('modernize/dashboard/index')
11 SYSTEMPATH\CodeIgniter.php(932): App\Controllers\Dashboard->index()
12 SYSTEMPATH\CodeIgniter.php(497): CodeIgniter\CodeIgniter->runController(Object(App\Controllers\Dashboard))
13 SYSTEMPATH\CodeIgniter.php(366): CodeIgniter\CodeIgniter->handleRequest(null, Object(Config\Cache), false)
14 FCPATH\index.php(67): CodeIgniter\CodeIgniter->run()
15 SYSTEMPATH\Commands\Server\rewrite.php(47): require_once('D:\\Project\\Website\\PENJUALAN\\ci4app\\public\\index.php')
WARNING - 2023-11-02 07:24:14 --> [DEPRECATED] ucfirst(): Passing null to parameter #1 ($string) of type string is deprecated in APPPATH\Views\modernize\_partials\header.php on line 92.
 1 APPPATH\Views\modernize\_partials\header.php(92): ucfirst(null)
 2 SYSTEMPATH\View\View.php(224): include('D:\\Project\\Website\\PENJUALAN\\ci4app\\app\\Views\\modernize\\_partials\\header.php')
 3 SYSTEMPATH\View\View.php(227): CodeIgniter\View\View->CodeIgniter\View\{closure}()
 4 SYSTEMPATH\View\View.php(452): CodeIgniter\View\View->render('modernize/_partials/header', null, true)
 5 APPPATH\Views\modernize\_partials\template.php(40): CodeIgniter\View\View->include('modernize/_partials/header')
 6 SYSTEMPATH\View\View.php(224): include('D:\\Project\\Website\\PENJUALAN\\ci4app\\app\\Views\\modernize\\_partials\\template.php')
 7 SYSTEMPATH\View\View.php(227): CodeIgniter\View\View->CodeIgniter\View\{closure}()
 8 SYSTEMPATH\View\View.php(240): CodeIgniter\View\View->render('modernize/_partials/template', [], true)
 9 SYSTEMPATH\Common.php(1180): CodeIgniter\View\View->render('modernize/dashboard/index', [], true)
10 APPPATH\Controllers\Dashboard.php(9): view('modernize/dashboard/index')
11 SYSTEMPATH\CodeIgniter.php(932): App\Controllers\Dashboard->index()
12 SYSTEMPATH\CodeIgniter.php(497): CodeIgniter\CodeIgniter->runController(Object(App\Controllers\Dashboard))
13 SYSTEMPATH\CodeIgniter.php(366): CodeIgniter\CodeIgniter->handleRequest(null, Object(Config\Cache), false)
14 FCPATH\index.php(67): CodeIgniter\CodeIgniter->run()
15 SYSTEMPATH\Commands\Server\rewrite.php(47): require_once('D:\\Project\\Website\\PENJUALAN\\ci4app\\public\\index.php')
INFO - 2023-11-02 07:24:20 --> Session: Class initialized using 'CodeIgniter\Session\Handlers\FileHandler' driver.
WARNING - 2023-11-02 07:24:20 --> [DEPRECATED] ucfirst(): Passing null to parameter #1 ($string) of type string is deprecated in APPPATH\Views\modernize\_partials\header.php on line 91.
 1 APPPATH\Views\modernize\_partials\header.php(91): ucfirst(null)
 2 SYSTEMPATH\View\View.php(224): include('D:\\Project\\Website\\PENJUALAN\\ci4app\\app\\Views\\modernize\\_partials\\header.php')
 3 SYSTEMPATH\View\View.php(227): CodeIgniter\View\View->CodeIgniter\View\{closure}()
 4 SYSTEMPATH\View\View.php(452): CodeIgniter\View\View->render('modernize/_partials/header', null, true)
 5 APPPATH\Views\modernize\_partials\template.php(40): CodeIgniter\View\View->include('modernize/_partials/header')
 6 SYSTEMPATH\View\View.php(224): include('D:\\Project\\Website\\PENJUALAN\\ci4app\\app\\Views\\modernize\\_partials\\template.php')
 7 SYSTEMPATH\View\View.php(227): CodeIgniter\View\View->CodeIgniter\View\{closure}()
 8 SYSTEMPATH\View\View.php(240): CodeIgniter\View\View->render('modernize/_partials/template', [], true)
 9 SYSTEMPATH\Common.php(1180): CodeIgniter\View\View->render('modernize/dashboard/index', [], true)
10 APPPATH\Controllers\Dashboard.php(9): view('modernize/dashboard/index')
11 SYSTEMPATH\CodeIgniter.php(932): App\Controllers\Dashboard->index()
12 SYSTEMPATH\CodeIgniter.php(497): CodeIgniter\CodeIgniter->runController(Object(App\Controllers\Dashboard))
13 SYSTEMPATH\CodeIgniter.php(366): CodeIgniter\CodeIgniter->handleRequest(null, Object(Config\Cache), false)
14 FCPATH\index.php(67): CodeIgniter\CodeIgniter->run()
15 SYSTEMPATH\Commands\Server\rewrite.php(47): require_once('D:\\Project\\Website\\PENJUALAN\\ci4app\\public\\index.php')
WARNING - 2023-11-02 07:24:20 --> [DEPRECATED] ucfirst(): Passing null to parameter #1 ($string) of type string is deprecated in APPPATH\Views\modernize\_partials\header.php on line 92.
 1 APPPATH\Views\modernize\_partials\header.php(92): ucfirst(null)
 2 SYSTEMPATH\View\View.php(224): include('D:\\Project\\Website\\PENJUALAN\\ci4app\\app\\Views\\modernize\\_partials\\header.php')
 3 SYSTEMPATH\View\View.php(227): CodeIgniter\View\View->CodeIgniter\View\{closure}()
 4 SYSTEMPATH\View\View.php(452): CodeIgniter\View\View->render('modernize/_partials/header', null, true)
 5 APPPATH\Views\modernize\_partials\template.php(40): CodeIgniter\View\View->include('modernize/_partials/header')
 6 SYSTEMPATH\View\View.php(224): include('D:\\Project\\Website\\PENJUALAN\\ci4app\\app\\Views\\modernize\\_partials\\template.php')
 7 SYSTEMPATH\View\View.php(227): CodeIgniter\View\View->CodeIgniter\View\{closure}()
 8 SYSTEMPATH\View\View.php(240): CodeIgniter\View\View->render('modernize/_partials/template', [], true)
 9 SYSTEMPATH\Common.php(1180): CodeIgniter\View\View->render('modernize/dashboard/index', [], true)
10 APPPATH\Controllers\Dashboard.php(9): view('modernize/dashboard/index')
11 SYSTEMPATH\CodeIgniter.php(932): App\Controllers\Dashboard->index()
12 SYSTEMPATH\CodeIgniter.php(497): CodeIgniter\CodeIgniter->runController(Object(App\Controllers\Dashboard))
13 SYSTEMPATH\CodeIgniter.php(366): CodeIgniter\CodeIgniter->handleRequest(null, Object(Config\Cache), false)
14 FCPATH\index.php(67): CodeIgniter\CodeIgniter->run()
15 SYSTEMPATH\Commands\Server\rewrite.php(47): require_once('D:\\Project\\Website\\PENJUALAN\\ci4app\\public\\index.php')
INFO - 2023-11-02 07:25:34 --> Session: Class initialized using 'CodeIgniter\Session\Handlers\FileHandler' driver.
WARNING - 2023-11-02 07:25:34 --> [DEPRECATED] ucfirst(): Passing null to parameter #1 ($string) of type string is deprecated in APPPATH\Views\modernize\_partials\header.php on line 91.
 1 APPPATH\Views\modernize\_partials\header.php(91): ucfirst(null)
 2 SYSTEMPATH\View\View.php(224): include('D:\\Project\\Website\\PENJUALAN\\ci4app\\app\\Views\\modernize\\_partials\\header.php')
 3 SYSTEMPATH\View\View.php(227): CodeIgniter\View\View->CodeIgniter\View\{closure}()
 4 SYSTEMPATH\View\View.php(452): CodeIgniter\View\View->render('modernize/_partials/header', null, true)
 5 APPPATH\Views\modernize\_partials\template.php(40): CodeIgniter\View\View->include('modernize/_partials/header')
 6 SYSTEMPATH\View\View.php(224): include('D:\\Project\\Website\\PENJUALAN\\ci4app\\app\\Views\\modernize\\_partials\\template.php')
 7 SYSTEMPATH\View\View.php(227): CodeIgniter\View\View->CodeIgniter\View\{closure}()
 8 SYSTEMPATH\View\View.php(240): CodeIgniter\View\View->render('modernize/_partials/template', [], true)
 9 SYSTEMPATH\Common.php(1180): CodeIgniter\View\View->render('modernize/dashboard/index', [], true)
10 APPPATH\Controllers\Dashboard.php(9): view('modernize/dashboard/index')
11 SYSTEMPATH\CodeIgniter.php(932): App\Controllers\Dashboard->index()
12 SYSTEMPATH\CodeIgniter.php(497): CodeIgniter\CodeIgniter->runController(Object(App\Controllers\Dashboard))
13 SYSTEMPATH\CodeIgniter.php(366): CodeIgniter\CodeIgniter->handleRequest(null, Object(Config\Cache), false)
14 FCPATH\index.php(67): CodeIgniter\CodeIgniter->run()
15 SYSTEMPATH\Commands\Server\rewrite.php(47): require_once('D:\\Project\\Website\\PENJUALAN\\ci4app\\public\\index.php')
WARNING - 2023-11-02 07:25:34 --> [DEPRECATED] ucfirst(): Passing null to parameter #1 ($string) of type string is deprecated in APPPATH\Views\modernize\_partials\header.php on line 92.
 1 APPPATH\Views\modernize\_partials\header.php(92): ucfirst(null)
 2 SYSTEMPATH\View\View.php(224): include('D:\\Project\\Website\\PENJUALAN\\ci4app\\app\\Views\\modernize\\_partials\\header.php')
 3 SYSTEMPATH\View\View.php(227): CodeIgniter\View\View->CodeIgniter\View\{closure}()
 4 SYSTEMPATH\View\View.php(452): CodeIgniter\View\View->render('modernize/_partials/header', null, true)
 5 APPPATH\Views\modernize\_partials\template.php(40): CodeIgniter\View\View->include('modernize/_partials/header')
 6 SYSTEMPATH\View\View.php(224): include('D:\\Project\\Website\\PENJUALAN\\ci4app\\app\\Views\\modernize\\_partials\\template.php')
 7 SYSTEMPATH\View\View.php(227): CodeIgniter\View\View->CodeIgniter\View\{closure}()
 8 SYSTEMPATH\View\View.php(240): CodeIgniter\View\View->render('modernize/_partials/template', [], true)
 9 SYSTEMPATH\Common.php(1180): CodeIgniter\View\View->render('modernize/dashboard/index', [], true)
10 APPPATH\Controllers\Dashboard.php(9): view('modernize/dashboard/index')
11 SYSTEMPATH\CodeIgniter.php(932): App\Controllers\Dashboard->index()
12 SYSTEMPATH\CodeIgniter.php(497): CodeIgniter\CodeIgniter->runController(Object(App\Controllers\Dashboard))
13 SYSTEMPATH\CodeIgniter.php(366): CodeIgniter\CodeIgniter->handleRequest(null, Object(Config\Cache), false)
14 FCPATH\index.php(67): CodeIgniter\CodeIgniter->run()
15 SYSTEMPATH\Commands\Server\rewrite.php(47): require_once('D:\\Project\\Website\\PENJUALAN\\ci4app\\public\\index.php')
CRITICAL - 2023-11-02 07:26:55 --> Assignments can only happen to writable values
in APPPATH\Controllers\Pengiriman.php on line 146.
 1 [internal function]: CodeIgniter\Debug\Exceptions->shutdownHandler()
INFO - 2023-11-02 07:27:09 --> Session: Class initialized using 'CodeIgniter\Session\Handlers\FileHandler' driver.
WARNING - 2023-11-02 07:27:09 --> [DEPRECATED] ucfirst(): Passing null to parameter #1 ($string) of type string is deprecated in APPPATH\Views\modernize\_partials\header.php on line 91.
 1 APPPATH\Views\modernize\_partials\header.php(91): ucfirst(null)
 2 SYSTEMPATH\View\View.php(224): include('D:\\Project\\Website\\PENJUALAN\\ci4app\\app\\Views\\modernize\\_partials\\header.php')
 3 SYSTEMPATH\View\View.php(227): CodeIgniter\View\View->CodeIgniter\View\{closure}()
 4 SYSTEMPATH\View\View.php(452): CodeIgniter\View\View->render('modernize/_partials/header', null, true)
 5 APPPATH\Views\modernize\_partials\template.php(40): CodeIgniter\View\View->include('modernize/_partials/header')
 6 SYSTEMPATH\View\View.php(224): include('D:\\Project\\Website\\PENJUALAN\\ci4app\\app\\Views\\modernize\\_partials\\template.php')
 7 SYSTEMPATH\View\View.php(227): CodeIgniter\View\View->CodeIgniter\View\{closure}()
 8 SYSTEMPATH\View\View.php(240): CodeIgniter\View\View->render('modernize/_partials/template', [], true)
 9 SYSTEMPATH\Common.php(1180): CodeIgniter\View\View->render('modernize/dashboard/index', [], true)
10 APPPATH\Controllers\Dashboard.php(9): view('modernize/dashboard/index')
11 SYSTEMPATH\CodeIgniter.php(932): App\Controllers\Dashboard->index()
12 SYSTEMPATH\CodeIgniter.php(497): CodeIgniter\CodeIgniter->runController(Object(App\Controllers\Dashboard))
13 SYSTEMPATH\CodeIgniter.php(366): CodeIgniter\CodeIgniter->handleRequest(null, Object(Config\Cache), false)
14 FCPATH\index.php(67): CodeIgniter\CodeIgniter->run()
15 SYSTEMPATH\Commands\Server\rewrite.php(47): require_once('D:\\Project\\Website\\PENJUALAN\\ci4app\\public\\index.php')
WARNING - 2023-11-02 07:27:09 --> [DEPRECATED] ucfirst(): Passing null to parameter #1 ($string) of type string is deprecated in APPPATH\Views\modernize\_partials\header.php on line 92.
 1 APPPATH\Views\modernize\_partials\header.php(92): ucfirst(null)
 2 SYSTEMPATH\View\View.php(224): include('D:\\Project\\Website\\PENJUALAN\\ci4app\\app\\Views\\modernize\\_partials\\header.php')
 3 SYSTEMPATH\View\View.php(227): CodeIgniter\View\View->CodeIgniter\View\{closure}()
 4 SYSTEMPATH\View\View.php(452): CodeIgniter\View\View->render('modernize/_partials/header', null, true)
 5 APPPATH\Views\modernize\_partials\template.php(40): CodeIgniter\View\View->include('modernize/_partials/header')
 6 SYSTEMPATH\View\View.php(224): include('D:\\Project\\Website\\PENJUALAN\\ci4app\\app\\Views\\modernize\\_partials\\template.php')
 7 SYSTEMPATH\View\View.php(227): CodeIgniter\View\View->CodeIgniter\View\{closure}()
 8 SYSTEMPATH\View\View.php(240): CodeIgniter\View\View->render('modernize/_partials/template', [], true)
 9 SYSTEMPATH\Common.php(1180): CodeIgniter\View\View->render('modernize/dashboard/index', [], true)
10 APPPATH\Controllers\Dashboard.php(9): view('modernize/dashboard/index')
11 SYSTEMPATH\CodeIgniter.php(932): App\Controllers\Dashboard->index()
12 SYSTEMPATH\CodeIgniter.php(497): CodeIgniter\CodeIgniter->runController(Object(App\Controllers\Dashboard))
13 SYSTEMPATH\CodeIgniter.php(366): CodeIgniter\CodeIgniter->handleRequest(null, Object(Config\Cache), false)
14 FCPATH\index.php(67): CodeIgniter\CodeIgniter->run()
15 SYSTEMPATH\Commands\Server\rewrite.php(47): require_once('D:\\Project\\Website\\PENJUALAN\\ci4app\\public\\index.php')
INFO - 2023-11-02 07:27:11 --> Session: Class initialized using 'CodeIgniter\Session\Handlers\FileHandler' driver.
WARNING - 2023-11-02 07:27:11 --> [DEPRECATED] ucfirst(): Passing null to parameter #1 ($string) of type string is deprecated in APPPATH\Views\modernize\_partials\header.php on line 91.
 1 APPPATH\Views\modernize\_partials\header.php(91): ucfirst(null)
 2 SYSTEMPATH\View\View.php(224): include('D:\\Project\\Website\\PENJUALAN\\ci4app\\app\\Views\\modernize\\_partials\\header.php')
 3 SYSTEMPATH\View\View.php(227): CodeIgniter\View\View->CodeIgniter\View\{closure}()
 4 SYSTEMPATH\View\View.php(452): CodeIgniter\View\View->render('modernize/_partials/header', null, true)
 5 APPPATH\Views\modernize\_partials\template.php(40): CodeIgniter\View\View->include('modernize/_partials/header')
 6 SYSTEMPATH\View\View.php(224): include('D:\\Project\\Website\\PENJUALAN\\ci4app\\app\\Views\\modernize\\_partials\\template.php')
 7 SYSTEMPATH\View\View.php(227): CodeIgniter\View\View->CodeIgniter\View\{closure}()
 8 SYSTEMPATH\View\View.php(240): CodeIgniter\View\View->render('modernize/_partials/template', [], true)
 9 SYSTEMPATH\Common.php(1180): CodeIgniter\View\View->render('modernize/request/index', [], true)
10 APPPATH\Controllers\Request.php(14): view('modernize/request/index', [...])
11 SYSTEMPATH\CodeIgniter.php(932): App\Controllers\Request->index()
12 SYSTEMPATH\CodeIgniter.php(497): CodeIgniter\CodeIgniter->runController(Object(App\Controllers\Request))
13 SYSTEMPATH\CodeIgniter.php(366): CodeIgniter\CodeIgniter->handleRequest(null, Object(Config\Cache), false)
14 FCPATH\index.php(67): CodeIgniter\CodeIgniter->run()
15 SYSTEMPATH\Commands\Server\rewrite.php(47): require_once('D:\\Project\\Website\\PENJUALAN\\ci4app\\public\\index.php')
WARNING - 2023-11-02 07:27:11 --> [DEPRECATED] ucfirst(): Passing null to parameter #1 ($string) of type string is deprecated in APPPATH\Views\modernize\_partials\header.php on line 92.
 1 APPPATH\Views\modernize\_partials\header.php(92): ucfirst(null)
 2 SYSTEMPATH\View\View.php(224): include('D:\\Project\\Website\\PENJUALAN\\ci4app\\app\\Views\\modernize\\_partials\\header.php')
 3 SYSTEMPATH\View\View.php(227): CodeIgniter\View\View->CodeIgniter\View\{closure}()
 4 SYSTEMPATH\View\View.php(452): CodeIgniter\View\View->render('modernize/_partials/header', null, true)
 5 APPPATH\Views\modernize\_partials\template.php(40): CodeIgniter\View\View->include('modernize/_partials/header')
 6 SYSTEMPATH\View\View.php(224): include('D:\\Project\\Website\\PENJUALAN\\ci4app\\app\\Views\\modernize\\_partials\\template.php')
 7 SYSTEMPATH\View\View.php(227): CodeIgniter\View\View->CodeIgniter\View\{closure}()
 8 SYSTEMPATH\View\View.php(240): CodeIgniter\View\View->render('modernize/_partials/template', [], true)
 9 SYSTEMPATH\Common.php(1180): CodeIgniter\View\View->render('modernize/request/index', [], true)
10 APPPATH\Controllers\Request.php(14): view('modernize/request/index', [...])
11 SYSTEMPATH\CodeIgniter.php(932): App\Controllers\Request->index()
12 SYSTEMPATH\CodeIgniter.php(497): CodeIgniter\CodeIgniter->runController(Object(App\Controllers\Request))
13 SYSTEMPATH\CodeIgniter.php(366): CodeIgniter\CodeIgniter->handleRequest(null, Object(Config\Cache), false)
14 FCPATH\index.php(67): CodeIgniter\CodeIgniter->run()
15 SYSTEMPATH\Commands\Server\rewrite.php(47): require_once('D:\\Project\\Website\\PENJUALAN\\ci4app\\public\\index.php')
INFO - 2023-11-02 07:27:12 --> Session: Class initialized using 'CodeIgniter\Session\Handlers\FileHandler' driver.
WARNING - 2023-11-02 07:27:12 --> [DEPRECATED] ucfirst(): Passing null to parameter #1 ($string) of type string is deprecated in APPPATH\Views\modernize\_partials\header.php on line 91.
 1 APPPATH\Views\modernize\_partials\header.php(91): ucfirst(null)
 2 SYSTEMPATH\View\View.php(224): include('D:\\Project\\Website\\PENJUALAN\\ci4app\\app\\Views\\modernize\\_partials\\header.php')
 3 SYSTEMPATH\View\View.php(227): CodeIgniter\View\View->CodeIgniter\View\{closure}()
 4 SYSTEMPATH\View\View.php(452): CodeIgniter\View\View->render('modernize/_partials/header', null, true)
 5 APPPATH\Views\modernize\_partials\template.php(40): CodeIgniter\View\View->include('modernize/_partials/header')
 6 SYSTEMPATH\View\View.php(224): include('D:\\Project\\Website\\PENJUALAN\\ci4app\\app\\Views\\modernize\\_partials\\template.php')
 7 SYSTEMPATH\View\View.php(227): CodeIgniter\View\View->CodeIgniter\View\{closure}()
 8 SYSTEMPATH\View\View.php(240): CodeIgniter\View\View->render('modernize/_partials/template', [], true)
 9 SYSTEMPATH\Common.php(1180): CodeIgniter\View\View->render('modernize/transaksi/index', [], true)
10 APPPATH\Controllers\Transaksi.php(14): view('modernize/transaksi/index', [...])
11 SYSTEMPATH\CodeIgniter.php(932): App\Controllers\Transaksi->index()
12 SYSTEMPATH\CodeIgniter.php(497): CodeIgniter\CodeIgniter->runController(Object(App\Controllers\Transaksi))
13 SYSTEMPATH\CodeIgniter.php(366): CodeIgniter\CodeIgniter->handleRequest(null, Object(Config\Cache), false)
14 FCPATH\index.php(67): CodeIgniter\CodeIgniter->run()
15 SYSTEMPATH\Commands\Server\rewrite.php(47): require_once('D:\\Project\\Website\\PENJUALAN\\ci4app\\public\\index.php')
WARNING - 2023-11-02 07:27:12 --> [DEPRECATED] ucfirst(): Passing null to parameter #1 ($string) of type string is deprecated in APPPATH\Views\modernize\_partials\header.php on line 92.
 1 APPPATH\Views\modernize\_partials\header.php(92): ucfirst(null)
 2 SYSTEMPATH\View\View.php(224): include('D:\\Project\\Website\\PENJUALAN\\ci4app\\app\\Views\\modernize\\_partials\\header.php')
 3 SYSTEMPATH\View\View.php(227): CodeIgniter\View\View->CodeIgniter\View\{closure}()
 4 SYSTEMPATH\View\View.php(452): CodeIgniter\View\View->render('modernize/_partials/header', null, true)
 5 APPPATH\Views\modernize\_partials\template.php(40): CodeIgniter\View\View->include('modernize/_partials/header')
 6 SYSTEMPATH\View\View.php(224): include('D:\\Project\\Website\\PENJUALAN\\ci4app\\app\\Views\\modernize\\_partials\\template.php')
 7 SYSTEMPATH\View\View.php(227): CodeIgniter\View\View->CodeIgniter\View\{closure}()
 8 SYSTEMPATH\View\View.php(240): CodeIgniter\View\View->render('modernize/_partials/template', [], true)
 9 SYSTEMPATH\Common.php(1180): CodeIgniter\View\View->render('modernize/transaksi/index', [], true)
10 APPPATH\Controllers\Transaksi.php(14): view('modernize/transaksi/index', [...])
11 SYSTEMPATH\CodeIgniter.php(932): App\Controllers\Transaksi->index()
12 SYSTEMPATH\CodeIgniter.php(497): CodeIgniter\CodeIgniter->runController(Object(App\Controllers\Transaksi))
13 SYSTEMPATH\CodeIgniter.php(366): CodeIgniter\CodeIgniter->handleRequest(null, Object(Config\Cache), false)
14 FCPATH\index.php(67): CodeIgniter\CodeIgniter->run()
15 SYSTEMPATH\Commands\Server\rewrite.php(47): require_once('D:\\Project\\Website\\PENJUALAN\\ci4app\\public\\index.php')
ERROR - 2023-11-02 07:27:15 --> mysqli_sql_exception: Table 'pjl.progres_produksi' doesn't exist in D:\Project\Website\PENJUALAN\ci4app\vendor\codeigniter4\framework\system\Database\MySQLi\Connection.php:295
Stack trace:
#0 D:\Project\Website\PENJUALAN\ci4app\vendor\codeigniter4\framework\system\Database\MySQLi\Connection.php(295): mysqli->query('SELECT `progres...', 0)
#1 D:\Project\Website\PENJUALAN\ci4app\vendor\codeigniter4\framework\system\Database\BaseConnection.php(692): CodeIgniter\Database\MySQLi\Connection->execute('SELECT `progres...')
#2 D:\Project\Website\PENJUALAN\ci4app\vendor\codeigniter4\framework\system\Database\BaseConnection.php(606): CodeIgniter\Database\BaseConnection->simpleQuery('SELECT `progres...')
#3 D:\Project\Website\PENJUALAN\ci4app\vendor\codeigniter4\framework\system\Database\BaseBuilder.php(1616): CodeIgniter\Database\BaseConnection->query('SELECT `progres...', Array, false)
#4 D:\Project\Website\PENJUALAN\ci4app\vendor\codeigniter4\framework\system\Model.php(836): CodeIgniter\Database\BaseBuilder->get()
#5 D:\Project\Website\PENJUALAN\ci4app\app\Models\ProgresProduksiModel.php(18): CodeIgniter\Model->__call('get', Array)
#6 D:\Project\Website\PENJUALAN\ci4app\app\Controllers\ProgresProduksi.php(14): App\Models\ProgresProduksiModel->getProgresProduksi()
#7 D:\Project\Website\PENJUALAN\ci4app\vendor\codeigniter4\framework\system\CodeIgniter.php(932): App\Controllers\progresproduksi->index()
#8 D:\Project\Website\PENJUALAN\ci4app\vendor\codeigniter4\framework\system\CodeIgniter.php(497): CodeIgniter\CodeIgniter->runController(Object(App\Controllers\progresproduksi))
#9 D:\Project\Website\PENJUALAN\ci4app\vendor\codeigniter4\framework\system\CodeIgniter.php(366): CodeIgniter\CodeIgniter->handleRequest(NULL, Object(Config\Cache), false)
#10 D:\Project\Website\PENJUALAN\ci4app\public\index.php(67): CodeIgniter\CodeIgniter->run()
#11 D:\Project\Website\PENJUALAN\ci4app\vendor\codeigniter4\framework\system\Commands\Server\rewrite.php(47): require_once('D:\\Project\\Webs...')
#12 {main}
CRITICAL - 2023-11-02 07:27:15 --> Table 'pjl.progres_produksi' doesn't exist
in SYSTEMPATH\Database\MySQLi\Connection.php on line 295.
 1 SYSTEMPATH\Database\MySQLi\Connection.php(295): mysqli->query('SELECT `progres_produksi`.*, `permintaan_produksi`.`id_produksi`, `permintaan_produksi`.`nama_barang`, `permintaan_produksi`.`jumlah`
FROM `progres_produksi`
JOIN `permintaan_produksi` ON `progres_produksi`.`id_produksi` = `permintaan_produksi`.`id_produksi`
WHERE `status_produksi` != \'selesai\'', 0)
 2 SYSTEMPATH\Database\BaseConnection.php(692): CodeIgniter\Database\MySQLi\Connection->execute('SELECT `progres_produksi`.*, `permintaan_produksi`.`id_produksi`, `permintaan_produksi`.`nama_barang`, `permintaan_produksi`.`jumlah`
FROM `progres_produksi`
JOIN `permintaan_produksi` ON `progres_produksi`.`id_produksi` = `permintaan_produksi`.`id_produksi`
WHERE `status_produksi` != \'selesai\'')
 3 SYSTEMPATH\Database\BaseConnection.php(606): CodeIgniter\Database\BaseConnection->simpleQuery('SELECT `progres_produksi`.*, `permintaan_produksi`.`id_produksi`, `permintaan_produksi`.`nama_barang`, `permintaan_produksi`.`jumlah`
FROM `progres_produksi`
JOIN `permintaan_produksi` ON `progres_produksi`.`id_produksi` = `permintaan_produksi`.`id_produksi`
WHERE `status_produksi` != \'selesai\'')
 4 SYSTEMPATH\Database\BaseBuilder.php(1616): CodeIgniter\Database\BaseConnection->query('SELECT `progres_produksi`.*, `permintaan_produksi`.`id_produksi`, `permintaan_produksi`.`nama_barang`, `permintaan_produksi`.`jumlah`
FROM `progres_produksi`
JOIN `permintaan_produksi` ON `progres_produksi`.`id_produksi` = `permintaan_produksi`.`id_produksi`
WHERE `status_produksi` != :status_produksi:', [...], false)
 5 SYSTEMPATH\Model.php(836): CodeIgniter\Database\BaseBuilder->get()
 6 APPPATH\Models\ProgresProduksiModel.php(18): CodeIgniter\Model->__call('get', [])
 7 APPPATH\Controllers\ProgresProduksi.php(14): App\Models\ProgresProduksiModel->getProgresProduksi()
 8 SYSTEMPATH\CodeIgniter.php(932): App\Controllers\progresproduksi->index()
 9 SYSTEMPATH\CodeIgniter.php(497): CodeIgniter\CodeIgniter->runController(Object(App\Controllers\progresproduksi))
10 SYSTEMPATH\CodeIgniter.php(366): CodeIgniter\CodeIgniter->handleRequest(null, Object(Config\Cache), false)
11 FCPATH\index.php(67): CodeIgniter\CodeIgniter->run()
12 SYSTEMPATH\Commands\Server\rewrite.php(47): require_once('D:\\Project\\Website\\PENJUALAN\\ci4app\\public\\index.php')
INFO - 2023-11-02 07:27:17 --> Session: Class initialized using 'CodeIgniter\Session\Handlers\FileHandler' driver.
WARNING - 2023-11-02 07:27:17 --> [DEPRECATED] ucfirst(): Passing null to parameter #1 ($string) of type string is deprecated in APPPATH\Views\modernize\_partials\header.php on line 91.
 1 APPPATH\Views\modernize\_partials\header.php(91): ucfirst(null)
 2 SYSTEMPATH\View\View.php(224): include('D:\\Project\\Website\\PENJUALAN\\ci4app\\app\\Views\\modernize\\_partials\\header.php')
 3 SYSTEMPATH\View\View.php(227): CodeIgniter\View\View->CodeIgniter\View\{closure}()
 4 SYSTEMPATH\View\View.php(452): CodeIgniter\View\View->render('modernize/_partials/header', null, true)
 5 APPPATH\Views\modernize\_partials\template.php(40): CodeIgniter\View\View->include('modernize/_partials/header')
 6 SYSTEMPATH\View\View.php(224): include('D:\\Project\\Website\\PENJUALAN\\ci4app\\app\\Views\\modernize\\_partials\\template.php')
 7 SYSTEMPATH\View\View.php(227): CodeIgniter\View\View->CodeIgniter\View\{closure}()
 8 SYSTEMPATH\View\View.php(240): CodeIgniter\View\View->render('modernize/_partials/template', [], true)
 9 SYSTEMPATH\Common.php(1180): CodeIgniter\View\View->render('modernize/transaksi/index', [], true)
10 APPPATH\Controllers\Transaksi.php(14): view('modernize/transaksi/index', [...])
11 SYSTEMPATH\CodeIgniter.php(932): App\Controllers\Transaksi->index()
12 SYSTEMPATH\CodeIgniter.php(497): CodeIgniter\CodeIgniter->runController(Object(App\Controllers\Transaksi))
13 SYSTEMPATH\CodeIgniter.php(366): CodeIgniter\CodeIgniter->handleRequest(null, Object(Config\Cache), false)
14 FCPATH\index.php(67): CodeIgniter\CodeIgniter->run()
15 SYSTEMPATH\Commands\Server\rewrite.php(47): require_once('D:\\Project\\Website\\PENJUALAN\\ci4app\\public\\index.php')
WARNING - 2023-11-02 07:27:17 --> [DEPRECATED] ucfirst(): Passing null to parameter #1 ($string) of type string is deprecated in APPPATH\Views\modernize\_partials\header.php on line 92.
 1 APPPATH\Views\modernize\_partials\header.php(92): ucfirst(null)
 2 SYSTEMPATH\View\View.php(224): include('D:\\Project\\Website\\PENJUALAN\\ci4app\\app\\Views\\modernize\\_partials\\header.php')
 3 SYSTEMPATH\View\View.php(227): CodeIgniter\View\View->CodeIgniter\View\{closure}()
 4 SYSTEMPATH\View\View.php(452): CodeIgniter\View\View->render('modernize/_partials/header', null, true)
 5 APPPATH\Views\modernize\_partials\template.php(40): CodeIgniter\View\View->include('modernize/_partials/header')
 6 SYSTEMPATH\View\View.php(224): include('D:\\Project\\Website\\PENJUALAN\\ci4app\\app\\Views\\modernize\\_partials\\template.php')
 7 SYSTEMPATH\View\View.php(227): CodeIgniter\View\View->CodeIgniter\View\{closure}()
 8 SYSTEMPATH\View\View.php(240): CodeIgniter\View\View->render('modernize/_partials/template', [], true)
 9 SYSTEMPATH\Common.php(1180): CodeIgniter\View\View->render('modernize/transaksi/index', [], true)
10 APPPATH\Controllers\Transaksi.php(14): view('modernize/transaksi/index', [...])
11 SYSTEMPATH\CodeIgniter.php(932): App\Controllers\Transaksi->index()
12 SYSTEMPATH\CodeIgniter.php(497): CodeIgniter\CodeIgniter->runController(Object(App\Controllers\Transaksi))
13 SYSTEMPATH\CodeIgniter.php(366): CodeIgniter\CodeIgniter->handleRequest(null, Object(Config\Cache), false)
14 FCPATH\index.php(67): CodeIgniter\CodeIgniter->run()
15 SYSTEMPATH\Commands\Server\rewrite.php(47): require_once('D:\\Project\\Website\\PENJUALAN\\ci4app\\public\\index.php')
CRITICAL - 2023-11-02 07:27:18 --> Assignments can only happen to writable values
in APPPATH\Controllers\Pengiriman.php on line 146.
 1 [internal function]: CodeIgniter\Debug\Exceptions->shutdownHandler()
INFO - 2023-11-02 07:27:37 --> Session: Class initialized using 'CodeIgniter\Session\Handlers\FileHandler' driver.
WARNING - 2023-11-02 07:27:37 --> [DEPRECATED] ucfirst(): Passing null to parameter #1 ($string) of type string is deprecated in APPPATH\Views\modernize\_partials\header.php on line 91.
 1 APPPATH\Views\modernize\_partials\header.php(91): ucfirst(null)
 2 SYSTEMPATH\View\View.php(224): include('D:\\Project\\Website\\PENJUALAN\\ci4app\\app\\Views\\modernize\\_partials\\header.php')
 3 SYSTEMPATH\View\View.php(227): CodeIgniter\View\View->CodeIgniter\View\{closure}()
 4 SYSTEMPATH\View\View.php(452): CodeIgniter\View\View->render('modernize/_partials/header', null, true)
 5 APPPATH\Views\modernize\_partials\template.php(40): CodeIgniter\View\View->include('modernize/_partials/header')
 6 SYSTEMPATH\View\View.php(224): include('D:\\Project\\Website\\PENJUALAN\\ci4app\\app\\Views\\modernize\\_partials\\template.php')
 7 SYSTEMPATH\View\View.php(227): CodeIgniter\View\View->CodeIgniter\View\{closure}()
 8 SYSTEMPATH\View\View.php(240): CodeIgniter\View\View->render('modernize/_partials/template', [], true)
 9 SYSTEMPATH\Common.php(1180): CodeIgniter\View\View->render('modernize/master/pengiriman/index', [], true)
10 APPPATH\Controllers\Pengiriman.php(16): view('modernize/master/pengiriman/index', [...])
11 SYSTEMPATH\CodeIgniter.php(932): App\Controllers\Pengiriman->index()
12 SYSTEMPATH\CodeIgniter.php(497): CodeIgniter\CodeIgniter->runController(Object(App\Controllers\Pengiriman))
13 SYSTEMPATH\CodeIgniter.php(366): CodeIgniter\CodeIgniter->handleRequest(null, Object(Config\Cache), false)
14 FCPATH\index.php(67): CodeIgniter\CodeIgniter->run()
15 SYSTEMPATH\Commands\Server\rewrite.php(47): require_once('D:\\Project\\Website\\PENJUALAN\\ci4app\\public\\index.php')
WARNING - 2023-11-02 07:27:37 --> [DEPRECATED] ucfirst(): Passing null to parameter #1 ($string) of type string is deprecated in APPPATH\Views\modernize\_partials\header.php on line 92.
 1 APPPATH\Views\modernize\_partials\header.php(92): ucfirst(null)
 2 SYSTEMPATH\View\View.php(224): include('D:\\Project\\Website\\PENJUALAN\\ci4app\\app\\Views\\modernize\\_partials\\header.php')
 3 SYSTEMPATH\View\View.php(227): CodeIgniter\View\View->CodeIgniter\View\{closure}()
 4 SYSTEMPATH\View\View.php(452): CodeIgniter\View\View->render('modernize/_partials/header', null, true)
 5 APPPATH\Views\modernize\_partials\template.php(40): CodeIgniter\View\View->include('modernize/_partials/header')
 6 SYSTEMPATH\View\View.php(224): include('D:\\Project\\Website\\PENJUALAN\\ci4app\\app\\Views\\modernize\\_partials\\template.php')
 7 SYSTEMPATH\View\View.php(227): CodeIgniter\View\View->CodeIgniter\View\{closure}()
 8 SYSTEMPATH\View\View.php(240): CodeIgniter\View\View->render('modernize/_partials/template', [], true)
 9 SYSTEMPATH\Common.php(1180): CodeIgniter\View\View->render('modernize/master/pengiriman/index', [], true)
10 APPPATH\Controllers\Pengiriman.php(16): view('modernize/master/pengiriman/index', [...])
11 SYSTEMPATH\CodeIgniter.php(932): App\Controllers\Pengiriman->index()
12 SYSTEMPATH\CodeIgniter.php(497): CodeIgniter\CodeIgniter->runController(Object(App\Controllers\Pengiriman))
13 SYSTEMPATH\CodeIgniter.php(366): CodeIgniter\CodeIgniter->handleRequest(null, Object(Config\Cache), false)
14 FCPATH\index.php(67): CodeIgniter\CodeIgniter->run()
15 SYSTEMPATH\Commands\Server\rewrite.php(47): require_once('D:\\Project\\Website\\PENJUALAN\\ci4app\\public\\index.php')
INFO - 2023-11-02 07:28:11 --> Session: Class initialized using 'CodeIgniter\Session\Handlers\FileHandler' driver.
WARNING - 2023-11-02 07:28:11 --> [DEPRECATED] ucfirst(): Passing null to parameter #1 ($string) of type string is deprecated in APPPATH\Views\modernize\_partials\header.php on line 91.
 1 APPPATH\Views\modernize\_partials\header.php(91): ucfirst(null)
 2 SYSTEMPATH\View\View.php(224): include('D:\\Project\\Website\\PENJUALAN\\ci4app\\app\\Views\\modernize\\_partials\\header.php')
 3 SYSTEMPATH\View\View.php(227): CodeIgniter\View\View->CodeIgniter\View\{closure}()
 4 SYSTEMPATH\View\View.php(452): CodeIgniter\View\View->render('modernize/_partials/header', null, true)
 5 APPPATH\Views\modernize\_partials\template.php(40): CodeIgniter\View\View->include('modernize/_partials/header')
 6 SYSTEMPATH\View\View.php(224): include('D:\\Project\\Website\\PENJUALAN\\ci4app\\app\\Views\\modernize\\_partials\\template.php')
 7 SYSTEMPATH\View\View.php(227): CodeIgniter\View\View->CodeIgniter\View\{closure}()
 8 SYSTEMPATH\View\View.php(240): CodeIgniter\View\View->render('modernize/_partials/template', [], true)
 9 SYSTEMPATH\Common.php(1180): CodeIgniter\View\View->render('modernize/transaksi/index', [], true)
10 APPPATH\Controllers\Transaksi.php(14): view('modernize/transaksi/index', [...])
11 SYSTEMPATH\CodeIgniter.php(932): App\Controllers\Transaksi->index()
12 SYSTEMPATH\CodeIgniter.php(497): CodeIgniter\CodeIgniter->runController(Object(App\Controllers\Transaksi))
13 SYSTEMPATH\CodeIgniter.php(366): CodeIgniter\CodeIgniter->handleRequest(null, Object(Config\Cache), false)
14 FCPATH\index.php(67): CodeIgniter\CodeIgniter->run()
15 SYSTEMPATH\Commands\Server\rewrite.php(47): require_once('D:\\Project\\Website\\PENJUALAN\\ci4app\\public\\index.php')
WARNING - 2023-11-02 07:28:11 --> [DEPRECATED] ucfirst(): Passing null to parameter #1 ($string) of type string is deprecated in APPPATH\Views\modernize\_partials\header.php on line 92.
 1 APPPATH\Views\modernize\_partials\header.php(92): ucfirst(null)
 2 SYSTEMPATH\View\View.php(224): include('D:\\Project\\Website\\PENJUALAN\\ci4app\\app\\Views\\modernize\\_partials\\header.php')
 3 SYSTEMPATH\View\View.php(227): CodeIgniter\View\View->CodeIgniter\View\{closure}()
 4 SYSTEMPATH\View\View.php(452): CodeIgniter\View\View->render('modernize/_partials/header', null, true)
 5 APPPATH\Views\modernize\_partials\template.php(40): CodeIgniter\View\View->include('modernize/_partials/header')
 6 SYSTEMPATH\View\View.php(224): include('D:\\Project\\Website\\PENJUALAN\\ci4app\\app\\Views\\modernize\\_partials\\template.php')
 7 SYSTEMPATH\View\View.php(227): CodeIgniter\View\View->CodeIgniter\View\{closure}()
 8 SYSTEMPATH\View\View.php(240): CodeIgniter\View\View->render('modernize/_partials/template', [], true)
 9 SYSTEMPATH\Common.php(1180): CodeIgniter\View\View->render('modernize/transaksi/index', [], true)
10 APPPATH\Controllers\Transaksi.php(14): view('modernize/transaksi/index', [...])
11 SYSTEMPATH\CodeIgniter.php(932): App\Controllers\Transaksi->index()
12 SYSTEMPATH\CodeIgniter.php(497): CodeIgniter\CodeIgniter->runController(Object(App\Controllers\Transaksi))
13 SYSTEMPATH\CodeIgniter.php(366): CodeIgniter\CodeIgniter->handleRequest(null, Object(Config\Cache), false)
14 FCPATH\index.php(67): CodeIgniter\CodeIgniter->run()
15 SYSTEMPATH\Commands\Server\rewrite.php(47): require_once('D:\\Project\\Website\\PENJUALAN\\ci4app\\public\\index.php')
INFO - 2023-11-02 07:29:21 --> Session: Class initialized using 'CodeIgniter\Session\Handlers\FileHandler' driver.
WARNING - 2023-11-02 07:29:21 --> [DEPRECATED] ucfirst(): Passing null to parameter #1 ($string) of type string is deprecated in APPPATH\Views\modernize\_partials\header.php on line 91.
 1 APPPATH\Views\modernize\_partials\header.php(91): ucfirst(null)
 2 SYSTEMPATH\View\View.php(224): include('D:\\Project\\Website\\PENJUALAN\\ci4app\\app\\Views\\modernize\\_partials\\header.php')
 3 SYSTEMPATH\View\View.php(227): CodeIgniter\View\View->CodeIgniter\View\{closure}()
 4 SYSTEMPATH\View\View.php(452): CodeIgniter\View\View->render('modernize/_partials/header', null, true)
 5 APPPATH\Views\modernize\_partials\template.php(40): CodeIgniter\View\View->include('modernize/_partials/header')
 6 SYSTEMPATH\View\View.php(224): include('D:\\Project\\Website\\PENJUALAN\\ci4app\\app\\Views\\modernize\\_partials\\template.php')
 7 SYSTEMPATH\View\View.php(227): CodeIgniter\View\View->CodeIgniter\View\{closure}()
 8 SYSTEMPATH\View\View.php(240): CodeIgniter\View\View->render('modernize/_partials/template', [], true)
 9 SYSTEMPATH\Common.php(1180): CodeIgniter\View\View->render('modernize/transaksi/index', [], true)
10 APPPATH\Controllers\Transaksi.php(14): view('modernize/transaksi/index', [...])
11 SYSTEMPATH\CodeIgniter.php(932): App\Controllers\Transaksi->index()
12 SYSTEMPATH\CodeIgniter.php(497): CodeIgniter\CodeIgniter->runController(Object(App\Controllers\Transaksi))
13 SYSTEMPATH\CodeIgniter.php(366): CodeIgniter\CodeIgniter->handleRequest(null, Object(Config\Cache), false)
14 FCPATH\index.php(67): CodeIgniter\CodeIgniter->run()
15 SYSTEMPATH\Commands\Server\rewrite.php(47): require_once('D:\\Project\\Website\\PENJUALAN\\ci4app\\public\\index.php')
WARNING - 2023-11-02 07:29:21 --> [DEPRECATED] ucfirst(): Passing null to parameter #1 ($string) of type string is deprecated in APPPATH\Views\modernize\_partials\header.php on line 92.
 1 APPPATH\Views\modernize\_partials\header.php(92): ucfirst(null)
 2 SYSTEMPATH\View\View.php(224): include('D:\\Project\\Website\\PENJUALAN\\ci4app\\app\\Views\\modernize\\_partials\\header.php')
 3 SYSTEMPATH\View\View.php(227): CodeIgniter\View\View->CodeIgniter\View\{closure}()
 4 SYSTEMPATH\View\View.php(452): CodeIgniter\View\View->render('modernize/_partials/header', null, true)
 5 APPPATH\Views\modernize\_partials\template.php(40): CodeIgniter\View\View->include('modernize/_partials/header')
 6 SYSTEMPATH\View\View.php(224): include('D:\\Project\\Website\\PENJUALAN\\ci4app\\app\\Views\\modernize\\_partials\\template.php')
 7 SYSTEMPATH\View\View.php(227): CodeIgniter\View\View->CodeIgniter\View\{closure}()
 8 SYSTEMPATH\View\View.php(240): CodeIgniter\View\View->render('modernize/_partials/template', [], true)
 9 SYSTEMPATH\Common.php(1180): CodeIgniter\View\View->render('modernize/transaksi/index', [], true)
10 APPPATH\Controllers\Transaksi.php(14): view('modernize/transaksi/index', [...])
11 SYSTEMPATH\CodeIgniter.php(932): App\Controllers\Transaksi->index()
12 SYSTEMPATH\CodeIgniter.php(497): CodeIgniter\CodeIgniter->runController(Object(App\Controllers\Transaksi))
13 SYSTEMPATH\CodeIgniter.php(366): CodeIgniter\CodeIgniter->handleRequest(null, Object(Config\Cache), false)
14 FCPATH\index.php(67): CodeIgniter\CodeIgniter->run()
15 SYSTEMPATH\Commands\Server\rewrite.php(47): require_once('D:\\Project\\Website\\PENJUALAN\\ci4app\\public\\index.php')
INFO - 2023-11-02 07:29:24 --> Session: Class initialized using 'CodeIgniter\Session\Handlers\FileHandler' driver.
WARNING - 2023-11-02 07:29:24 --> [DEPRECATED] ucfirst(): Passing null to parameter #1 ($string) of type string is deprecated in APPPATH\Views\modernize\_partials\header.php on line 91.
 1 APPPATH\Views\modernize\_partials\header.php(91): ucfirst(null)
 2 SYSTEMPATH\View\View.php(224): include('D:\\Project\\Website\\PENJUALAN\\ci4app\\app\\Views\\modernize\\_partials\\header.php')
 3 SYSTEMPATH\View\View.php(227): CodeIgniter\View\View->CodeIgniter\View\{closure}()
 4 SYSTEMPATH\View\View.php(452): CodeIgniter\View\View->render('modernize/_partials/header', null, true)
 5 APPPATH\Views\modernize\_partials\template.php(40): CodeIgniter\View\View->include('modernize/_partials/header')
 6 SYSTEMPATH\View\View.php(224): include('D:\\Project\\Website\\PENJUALAN\\ci4app\\app\\Views\\modernize\\_partials\\template.php')
 7 SYSTEMPATH\View\View.php(227): CodeIgniter\View\View->CodeIgniter\View\{closure}()
 8 SYSTEMPATH\View\View.php(240): CodeIgniter\View\View->render('modernize/_partials/template', [], true)
 9 SYSTEMPATH\Common.php(1180): CodeIgniter\View\View->render('modernize/transaksi/index', [], true)
10 APPPATH\Controllers\Transaksi.php(14): view('modernize/transaksi/index', [...])
11 SYSTEMPATH\CodeIgniter.php(932): App\Controllers\Transaksi->index()
12 SYSTEMPATH\CodeIgniter.php(497): CodeIgniter\CodeIgniter->runController(Object(App\Controllers\Transaksi))
13 SYSTEMPATH\CodeIgniter.php(366): CodeIgniter\CodeIgniter->handleRequest(null, Object(Config\Cache), false)
14 FCPATH\index.php(67): CodeIgniter\CodeIgniter->run()
15 SYSTEMPATH\Commands\Server\rewrite.php(47): require_once('D:\\Project\\Website\\PENJUALAN\\ci4app\\public\\index.php')
WARNING - 2023-11-02 07:29:24 --> [DEPRECATED] ucfirst(): Passing null to parameter #1 ($string) of type string is deprecated in APPPATH\Views\modernize\_partials\header.php on line 92.
 1 APPPATH\Views\modernize\_partials\header.php(92): ucfirst(null)
 2 SYSTEMPATH\View\View.php(224): include('D:\\Project\\Website\\PENJUALAN\\ci4app\\app\\Views\\modernize\\_partials\\header.php')
 3 SYSTEMPATH\View\View.php(227): CodeIgniter\View\View->CodeIgniter\View\{closure}()
 4 SYSTEMPATH\View\View.php(452): CodeIgniter\View\View->render('modernize/_partials/header', null, true)
 5 APPPATH\Views\modernize\_partials\template.php(40): CodeIgniter\View\View->include('modernize/_partials/header')
 6 SYSTEMPATH\View\View.php(224): include('D:\\Project\\Website\\PENJUALAN\\ci4app\\app\\Views\\modernize\\_partials\\template.php')
 7 SYSTEMPATH\View\View.php(227): CodeIgniter\View\View->CodeIgniter\View\{closure}()
 8 SYSTEMPATH\View\View.php(240): CodeIgniter\View\View->render('modernize/_partials/template', [], true)
 9 SYSTEMPATH\Common.php(1180): CodeIgniter\View\View->render('modernize/transaksi/index', [], true)
10 APPPATH\Controllers\Transaksi.php(14): view('modernize/transaksi/index', [...])
11 SYSTEMPATH\CodeIgniter.php(932): App\Controllers\Transaksi->index()
12 SYSTEMPATH\CodeIgniter.php(497): CodeIgniter\CodeIgniter->runController(Object(App\Controllers\Transaksi))
13 SYSTEMPATH\CodeIgniter.php(366): CodeIgniter\CodeIgniter->handleRequest(null, Object(Config\Cache), false)
14 FCPATH\index.php(67): CodeIgniter\CodeIgniter->run()
15 SYSTEMPATH\Commands\Server\rewrite.php(47): require_once('D:\\Project\\Website\\PENJUALAN\\ci4app\\public\\index.php')
INFO - 2023-11-02 07:29:53 --> Session: Class initialized using 'CodeIgniter\Session\Handlers\FileHandler' driver.
WARNING - 2023-11-02 07:29:53 --> [DEPRECATED] ucfirst(): Passing null to parameter #1 ($string) of type string is deprecated in APPPATH\Views\modernize\_partials\header.php on line 91.
 1 APPPATH\Views\modernize\_partials\header.php(91): ucfirst(null)
 2 SYSTEMPATH\View\View.php(224): include('D:\\Project\\Website\\PENJUALAN\\ci4app\\app\\Views\\modernize\\_partials\\header.php')
 3 SYSTEMPATH\View\View.php(227): CodeIgniter\View\View->CodeIgniter\View\{closure}()
 4 SYSTEMPATH\View\View.php(452): CodeIgniter\View\View->render('modernize/_partials/header', null, true)
 5 APPPATH\Views\modernize\_partials\template.php(40): CodeIgniter\View\View->include('modernize/_partials/header')
 6 SYSTEMPATH\View\View.php(224): include('D:\\Project\\Website\\PENJUALAN\\ci4app\\app\\Views\\modernize\\_partials\\template.php')
 7 SYSTEMPATH\View\View.php(227): CodeIgniter\View\View->CodeIgniter\View\{closure}()
 8 SYSTEMPATH\View\View.php(240): CodeIgniter\View\View->render('modernize/_partials/template', [], true)
 9 SYSTEMPATH\Common.php(1180): CodeIgniter\View\View->render('modernize/transaksi/index', [], true)
10 APPPATH\Controllers\Transaksi.php(14): view('modernize/transaksi/index', [...])
11 SYSTEMPATH\CodeIgniter.php(932): App\Controllers\Transaksi->index()
12 SYSTEMPATH\CodeIgniter.php(497): CodeIgniter\CodeIgniter->runController(Object(App\Controllers\Transaksi))
13 SYSTEMPATH\CodeIgniter.php(366): CodeIgniter\CodeIgniter->handleRequest(null, Object(Config\Cache), false)
14 FCPATH\index.php(67): CodeIgniter\CodeIgniter->run()
15 SYSTEMPATH\Commands\Server\rewrite.php(47): require_once('D:\\Project\\Website\\PENJUALAN\\ci4app\\public\\index.php')
WARNING - 2023-11-02 07:29:53 --> [DEPRECATED] ucfirst(): Passing null to parameter #1 ($string) of type string is deprecated in APPPATH\Views\modernize\_partials\header.php on line 92.
 1 APPPATH\Views\modernize\_partials\header.php(92): ucfirst(null)
 2 SYSTEMPATH\View\View.php(224): include('D:\\Project\\Website\\PENJUALAN\\ci4app\\app\\Views\\modernize\\_partials\\header.php')
 3 SYSTEMPATH\View\View.php(227): CodeIgniter\View\View->CodeIgniter\View\{closure}()
 4 SYSTEMPATH\View\View.php(452): CodeIgniter\View\View->render('modernize/_partials/header', null, true)
 5 APPPATH\Views\modernize\_partials\template.php(40): CodeIgniter\View\View->include('modernize/_partials/header')
 6 SYSTEMPATH\View\View.php(224): include('D:\\Project\\Website\\PENJUALAN\\ci4app\\app\\Views\\modernize\\_partials\\template.php')
 7 SYSTEMPATH\View\View.php(227): CodeIgniter\View\View->CodeIgniter\View\{closure}()
 8 SYSTEMPATH\View\View.php(240): CodeIgniter\View\View->render('modernize/_partials/template', [], true)
 9 SYSTEMPATH\Common.php(1180): CodeIgniter\View\View->render('modernize/transaksi/index', [], true)
10 APPPATH\Controllers\Transaksi.php(14): view('modernize/transaksi/index', [...])
11 SYSTEMPATH\CodeIgniter.php(932): App\Controllers\Transaksi->index()
12 SYSTEMPATH\CodeIgniter.php(497): CodeIgniter\CodeIgniter->runController(Object(App\Controllers\Transaksi))
13 SYSTEMPATH\CodeIgniter.php(366): CodeIgniter\CodeIgniter->handleRequest(null, Object(Config\Cache), false)
14 FCPATH\index.php(67): CodeIgniter\CodeIgniter->run()
15 SYSTEMPATH\Commands\Server\rewrite.php(47): require_once('D:\\Project\\Website\\PENJUALAN\\ci4app\\public\\index.php')
INFO - 2023-11-02 07:30:02 --> Session: Class initialized using 'CodeIgniter\Session\Handlers\FileHandler' driver.
WARNING - 2023-11-02 07:30:02 --> [DEPRECATED] ucfirst(): Passing null to parameter #1 ($string) of type string is deprecated in APPPATH\Views\modernize\_partials\header.php on line 91.
 1 APPPATH\Views\modernize\_partials\header.php(91): ucfirst(null)
 2 SYSTEMPATH\View\View.php(224): include('D:\\Project\\Website\\PENJUALAN\\ci4app\\app\\Views\\modernize\\_partials\\header.php')
 3 SYSTEMPATH\View\View.php(227): CodeIgniter\View\View->CodeIgniter\View\{closure}()
 4 SYSTEMPATH\View\View.php(452): CodeIgniter\View\View->render('modernize/_partials/header', null, true)
 5 APPPATH\Views\modernize\_partials\template.php(40): CodeIgniter\View\View->include('modernize/_partials/header')
 6 SYSTEMPATH\View\View.php(224): include('D:\\Project\\Website\\PENJUALAN\\ci4app\\app\\Views\\modernize\\_partials\\template.php')
 7 SYSTEMPATH\View\View.php(227): CodeIgniter\View\View->CodeIgniter\View\{closure}()
 8 SYSTEMPATH\View\View.php(240): CodeIgniter\View\View->render('modernize/_partials/template', [], true)
 9 SYSTEMPATH\Common.php(1180): CodeIgniter\View\View->render('modernize/transaksi/index', [], true)
10 APPPATH\Controllers\Transaksi.php(14): view('modernize/transaksi/index', [...])
11 SYSTEMPATH\CodeIgniter.php(932): App\Controllers\Transaksi->index()
12 SYSTEMPATH\CodeIgniter.php(497): CodeIgniter\CodeIgniter->runController(Object(App\Controllers\Transaksi))
13 SYSTEMPATH\CodeIgniter.php(366): CodeIgniter\CodeIgniter->handleRequest(null, Object(Config\Cache), false)
14 FCPATH\index.php(67): CodeIgniter\CodeIgniter->run()
15 SYSTEMPATH\Commands\Server\rewrite.php(47): require_once('D:\\Project\\Website\\PENJUALAN\\ci4app\\public\\index.php')
WARNING - 2023-11-02 07:30:02 --> [DEPRECATED] ucfirst(): Passing null to parameter #1 ($string) of type string is deprecated in APPPATH\Views\modernize\_partials\header.php on line 92.
 1 APPPATH\Views\modernize\_partials\header.php(92): ucfirst(null)
 2 SYSTEMPATH\View\View.php(224): include('D:\\Project\\Website\\PENJUALAN\\ci4app\\app\\Views\\modernize\\_partials\\header.php')
 3 SYSTEMPATH\View\View.php(227): CodeIgniter\View\View->CodeIgniter\View\{closure}()
 4 SYSTEMPATH\View\View.php(452): CodeIgniter\View\View->render('modernize/_partials/header', null, true)
 5 APPPATH\Views\modernize\_partials\template.php(40): CodeIgniter\View\View->include('modernize/_partials/header')
 6 SYSTEMPATH\View\View.php(224): include('D:\\Project\\Website\\PENJUALAN\\ci4app\\app\\Views\\modernize\\_partials\\template.php')
 7 SYSTEMPATH\View\View.php(227): CodeIgniter\View\View->CodeIgniter\View\{closure}()
 8 SYSTEMPATH\View\View.php(240): CodeIgniter\View\View->render('modernize/_partials/template', [], true)
 9 SYSTEMPATH\Common.php(1180): CodeIgniter\View\View->render('modernize/transaksi/index', [], true)
10 APPPATH\Controllers\Transaksi.php(14): view('modernize/transaksi/index', [...])
11 SYSTEMPATH\CodeIgniter.php(932): App\Controllers\Transaksi->index()
12 SYSTEMPATH\CodeIgniter.php(497): CodeIgniter\CodeIgniter->runController(Object(App\Controllers\Transaksi))
13 SYSTEMPATH\CodeIgniter.php(366): CodeIgniter\CodeIgniter->handleRequest(null, Object(Config\Cache), false)
14 FCPATH\index.php(67): CodeIgniter\CodeIgniter->run()
15 SYSTEMPATH\Commands\Server\rewrite.php(47): require_once('D:\\Project\\Website\\PENJUALAN\\ci4app\\public\\index.php')
INFO - 2023-11-02 07:30:43 --> Session: Class initialized using 'CodeIgniter\Session\Handlers\FileHandler' driver.
WARNING - 2023-11-02 07:30:43 --> [DEPRECATED] ucfirst(): Passing null to parameter #1 ($string) of type string is deprecated in APPPATH\Views\modernize\_partials\header.php on line 91.
 1 APPPATH\Views\modernize\_partials\header.php(91): ucfirst(null)
 2 SYSTEMPATH\View\View.php(224): include('D:\\Project\\Website\\PENJUALAN\\ci4app\\app\\Views\\modernize\\_partials\\header.php')
 3 SYSTEMPATH\View\View.php(227): CodeIgniter\View\View->CodeIgniter\View\{closure}()
 4 SYSTEMPATH\View\View.php(452): CodeIgniter\View\View->render('modernize/_partials/header', null, true)
 5 APPPATH\Views\modernize\_partials\template.php(40): CodeIgniter\View\View->include('modernize/_partials/header')
 6 SYSTEMPATH\View\View.php(224): include('D:\\Project\\Website\\PENJUALAN\\ci4app\\app\\Views\\modernize\\_partials\\template.php')
 7 SYSTEMPATH\View\View.php(227): CodeIgniter\View\View->CodeIgniter\View\{closure}()
 8 SYSTEMPATH\View\View.php(240): CodeIgniter\View\View->render('modernize/_partials/template', [], true)
 9 SYSTEMPATH\Common.php(1180): CodeIgniter\View\View->render('modernize/transaksi/index', [], true)
10 APPPATH\Controllers\Transaksi.php(14): view('modernize/transaksi/index', [...])
11 SYSTEMPATH\CodeIgniter.php(932): App\Controllers\Transaksi->index()
12 SYSTEMPATH\CodeIgniter.php(497): CodeIgniter\CodeIgniter->runController(Object(App\Controllers\Transaksi))
13 SYSTEMPATH\CodeIgniter.php(366): CodeIgniter\CodeIgniter->handleRequest(null, Object(Config\Cache), false)
14 FCPATH\index.php(67): CodeIgniter\CodeIgniter->run()
15 SYSTEMPATH\Commands\Server\rewrite.php(47): require_once('D:\\Project\\Website\\PENJUALAN\\ci4app\\public\\index.php')
WARNING - 2023-11-02 07:30:43 --> [DEPRECATED] ucfirst(): Passing null to parameter #1 ($string) of type string is deprecated in APPPATH\Views\modernize\_partials\header.php on line 92.
 1 APPPATH\Views\modernize\_partials\header.php(92): ucfirst(null)
 2 SYSTEMPATH\View\View.php(224): include('D:\\Project\\Website\\PENJUALAN\\ci4app\\app\\Views\\modernize\\_partials\\header.php')
 3 SYSTEMPATH\View\View.php(227): CodeIgniter\View\View->CodeIgniter\View\{closure}()
 4 SYSTEMPATH\View\View.php(452): CodeIgniter\View\View->render('modernize/_partials/header', null, true)
 5 APPPATH\Views\modernize\_partials\template.php(40): CodeIgniter\View\View->include('modernize/_partials/header')
 6 SYSTEMPATH\View\View.php(224): include('D:\\Project\\Website\\PENJUALAN\\ci4app\\app\\Views\\modernize\\_partials\\template.php')
 7 SYSTEMPATH\View\View.php(227): CodeIgniter\View\View->CodeIgniter\View\{closure}()
 8 SYSTEMPATH\View\View.php(240): CodeIgniter\View\View->render('modernize/_partials/template', [], true)
 9 SYSTEMPATH\Common.php(1180): CodeIgniter\View\View->render('modernize/transaksi/index', [], true)
10 APPPATH\Controllers\Transaksi.php(14): view('modernize/transaksi/index', [...])
11 SYSTEMPATH\CodeIgniter.php(932): App\Controllers\Transaksi->index()
12 SYSTEMPATH\CodeIgniter.php(497): CodeIgniter\CodeIgniter->runController(Object(App\Controllers\Transaksi))
13 SYSTEMPATH\CodeIgniter.php(366): CodeIgniter\CodeIgniter->handleRequest(null, Object(Config\Cache), false)
14 FCPATH\index.php(67): CodeIgniter\CodeIgniter->run()
15 SYSTEMPATH\Commands\Server\rewrite.php(47): require_once('D:\\Project\\Website\\PENJUALAN\\ci4app\\public\\index.php')
INFO - 2023-11-02 07:30:46 --> Session: Class initialized using 'CodeIgniter\Session\Handlers\FileHandler' driver.
WARNING - 2023-11-02 07:30:46 --> [DEPRECATED] ucfirst(): Passing null to parameter #1 ($string) of type string is deprecated in APPPATH\Views\modernize\_partials\header.php on line 91.
 1 APPPATH\Views\modernize\_partials\header.php(91): ucfirst(null)
 2 SYSTEMPATH\View\View.php(224): include('D:\\Project\\Website\\PENJUALAN\\ci4app\\app\\Views\\modernize\\_partials\\header.php')
 3 SYSTEMPATH\View\View.php(227): CodeIgniter\View\View->CodeIgniter\View\{closure}()
 4 SYSTEMPATH\View\View.php(452): CodeIgniter\View\View->render('modernize/_partials/header', null, true)
 5 APPPATH\Views\modernize\_partials\template.php(40): CodeIgniter\View\View->include('modernize/_partials/header')
 6 SYSTEMPATH\View\View.php(224): include('D:\\Project\\Website\\PENJUALAN\\ci4app\\app\\Views\\modernize\\_partials\\template.php')
 7 SYSTEMPATH\View\View.php(227): CodeIgniter\View\View->CodeIgniter\View\{closure}()
 8 SYSTEMPATH\View\View.php(240): CodeIgniter\View\View->render('modernize/_partials/template', [], true)
 9 SYSTEMPATH\Common.php(1180): CodeIgniter\View\View->render('modernize/master/pengiriman/index', [], true)
10 APPPATH\Controllers\Pengiriman.php(16): view('modernize/master/pengiriman/index', [...])
11 SYSTEMPATH\CodeIgniter.php(932): App\Controllers\Pengiriman->index()
12 SYSTEMPATH\CodeIgniter.php(497): CodeIgniter\CodeIgniter->runController(Object(App\Controllers\Pengiriman))
13 SYSTEMPATH\CodeIgniter.php(366): CodeIgniter\CodeIgniter->handleRequest(null, Object(Config\Cache), false)
14 FCPATH\index.php(67): CodeIgniter\CodeIgniter->run()
15 SYSTEMPATH\Commands\Server\rewrite.php(47): require_once('D:\\Project\\Website\\PENJUALAN\\ci4app\\public\\index.php')
WARNING - 2023-11-02 07:30:46 --> [DEPRECATED] ucfirst(): Passing null to parameter #1 ($string) of type string is deprecated in APPPATH\Views\modernize\_partials\header.php on line 92.
 1 APPPATH\Views\modernize\_partials\header.php(92): ucfirst(null)
 2 SYSTEMPATH\View\View.php(224): include('D:\\Project\\Website\\PENJUALAN\\ci4app\\app\\Views\\modernize\\_partials\\header.php')
 3 SYSTEMPATH\View\View.php(227): CodeIgniter\View\View->CodeIgniter\View\{closure}()
 4 SYSTEMPATH\View\View.php(452): CodeIgniter\View\View->render('modernize/_partials/header', null, true)
 5 APPPATH\Views\modernize\_partials\template.php(40): CodeIgniter\View\View->include('modernize/_partials/header')
 6 SYSTEMPATH\View\View.php(224): include('D:\\Project\\Website\\PENJUALAN\\ci4app\\app\\Views\\modernize\\_partials\\template.php')
 7 SYSTEMPATH\View\View.php(227): CodeIgniter\View\View->CodeIgniter\View\{closure}()
 8 SYSTEMPATH\View\View.php(240): CodeIgniter\View\View->render('modernize/_partials/template', [], true)
 9 SYSTEMPATH\Common.php(1180): CodeIgniter\View\View->render('modernize/master/pengiriman/index', [], true)
10 APPPATH\Controllers\Pengiriman.php(16): view('modernize/master/pengiriman/index', [...])
11 SYSTEMPATH\CodeIgniter.php(932): App\Controllers\Pengiriman->index()
12 SYSTEMPATH\CodeIgniter.php(497): CodeIgniter\CodeIgniter->runController(Object(App\Controllers\Pengiriman))
13 SYSTEMPATH\CodeIgniter.php(366): CodeIgniter\CodeIgniter->handleRequest(null, Object(Config\Cache), false)
14 FCPATH\index.php(67): CodeIgniter\CodeIgniter->run()
15 SYSTEMPATH\Commands\Server\rewrite.php(47): require_once('D:\\Project\\Website\\PENJUALAN\\ci4app\\public\\index.php')
CRITICAL - 2023-11-02 07:30:47 --> Invalid file: "modernize/test/index.php"
in SYSTEMPATH\Exceptions\FrameworkException.php on line 33.
 1 SYSTEMPATH\View\View.php(212): CodeIgniter\Exceptions\FrameworkException::forInvalidFile('modernize/test/index.php')
 2 SYSTEMPATH\Common.php(1180): CodeIgniter\View\View->render('modernize/test/index', [], true)
 3 APPPATH\Controllers\Test.php(11): view('modernize/test/index')
 4 SYSTEMPATH\CodeIgniter.php(932): App\Controllers\Test->index()
 5 SYSTEMPATH\CodeIgniter.php(497): CodeIgniter\CodeIgniter->runController(Object(App\Controllers\Test))
 6 SYSTEMPATH\CodeIgniter.php(366): CodeIgniter\CodeIgniter->handleRequest(null, Object(Config\Cache), false)
 7 FCPATH\index.php(67): CodeIgniter\CodeIgniter->run()
 8 SYSTEMPATH\Commands\Server\rewrite.php(47): require_once('D:\\Project\\Website\\PENJUALAN\\ci4app\\public\\index.php')
INFO - 2023-11-02 07:30:55 --> Session: Class initialized using 'CodeIgniter\Session\Handlers\FileHandler' driver.
WARNING - 2023-11-02 07:30:55 --> [DEPRECATED] ucfirst(): Passing null to parameter #1 ($string) of type string is deprecated in APPPATH\Views\modernize\_partials\header.php on line 91.
 1 APPPATH\Views\modernize\_partials\header.php(91): ucfirst(null)
 2 SYSTEMPATH\View\View.php(224): include('D:\\Project\\Website\\PENJUALAN\\ci4app\\app\\Views\\modernize\\_partials\\header.php')
 3 SYSTEMPATH\View\View.php(227): CodeIgniter\View\View->CodeIgniter\View\{closure}()
 4 SYSTEMPATH\View\View.php(452): CodeIgniter\View\View->render('modernize/_partials/header', null, true)
 5 APPPATH\Views\modernize\_partials\template.php(40): CodeIgniter\View\View->include('modernize/_partials/header')
 6 SYSTEMPATH\View\View.php(224): include('D:\\Project\\Website\\PENJUALAN\\ci4app\\app\\Views\\modernize\\_partials\\template.php')
 7 SYSTEMPATH\View\View.php(227): CodeIgniter\View\View->CodeIgniter\View\{closure}()
 8 SYSTEMPATH\View\View.php(240): CodeIgniter\View\View->render('modernize/_partials/template', [], true)
 9 SYSTEMPATH\Common.php(1180): CodeIgniter\View\View->render('modernize/master/pengiriman/index', [], true)
10 APPPATH\Controllers\Pengiriman.php(16): view('modernize/master/pengiriman/index', [...])
11 SYSTEMPATH\CodeIgniter.php(932): App\Controllers\Pengiriman->index()
12 SYSTEMPATH\CodeIgniter.php(497): CodeIgniter\CodeIgniter->runController(Object(App\Controllers\Pengiriman))
13 SYSTEMPATH\CodeIgniter.php(366): CodeIgniter\CodeIgniter->handleRequest(null, Object(Config\Cache), false)
14 FCPATH\index.php(67): CodeIgniter\CodeIgniter->run()
15 SYSTEMPATH\Commands\Server\rewrite.php(47): require_once('D:\\Project\\Website\\PENJUALAN\\ci4app\\public\\index.php')
WARNING - 2023-11-02 07:30:55 --> [DEPRECATED] ucfirst(): Passing null to parameter #1 ($string) of type string is deprecated in APPPATH\Views\modernize\_partials\header.php on line 92.
 1 APPPATH\Views\modernize\_partials\header.php(92): ucfirst(null)
 2 SYSTEMPATH\View\View.php(224): include('D:\\Project\\Website\\PENJUALAN\\ci4app\\app\\Views\\modernize\\_partials\\header.php')
 3 SYSTEMPATH\View\View.php(227): CodeIgniter\View\View->CodeIgniter\View\{closure}()
 4 SYSTEMPATH\View\View.php(452): CodeIgniter\View\View->render('modernize/_partials/header', null, true)
 5 APPPATH\Views\modernize\_partials\template.php(40): CodeIgniter\View\View->include('modernize/_partials/header')
 6 SYSTEMPATH\View\View.php(224): include('D:\\Project\\Website\\PENJUALAN\\ci4app\\app\\Views\\modernize\\_partials\\template.php')
 7 SYSTEMPATH\View\View.php(227): CodeIgniter\View\View->CodeIgniter\View\{closure}()
 8 SYSTEMPATH\View\View.php(240): CodeIgniter\View\View->render('modernize/_partials/template', [], true)
 9 SYSTEMPATH\Common.php(1180): CodeIgniter\View\View->render('modernize/master/pengiriman/index', [], true)
10 APPPATH\Controllers\Pengiriman.php(16): view('modernize/master/pengiriman/index', [...])
11 SYSTEMPATH\CodeIgniter.php(932): App\Controllers\Pengiriman->index()
12 SYSTEMPATH\CodeIgniter.php(497): CodeIgniter\CodeIgniter->runController(Object(App\Controllers\Pengiriman))
13 SYSTEMPATH\CodeIgniter.php(366): CodeIgniter\CodeIgniter->handleRequest(null, Object(Config\Cache), false)
14 FCPATH\index.php(67): CodeIgniter\CodeIgniter->run()
15 SYSTEMPATH\Commands\Server\rewrite.php(47): require_once('D:\\Project\\Website\\PENJUALAN\\ci4app\\public\\index.php')
CRITICAL - 2023-11-02 07:31:04 --> Invalid file: "modernize/test/index.php"
in SYSTEMPATH\Exceptions\FrameworkException.php on line 33.
 1 SYSTEMPATH\View\View.php(212): CodeIgniter\Exceptions\FrameworkException::forInvalidFile('modernize/test/index.php')
 2 SYSTEMPATH\Common.php(1180): CodeIgniter\View\View->render('modernize/test/index', [], true)
 3 APPPATH\Controllers\Test.php(11): view('modernize/test/index')
 4 SYSTEMPATH\CodeIgniter.php(932): App\Controllers\Test->index()
 5 SYSTEMPATH\CodeIgniter.php(497): CodeIgniter\CodeIgniter->runController(Object(App\Controllers\Test))
 6 SYSTEMPATH\CodeIgniter.php(366): CodeIgniter\CodeIgniter->handleRequest(null, Object(Config\Cache), false)
 7 FCPATH\index.php(67): CodeIgniter\CodeIgniter->run()
 8 SYSTEMPATH\Commands\Server\rewrite.php(47): require_once('D:\\Project\\Website\\PENJUALAN\\ci4app\\public\\index.php')
INFO - 2023-11-02 07:31:05 --> Session: Class initialized using 'CodeIgniter\Session\Handlers\FileHandler' driver.
WARNING - 2023-11-02 07:31:05 --> [DEPRECATED] ucfirst(): Passing null to parameter #1 ($string) of type string is deprecated in APPPATH\Views\modernize\_partials\header.php on line 91.
 1 APPPATH\Views\modernize\_partials\header.php(91): ucfirst(null)
 2 SYSTEMPATH\View\View.php(224): include('D:\\Project\\Website\\PENJUALAN\\ci4app\\app\\Views\\modernize\\_partials\\header.php')
 3 SYSTEMPATH\View\View.php(227): CodeIgniter\View\View->CodeIgniter\View\{closure}()
 4 SYSTEMPATH\View\View.php(452): CodeIgniter\View\View->render('modernize/_partials/header', null, true)
 5 APPPATH\Views\modernize\_partials\template.php(40): CodeIgniter\View\View->include('modernize/_partials/header')
 6 SYSTEMPATH\View\View.php(224): include('D:\\Project\\Website\\PENJUALAN\\ci4app\\app\\Views\\modernize\\_partials\\template.php')
 7 SYSTEMPATH\View\View.php(227): CodeIgniter\View\View->CodeIgniter\View\{closure}()
 8 SYSTEMPATH\View\View.php(240): CodeIgniter\View\View->render('modernize/_partials/template', [], true)
 9 SYSTEMPATH\Common.php(1180): CodeIgniter\View\View->render('modernize/master/pengiriman/index', [], true)
10 APPPATH\Controllers\Pengiriman.php(16): view('modernize/master/pengiriman/index', [...])
11 SYSTEMPATH\CodeIgniter.php(932): App\Controllers\Pengiriman->index()
12 SYSTEMPATH\CodeIgniter.php(497): CodeIgniter\CodeIgniter->runController(Object(App\Controllers\Pengiriman))
13 SYSTEMPATH\CodeIgniter.php(366): CodeIgniter\CodeIgniter->handleRequest(null, Object(Config\Cache), false)
14 FCPATH\index.php(67): CodeIgniter\CodeIgniter->run()
15 SYSTEMPATH\Commands\Server\rewrite.php(47): require_once('D:\\Project\\Website\\PENJUALAN\\ci4app\\public\\index.php')
WARNING - 2023-11-02 07:31:05 --> [DEPRECATED] ucfirst(): Passing null to parameter #1 ($string) of type string is deprecated in APPPATH\Views\modernize\_partials\header.php on line 92.
 1 APPPATH\Views\modernize\_partials\header.php(92): ucfirst(null)
 2 SYSTEMPATH\View\View.php(224): include('D:\\Project\\Website\\PENJUALAN\\ci4app\\app\\Views\\modernize\\_partials\\header.php')
 3 SYSTEMPATH\View\View.php(227): CodeIgniter\View\View->CodeIgniter\View\{closure}()
 4 SYSTEMPATH\View\View.php(452): CodeIgniter\View\View->render('modernize/_partials/header', null, true)
 5 APPPATH\Views\modernize\_partials\template.php(40): CodeIgniter\View\View->include('modernize/_partials/header')
 6 SYSTEMPATH\View\View.php(224): include('D:\\Project\\Website\\PENJUALAN\\ci4app\\app\\Views\\modernize\\_partials\\template.php')
 7 SYSTEMPATH\View\View.php(227): CodeIgniter\View\View->CodeIgniter\View\{closure}()
 8 SYSTEMPATH\View\View.php(240): CodeIgniter\View\View->render('modernize/_partials/template', [], true)
 9 SYSTEMPATH\Common.php(1180): CodeIgniter\View\View->render('modernize/master/pengiriman/index', [], true)
10 APPPATH\Controllers\Pengiriman.php(16): view('modernize/master/pengiriman/index', [...])
11 SYSTEMPATH\CodeIgniter.php(932): App\Controllers\Pengiriman->index()
12 SYSTEMPATH\CodeIgniter.php(497): CodeIgniter\CodeIgniter->runController(Object(App\Controllers\Pengiriman))
13 SYSTEMPATH\CodeIgniter.php(366): CodeIgniter\CodeIgniter->handleRequest(null, Object(Config\Cache), false)
14 FCPATH\index.php(67): CodeIgniter\CodeIgniter->run()
15 SYSTEMPATH\Commands\Server\rewrite.php(47): require_once('D:\\Project\\Website\\PENJUALAN\\ci4app\\public\\index.php')
INFO - 2023-11-02 07:31:07 --> Session: Class initialized using 'CodeIgniter\Session\Handlers\FileHandler' driver.
WARNING - 2023-11-02 07:31:07 --> [DEPRECATED] ucfirst(): Passing null to parameter #1 ($string) of type string is deprecated in APPPATH\Views\modernize\_partials\header.php on line 91.
 1 APPPATH\Views\modernize\_partials\header.php(91): ucfirst(null)
 2 SYSTEMPATH\View\View.php(224): include('D:\\Project\\Website\\PENJUALAN\\ci4app\\app\\Views\\modernize\\_partials\\header.php')
 3 SYSTEMPATH\View\View.php(227): CodeIgniter\View\View->CodeIgniter\View\{closure}()
 4 SYSTEMPATH\View\View.php(452): CodeIgniter\View\View->render('modernize/_partials/header', null, true)
 5 APPPATH\Views\modernize\_partials\template.php(40): CodeIgniter\View\View->include('modernize/_partials/header')
 6 SYSTEMPATH\View\View.php(224): include('D:\\Project\\Website\\PENJUALAN\\ci4app\\app\\Views\\modernize\\_partials\\template.php')
 7 SYSTEMPATH\View\View.php(227): CodeIgniter\View\View->CodeIgniter\View\{closure}()
 8 SYSTEMPATH\View\View.php(240): CodeIgniter\View\View->render('modernize/_partials/template', [], true)
 9 SYSTEMPATH\Common.php(1180): CodeIgniter\View\View->render('modernize/master/pengiriman/index', [], true)
10 APPPATH\Controllers\Pengiriman.php(16): view('modernize/master/pengiriman/index', [...])
11 SYSTEMPATH\CodeIgniter.php(932): App\Controllers\Pengiriman->index()
12 SYSTEMPATH\CodeIgniter.php(497): CodeIgniter\CodeIgniter->runController(Object(App\Controllers\Pengiriman))
13 SYSTEMPATH\CodeIgniter.php(366): CodeIgniter\CodeIgniter->handleRequest(null, Object(Config\Cache), false)
14 FCPATH\index.php(67): CodeIgniter\CodeIgniter->run()
15 SYSTEMPATH\Commands\Server\rewrite.php(47): require_once('D:\\Project\\Website\\PENJUALAN\\ci4app\\public\\index.php')
WARNING - 2023-11-02 07:31:07 --> [DEPRECATED] ucfirst(): Passing null to parameter #1 ($string) of type string is deprecated in APPPATH\Views\modernize\_partials\header.php on line 92.
 1 APPPATH\Views\modernize\_partials\header.php(92): ucfirst(null)
 2 SYSTEMPATH\View\View.php(224): include('D:\\Project\\Website\\PENJUALAN\\ci4app\\app\\Views\\modernize\\_partials\\header.php')
 3 SYSTEMPATH\View\View.php(227): CodeIgniter\View\View->CodeIgniter\View\{closure}()
 4 SYSTEMPATH\View\View.php(452): CodeIgniter\View\View->render('modernize/_partials/header', null, true)
 5 APPPATH\Views\modernize\_partials\template.php(40): CodeIgniter\View\View->include('modernize/_partials/header')
 6 SYSTEMPATH\View\View.php(224): include('D:\\Project\\Website\\PENJUALAN\\ci4app\\app\\Views\\modernize\\_partials\\template.php')
 7 SYSTEMPATH\View\View.php(227): CodeIgniter\View\View->CodeIgniter\View\{closure}()
 8 SYSTEMPATH\View\View.php(240): CodeIgniter\View\View->render('modernize/_partials/template', [], true)
 9 SYSTEMPATH\Common.php(1180): CodeIgniter\View\View->render('modernize/master/pengiriman/index', [], true)
10 APPPATH\Controllers\Pengiriman.php(16): view('modernize/master/pengiriman/index', [...])
11 SYSTEMPATH\CodeIgniter.php(932): App\Controllers\Pengiriman->index()
12 SYSTEMPATH\CodeIgniter.php(497): CodeIgniter\CodeIgniter->runController(Object(App\Controllers\Pengiriman))
13 SYSTEMPATH\CodeIgniter.php(366): CodeIgniter\CodeIgniter->handleRequest(null, Object(Config\Cache), false)
14 FCPATH\index.php(67): CodeIgniter\CodeIgniter->run()
15 SYSTEMPATH\Commands\Server\rewrite.php(47): require_once('D:\\Project\\Website\\PENJUALAN\\ci4app\\public\\index.php')
INFO - 2023-11-02 07:31:08 --> Session: Class initialized using 'CodeIgniter\Session\Handlers\FileHandler' driver.
WARNING - 2023-11-02 07:31:08 --> [DEPRECATED] ucfirst(): Passing null to parameter #1 ($string) of type string is deprecated in APPPATH\Views\modernize\_partials\header.php on line 91.
 1 APPPATH\Views\modernize\_partials\header.php(91): ucfirst(null)
 2 SYSTEMPATH\View\View.php(224): include('D:\\Project\\Website\\PENJUALAN\\ci4app\\app\\Views\\modernize\\_partials\\header.php')
 3 SYSTEMPATH\View\View.php(227): CodeIgniter\View\View->CodeIgniter\View\{closure}()
 4 SYSTEMPATH\View\View.php(452): CodeIgniter\View\View->render('modernize/_partials/header', null, true)
 5 APPPATH\Views\modernize\_partials\template.php(40): CodeIgniter\View\View->include('modernize/_partials/header')
 6 SYSTEMPATH\View\View.php(224): include('D:\\Project\\Website\\PENJUALAN\\ci4app\\app\\Views\\modernize\\_partials\\template.php')
 7 SYSTEMPATH\View\View.php(227): CodeIgniter\View\View->CodeIgniter\View\{closure}()
 8 SYSTEMPATH\View\View.php(240): CodeIgniter\View\View->render('modernize/_partials/template', [], true)
 9 SYSTEMPATH\Common.php(1180): CodeIgniter\View\View->render('modernize/dashboard/index', [], true)
10 APPPATH\Controllers\Dashboard.php(9): view('modernize/dashboard/index')
11 SYSTEMPATH\CodeIgniter.php(932): App\Controllers\Dashboard->index()
12 SYSTEMPATH\CodeIgniter.php(497): CodeIgniter\CodeIgniter->runController(Object(App\Controllers\Dashboard))
13 SYSTEMPATH\CodeIgniter.php(366): CodeIgniter\CodeIgniter->handleRequest(null, Object(Config\Cache), false)
14 FCPATH\index.php(67): CodeIgniter\CodeIgniter->run()
15 SYSTEMPATH\Commands\Server\rewrite.php(47): require_once('D:\\Project\\Website\\PENJUALAN\\ci4app\\public\\index.php')
WARNING - 2023-11-02 07:31:08 --> [DEPRECATED] ucfirst(): Passing null to parameter #1 ($string) of type string is deprecated in APPPATH\Views\modernize\_partials\header.php on line 92.
 1 APPPATH\Views\modernize\_partials\header.php(92): ucfirst(null)
 2 SYSTEMPATH\View\View.php(224): include('D:\\Project\\Website\\PENJUALAN\\ci4app\\app\\Views\\modernize\\_partials\\header.php')
 3 SYSTEMPATH\View\View.php(227): CodeIgniter\View\View->CodeIgniter\View\{closure}()
 4 SYSTEMPATH\View\View.php(452): CodeIgniter\View\View->render('modernize/_partials/header', null, true)
 5 APPPATH\Views\modernize\_partials\template.php(40): CodeIgniter\View\View->include('modernize/_partials/header')
 6 SYSTEMPATH\View\View.php(224): include('D:\\Project\\Website\\PENJUALAN\\ci4app\\app\\Views\\modernize\\_partials\\template.php')
 7 SYSTEMPATH\View\View.php(227): CodeIgniter\View\View->CodeIgniter\View\{closure}()
 8 SYSTEMPATH\View\View.php(240): CodeIgniter\View\View->render('modernize/_partials/template', [], true)
 9 SYSTEMPATH\Common.php(1180): CodeIgniter\View\View->render('modernize/dashboard/index', [], true)
10 APPPATH\Controllers\Dashboard.php(9): view('modernize/dashboard/index')
11 SYSTEMPATH\CodeIgniter.php(932): App\Controllers\Dashboard->index()
12 SYSTEMPATH\CodeIgniter.php(497): CodeIgniter\CodeIgniter->runController(Object(App\Controllers\Dashboard))
13 SYSTEMPATH\CodeIgniter.php(366): CodeIgniter\CodeIgniter->handleRequest(null, Object(Config\Cache), false)
14 FCPATH\index.php(67): CodeIgniter\CodeIgniter->run()
15 SYSTEMPATH\Commands\Server\rewrite.php(47): require_once('D:\\Project\\Website\\PENJUALAN\\ci4app\\public\\index.php')
