INFO - 2023-07-23 04:56:27 --> Session: Class initialized using 'CodeIgniter\Session\Handlers\FileHandler' driver.
INFO - 2023-07-23 04:56:27 --> Session: Class initialized using 'CodeIgniter\Session\Handlers\FileHandler' driver.
INFO - 2023-07-23 04:56:28 --> Session: Class initialized using 'CodeIgniter\Session\Handlers\FileHandler' driver.
INFO - 2023-07-23 04:56:31 --> Session: Class initialized using 'CodeIgniter\Session\Handlers\FileHandler' driver.
INFO - 2023-07-23 04:56:32 --> Session: Class initialized using 'CodeIgniter\Session\Handlers\FileHandler' driver.
INFO - 2023-07-23 04:56:37 --> Session: Class initialized using 'CodeIgniter\Session\Handlers\FileHandler' driver.
INFO - 2023-07-23 04:56:41 --> Session: Class initialized using 'CodeIgniter\Session\Handlers\FileHandler' driver.
INFO - 2023-07-23 04:56:47 --> Session: Class initialized using 'CodeIgniter\Session\Handlers\FileHandler' driver.
INFO - 2023-07-23 04:56:50 --> Session: Class initialized using 'CodeIgniter\Session\Handlers\FileHandler' driver.
INFO - 2023-07-23 05:01:07 --> Session: Class initialized using 'CodeIgniter\Session\Handlers\FileHandler' driver.
INFO - 2023-07-23 05:01:07 --> Session: Class initialized using 'CodeIgniter\Session\Handlers\FileHandler' driver.
INFO - 2023-07-23 05:01:08 --> Session: Class initialized using 'CodeIgniter\Session\Handlers\FileHandler' driver.
INFO - 2023-07-23 05:01:09 --> Session: Class initialized using 'CodeIgniter\Session\Handlers\FileHandler' driver.
INFO - 2023-07-23 05:02:18 --> Session: Class initialized using 'CodeIgniter\Session\Handlers\FileHandler' driver.
INFO - 2023-07-23 05:05:12 --> Session: Class initialized using 'CodeIgniter\Session\Handlers\FileHandler' driver.
INFO - 2023-07-23 05:05:24 --> Session: Class initialized using 'CodeIgniter\Session\Handlers\FileHandler' driver.
INFO - 2023-07-23 05:05:25 --> Session: Class initialized using 'CodeIgniter\Session\Handlers\FileHandler' driver.
INFO - 2023-07-23 05:05:33 --> Session: Class initialized using 'CodeIgniter\Session\Handlers\FileHandler' driver.
INFO - 2023-07-23 05:06:36 --> Session: Class initialized using 'CodeIgniter\Session\Handlers\FileHandler' driver.
INFO - 2023-07-23 06:30:02 --> Session: Class initialized using 'CodeIgniter\Session\Handlers\FileHandler' driver.
INFO - 2023-07-23 06:30:35 --> Session: Class initialized using 'CodeIgniter\Session\Handlers\FileHandler' driver.
INFO - 2023-07-23 06:30:36 --> Session: Class initialized using 'CodeIgniter\Session\Handlers\FileHandler' driver.
INFO - 2023-07-23 06:30:36 --> Session: Class initialized using 'CodeIgniter\Session\Handlers\FileHandler' driver.
INFO - 2023-07-23 06:30:37 --> Session: Class initialized using 'CodeIgniter\Session\Handlers\FileHandler' driver.
INFO - 2023-07-23 06:30:37 --> Session: Class initialized using 'CodeIgniter\Session\Handlers\FileHandler' driver.
INFO - 2023-07-23 06:30:47 --> Session: Class initialized using 'CodeIgniter\Session\Handlers\FileHandler' driver.
INFO - 2023-07-23 06:30:47 --> Session: Class initialized using 'CodeIgniter\Session\Handlers\FileHandler' driver.
INFO - 2023-07-23 06:30:51 --> Session: Class initialized using 'CodeIgniter\Session\Handlers\FileHandler' driver.
INFO - 2023-07-23 06:32:18 --> Session: Class initialized using 'CodeIgniter\Session\Handlers\FileHandler' driver.
INFO - 2023-07-23 06:32:20 --> Session: Class initialized using 'CodeIgniter\Session\Handlers\FileHandler' driver.
INFO - 2023-07-23 06:33:07 --> Session: Class initialized using 'CodeIgniter\Session\Handlers\FileHandler' driver.
INFO - 2023-07-23 06:59:57 --> Session: Class initialized using 'CodeIgniter\Session\Handlers\FileHandler' driver.
INFO - 2023-07-23 06:59:59 --> Session: Class initialized using 'CodeIgniter\Session\Handlers\FileHandler' driver.
INFO - 2023-07-23 07:14:29 --> Session: Class initialized using 'CodeIgniter\Session\Handlers\FileHandler' driver.
INFO - 2023-07-23 07:18:46 --> Session: Class initialized using 'CodeIgniter\Session\Handlers\FileHandler' driver.
INFO - 2023-07-23 07:31:44 --> Session: Class initialized using 'CodeIgniter\Session\Handlers\FileHandler' driver.
INFO - 2023-07-23 07:31:45 --> Session: Class initialized using 'CodeIgniter\Session\Handlers\FileHandler' driver.
INFO - 2023-07-23 07:31:45 --> Session: Class initialized using 'CodeIgniter\Session\Handlers\FileHandler' driver.
INFO - 2023-07-23 07:31:45 --> Session: Class initialized using 'CodeIgniter\Session\Handlers\FileHandler' driver.
INFO - 2023-07-23 07:31:46 --> Session: Class initialized using 'CodeIgniter\Session\Handlers\FileHandler' driver.
INFO - 2023-07-23 07:31:46 --> Session: Class initialized using 'CodeIgniter\Session\Handlers\FileHandler' driver.
INFO - 2023-07-23 07:31:46 --> Session: Class initialized using 'CodeIgniter\Session\Handlers\FileHandler' driver.
INFO - 2023-07-23 07:31:47 --> Session: Class initialized using 'CodeIgniter\Session\Handlers\FileHandler' driver.
INFO - 2023-07-23 07:32:06 --> Session: Class initialized using 'CodeIgniter\Session\Handlers\FileHandler' driver.
INFO - 2023-07-23 07:32:07 --> Session: Class initialized using 'CodeIgniter\Session\Handlers\FileHandler' driver.
INFO - 2023-07-23 07:32:18 --> Session: Class initialized using 'CodeIgniter\Session\Handlers\FileHandler' driver.
INFO - 2023-07-23 07:32:21 --> Session: Class initialized using 'CodeIgniter\Session\Handlers\FileHandler' driver.
INFO - 2023-07-23 07:32:24 --> Session: Class initialized using 'CodeIgniter\Session\Handlers\FileHandler' driver.
INFO - 2023-07-23 07:32:29 --> Session: Class initialized using 'CodeIgniter\Session\Handlers\FileHandler' driver.
CRITICAL - 2023-07-23 07:32:51 --> passthru(): Unable to fork ["C:\xampp\php\php.exe" -S localhost:8080 -t "D:\SEMESTER 4\Peng.Aplikasi Enterprise\PENJUALAN\ci4app\public\\" "D:\SEMESTER 4\Peng.Aplikasi Enterprise\PENJUALAN\ci4app\vendor\codeigniter4\framework\system\Commands\Server/rewrite.php"]
in SYSTEMPATH\Commands\Server\Serve.php on line 109.
 1 [internal function]: CodeIgniter\Debug\Exceptions->errorHandler(2, 'passthru(): Unable to fork ["C:\\xampp\\php\\php.exe" -S localhost:8080 -t "D:\\SEMESTER 4\\Peng.Aplikasi Enterprise\\PENJUALAN\\ci4app\\public\\\\" "D:\\SEMESTER 4\\Peng.Aplikasi Enterprise\\PENJUALAN\\ci4app\\vendor\\codeigniter4\\framework\\system\\Commands\\Server/rewrite.php"]', 'D:\\SEMESTER 4\\Peng.Aplikasi Enterprise\\PENJUALAN\\ci4app\\vendor\\codeigniter4\\framework\\system\\Commands\\Server\\Serve.php', 109, [...])
 2 SYSTEMPATH\Commands\Server\Serve.php(109): passthru('"C:\\xampp\\php\\php.exe" -S localhost:8080 -t "D:\\SEMESTER 4\\Peng.Aplikasi Enterprise\\PENJUALAN\\ci4app\\public\\\\" "D:\\SEMESTER 4\\Peng.Aplikasi Enterprise\\PENJUALAN\\ci4app\\vendor\\codeigniter4\\framework\\system\\Commands\\Server/rewrite.php"', -1)
 3 SYSTEMPATH\CLI\Commands.php(65): CodeIgniter\Commands\Server\Serve->run([])
 4 SYSTEMPATH\CLI\Console.php(37): CodeIgniter\CLI\Commands->run('serve', [])
 5 ROOTPATH\spark(97): CodeIgniter\CLI\Console->run()
INFO - 2023-07-23 07:33:07 --> Session: Class initialized using 'CodeIgniter\Session\Handlers\FileHandler' driver.
INFO - 2023-07-23 07:33:10 --> Session: Class initialized using 'CodeIgniter\Session\Handlers\FileHandler' driver.
INFO - 2023-07-23 07:33:10 --> Session: Class initialized using 'CodeIgniter\Session\Handlers\FileHandler' driver.
INFO - 2023-07-23 07:33:13 --> Session: Class initialized using 'CodeIgniter\Session\Handlers\FileHandler' driver.
INFO - 2023-07-23 07:33:14 --> Session: Class initialized using 'CodeIgniter\Session\Handlers\FileHandler' driver.
INFO - 2023-07-23 07:33:17 --> Session: Class initialized using 'CodeIgniter\Session\Handlers\FileHandler' driver.
INFO - 2023-07-23 07:33:17 --> Session: Class initialized using 'CodeIgniter\Session\Handlers\FileHandler' driver.
INFO - 2023-07-23 07:34:01 --> Session: Class initialized using 'CodeIgniter\Session\Handlers\FileHandler' driver.
INFO - 2023-07-23 07:34:01 --> Session: Class initialized using 'CodeIgniter\Session\Handlers\FileHandler' driver.
INFO - 2023-07-23 07:34:11 --> Session: Class initialized using 'CodeIgniter\Session\Handlers\FileHandler' driver.
INFO - 2023-07-23 07:34:11 --> Session: Class initialized using 'CodeIgniter\Session\Handlers\FileHandler' driver.
INFO - 2023-07-23 07:39:13 --> Session: Class initialized using 'CodeIgniter\Session\Handlers\FileHandler' driver.
INFO - 2023-07-23 07:40:46 --> Session: Class initialized using 'CodeIgniter\Session\Handlers\FileHandler' driver.
INFO - 2023-07-23 07:40:49 --> Session: Class initialized using 'CodeIgniter\Session\Handlers\FileHandler' driver.
INFO - 2023-07-23 07:40:54 --> Session: Class initialized using 'CodeIgniter\Session\Handlers\FileHandler' driver.
INFO - 2023-07-23 07:40:55 --> Session: Class initialized using 'CodeIgniter\Session\Handlers\FileHandler' driver.
INFO - 2023-07-23 07:41:08 --> Session: Class initialized using 'CodeIgniter\Session\Handlers\FileHandler' driver.
INFO - 2023-07-23 07:41:17 --> Session: Class initialized using 'CodeIgniter\Session\Handlers\FileHandler' driver.
INFO - 2023-07-23 07:41:26 --> Session: Class initialized using 'CodeIgniter\Session\Handlers\FileHandler' driver.
INFO - 2023-07-23 07:41:31 --> Session: Class initialized using 'CodeIgniter\Session\Handlers\FileHandler' driver.
INFO - 2023-07-23 07:41:32 --> Session: Class initialized using 'CodeIgniter\Session\Handlers\FileHandler' driver.
INFO - 2023-07-23 07:41:36 --> Session: Class initialized using 'CodeIgniter\Session\Handlers\FileHandler' driver.
INFO - 2023-07-23 07:41:36 --> Session: Class initialized using 'CodeIgniter\Session\Handlers\FileHandler' driver.
INFO - 2023-07-23 07:41:39 --> Session: Class initialized using 'CodeIgniter\Session\Handlers\FileHandler' driver.
INFO - 2023-07-23 07:41:43 --> Session: Class initialized using 'CodeIgniter\Session\Handlers\FileHandler' driver.
INFO - 2023-07-23 07:41:45 --> Session: Class initialized using 'CodeIgniter\Session\Handlers\FileHandler' driver.
INFO - 2023-07-23 07:41:48 --> Session: Class initialized using 'CodeIgniter\Session\Handlers\FileHandler' driver.
INFO - 2023-07-23 07:42:09 --> Session: Class initialized using 'CodeIgniter\Session\Handlers\FileHandler' driver.
INFO - 2023-07-23 07:42:09 --> Session: Class initialized using 'CodeIgniter\Session\Handlers\FileHandler' driver.
INFO - 2023-07-23 07:43:01 --> Session: Class initialized using 'CodeIgniter\Session\Handlers\FileHandler' driver.
INFO - 2023-07-23 07:43:01 --> Session: Class initialized using 'CodeIgniter\Session\Handlers\FileHandler' driver.
INFO - 2023-07-23 07:44:16 --> Session: Class initialized using 'CodeIgniter\Session\Handlers\FileHandler' driver.
INFO - 2023-07-23 07:44:18 --> Session: Class initialized using 'CodeIgniter\Session\Handlers\FileHandler' driver.
INFO - 2023-07-23 07:51:25 --> Session: Class initialized using 'CodeIgniter\Session\Handlers\FileHandler' driver.
INFO - 2023-07-23 07:51:29 --> Session: Class initialized using 'CodeIgniter\Session\Handlers\FileHandler' driver.
INFO - 2023-07-23 07:51:43 --> Session: Class initialized using 'CodeIgniter\Session\Handlers\FileHandler' driver.
INFO - 2023-07-23 08:04:59 --> Session: Class initialized using 'CodeIgniter\Session\Handlers\FileHandler' driver.
INFO - 2023-07-23 08:05:04 --> Session: Class initialized using 'CodeIgniter\Session\Handlers\FileHandler' driver.
INFO - 2023-07-23 08:05:17 --> Session: Class initialized using 'CodeIgniter\Session\Handlers\FileHandler' driver.
INFO - 2023-07-23 08:05:17 --> Session: Class initialized using 'CodeIgniter\Session\Handlers\FileHandler' driver.
INFO - 2023-07-23 08:13:35 --> Session: Class initialized using 'CodeIgniter\Session\Handlers\FileHandler' driver.
INFO - 2023-07-23 08:13:58 --> Session: Class initialized using 'CodeIgniter\Session\Handlers\FileHandler' driver.
INFO - 2023-07-23 08:15:08 --> Session: Class initialized using 'CodeIgniter\Session\Handlers\FileHandler' driver.
INFO - 2023-07-23 08:15:10 --> Session: Class initialized using 'CodeIgniter\Session\Handlers\FileHandler' driver.
INFO - 2023-07-23 08:42:07 --> Session: Class initialized using 'CodeIgniter\Session\Handlers\FileHandler' driver.
INFO - 2023-07-23 08:42:08 --> Session: Class initialized using 'CodeIgniter\Session\Handlers\FileHandler' driver.
INFO - 2023-07-23 08:42:18 --> Session: Class initialized using 'CodeIgniter\Session\Handlers\FileHandler' driver.
INFO - 2023-07-23 08:45:29 --> Session: Class initialized using 'CodeIgniter\Session\Handlers\FileHandler' driver.
INFO - 2023-07-23 08:45:39 --> Session: Class initialized using 'CodeIgniter\Session\Handlers\FileHandler' driver.
INFO - 2023-07-23 08:45:45 --> Session: Class initialized using 'CodeIgniter\Session\Handlers\FileHandler' driver.
INFO - 2023-07-23 08:58:06 --> Session: Class initialized using 'CodeIgniter\Session\Handlers\FileHandler' driver.
INFO - 2023-07-23 08:58:08 --> Session: Class initialized using 'CodeIgniter\Session\Handlers\FileHandler' driver.
INFO - 2023-07-23 08:58:10 --> Session: Class initialized using 'CodeIgniter\Session\Handlers\FileHandler' driver.
INFO - 2023-07-23 09:10:42 --> Session: Class initialized using 'CodeIgniter\Session\Handlers\FileHandler' driver.
ERROR - 2023-07-23 09:10:45 --> mysqli_sql_exception: Table 'pjl.progres_produksi' doesn't exist in D:\SEMESTER 4\Peng.Aplikasi Enterprise\PENJUALAN\ci4app\vendor\codeigniter4\framework\system\Database\MySQLi\Connection.php:295
Stack trace:
#0 D:\SEMESTER 4\Peng.Aplikasi Enterprise\PENJUALAN\ci4app\vendor\codeigniter4\framework\system\Database\MySQLi\Connection.php(295): mysqli->query('SELECT `progres...', 0)
#1 D:\SEMESTER 4\Peng.Aplikasi Enterprise\PENJUALAN\ci4app\vendor\codeigniter4\framework\system\Database\BaseConnection.php(692): CodeIgniter\Database\MySQLi\Connection->execute('SELECT `progres...')
#2 D:\SEMESTER 4\Peng.Aplikasi Enterprise\PENJUALAN\ci4app\vendor\codeigniter4\framework\system\Database\BaseConnection.php(606): CodeIgniter\Database\BaseConnection->simpleQuery('SELECT `progres...')
#3 D:\SEMESTER 4\Peng.Aplikasi Enterprise\PENJUALAN\ci4app\vendor\codeigniter4\framework\system\Database\BaseBuilder.php(1616): CodeIgniter\Database\BaseConnection->query('SELECT `progres...', Array, false)
#4 D:\SEMESTER 4\Peng.Aplikasi Enterprise\PENJUALAN\ci4app\vendor\codeigniter4\framework\system\Model.php(836): CodeIgniter\Database\BaseBuilder->get()
#5 D:\SEMESTER 4\Peng.Aplikasi Enterprise\PENJUALAN\ci4app\app\Models\ProgresProduksiModel.php(18): CodeIgniter\Model->__call('get', Array)
#6 D:\SEMESTER 4\Peng.Aplikasi Enterprise\PENJUALAN\ci4app\app\Controllers\ProgresProduksi.php(14): App\Models\ProgresProduksiModel->getProgresProduksi()
#7 D:\SEMESTER 4\Peng.Aplikasi Enterprise\PENJUALAN\ci4app\vendor\codeigniter4\framework\system\CodeIgniter.php(932): App\Controllers\progresproduksi->index()
#8 D:\SEMESTER 4\Peng.Aplikasi Enterprise\PENJUALAN\ci4app\vendor\codeigniter4\framework\system\CodeIgniter.php(497): CodeIgniter\CodeIgniter->runController(Object(App\Controllers\progresproduksi))
#9 D:\SEMESTER 4\Peng.Aplikasi Enterprise\PENJUALAN\ci4app\vendor\codeigniter4\framework\system\CodeIgniter.php(366): CodeIgniter\CodeIgniter->handleRequest(NULL, Object(Config\Cache), false)
#10 D:\SEMESTER 4\Peng.Aplikasi Enterprise\PENJUALAN\ci4app\public\index.php(67): CodeIgniter\CodeIgniter->run()
#11 D:\SEMESTER 4\Peng.Aplikasi Enterprise\PENJUALAN\ci4app\vendor\codeigniter4\framework\system\Commands\Server\rewrite.php(47): require_once('D:\\SEMESTER 4\\P...')
#12 {main}
CRITICAL - 2023-07-23 09:10:45 --> Table 'pjl.progres_produksi' doesn't exist
in SYSTEMPATH\Database\MySQLi\Connection.php on line 295.
 1 SYSTEMPATH\Database\MySQLi\Connection.php(295): mysqli->query('SELECT `progres_produksi`.*, `permintaan_produksi`.`id_produksi`, `permintaan_produksi`.`nama_barang`, `permintaan_produksi`.`jumlah`
FROM `progres_produksi`
JOIN `permintaan_produksi` ON `progres_produksi`.`id_produksi` = `permintaan_produksi`.`id_produksi`
WHERE `status_produksi` != \'selesai\'', 0)
 2 SYSTEMPATH\Database\BaseConnection.php(692): CodeIgniter\Database\MySQLi\Connection->execute('SELECT `progres_produksi`.*, `permintaan_produksi`.`id_produksi`, `permintaan_produksi`.`nama_barang`, `permintaan_produksi`.`jumlah`
FROM `progres_produksi`
JOIN `permintaan_produksi` ON `progres_produksi`.`id_produksi` = `permintaan_produksi`.`id_produksi`
WHERE `status_produksi` != \'selesai\'')
 3 SYSTEMPATH\Database\BaseConnection.php(606): CodeIgniter\Database\BaseConnection->simpleQuery('SELECT `progres_produksi`.*, `permintaan_produksi`.`id_produksi`, `permintaan_produksi`.`nama_barang`, `permintaan_produksi`.`jumlah`
FROM `progres_produksi`
JOIN `permintaan_produksi` ON `progres_produksi`.`id_produksi` = `permintaan_produksi`.`id_produksi`
WHERE `status_produksi` != \'selesai\'')
 4 SYSTEMPATH\Database\BaseBuilder.php(1616): CodeIgniter\Database\BaseConnection->query('SELECT `progres_produksi`.*, `permintaan_produksi`.`id_produksi`, `permintaan_produksi`.`nama_barang`, `permintaan_produksi`.`jumlah`
FROM `progres_produksi`
JOIN `permintaan_produksi` ON `progres_produksi`.`id_produksi` = `permintaan_produksi`.`id_produksi`
WHERE `status_produksi` != :status_produksi:', [...], false)
 5 SYSTEMPATH\Model.php(836): CodeIgniter\Database\BaseBuilder->get()
 6 APPPATH\Models\ProgresProduksiModel.php(18): CodeIgniter\Model->__call('get', [])
 7 APPPATH\Controllers\ProgresProduksi.php(14): App\Models\ProgresProduksiModel->getProgresProduksi()
 8 SYSTEMPATH\CodeIgniter.php(932): App\Controllers\progresproduksi->index()
 9 SYSTEMPATH\CodeIgniter.php(497): CodeIgniter\CodeIgniter->runController(Object(App\Controllers\progresproduksi))
10 SYSTEMPATH\CodeIgniter.php(366): CodeIgniter\CodeIgniter->handleRequest(null, Object(Config\Cache), false)
11 FCPATH\index.php(67): CodeIgniter\CodeIgniter->run()
12 SYSTEMPATH\Commands\Server\rewrite.php(47): require_once('D:\\SEMESTER 4\\Peng.Aplikasi Enterprise\\PENJUALAN\\ci4app\\public\\index.php')
INFO - 2023-07-23 09:15:14 --> Session: Class initialized using 'CodeIgniter\Session\Handlers\FileHandler' driver.
ERROR - 2023-07-23 09:15:21 --> mysqli_sql_exception: Table 'pjl.progres_produksi' doesn't exist in D:\SEMESTER 4\Peng.Aplikasi Enterprise\PENJUALAN\ci4app\vendor\codeigniter4\framework\system\Database\MySQLi\Connection.php:295
Stack trace:
#0 D:\SEMESTER 4\Peng.Aplikasi Enterprise\PENJUALAN\ci4app\vendor\codeigniter4\framework\system\Database\MySQLi\Connection.php(295): mysqli->query('SELECT `progres...', 0)
#1 D:\SEMESTER 4\Peng.Aplikasi Enterprise\PENJUALAN\ci4app\vendor\codeigniter4\framework\system\Database\BaseConnection.php(692): CodeIgniter\Database\MySQLi\Connection->execute('SELECT `progres...')
#2 D:\SEMESTER 4\Peng.Aplikasi Enterprise\PENJUALAN\ci4app\vendor\codeigniter4\framework\system\Database\BaseConnection.php(606): CodeIgniter\Database\BaseConnection->simpleQuery('SELECT `progres...')
#3 D:\SEMESTER 4\Peng.Aplikasi Enterprise\PENJUALAN\ci4app\vendor\codeigniter4\framework\system\Database\BaseBuilder.php(1616): CodeIgniter\Database\BaseConnection->query('SELECT `progres...', Array, false)
#4 D:\SEMESTER 4\Peng.Aplikasi Enterprise\PENJUALAN\ci4app\vendor\codeigniter4\framework\system\Model.php(836): CodeIgniter\Database\BaseBuilder->get()
#5 D:\SEMESTER 4\Peng.Aplikasi Enterprise\PENJUALAN\ci4app\app\Models\ProgresProduksiModel.php(18): CodeIgniter\Model->__call('get', Array)
#6 D:\SEMESTER 4\Peng.Aplikasi Enterprise\PENJUALAN\ci4app\app\Controllers\ProgresProduksi.php(14): App\Models\ProgresProduksiModel->getProgresProduksi()
#7 D:\SEMESTER 4\Peng.Aplikasi Enterprise\PENJUALAN\ci4app\vendor\codeigniter4\framework\system\CodeIgniter.php(932): App\Controllers\progresproduksi->index()
#8 D:\SEMESTER 4\Peng.Aplikasi Enterprise\PENJUALAN\ci4app\vendor\codeigniter4\framework\system\CodeIgniter.php(497): CodeIgniter\CodeIgniter->runController(Object(App\Controllers\progresproduksi))
#9 D:\SEMESTER 4\Peng.Aplikasi Enterprise\PENJUALAN\ci4app\vendor\codeigniter4\framework\system\CodeIgniter.php(366): CodeIgniter\CodeIgniter->handleRequest(NULL, Object(Config\Cache), false)
#10 D:\SEMESTER 4\Peng.Aplikasi Enterprise\PENJUALAN\ci4app\public\index.php(67): CodeIgniter\CodeIgniter->run()
#11 D:\SEMESTER 4\Peng.Aplikasi Enterprise\PENJUALAN\ci4app\vendor\codeigniter4\framework\system\Commands\Server\rewrite.php(47): require_once('D:\\SEMESTER 4\\P...')
#12 {main}
CRITICAL - 2023-07-23 09:15:21 --> Table 'pjl.progres_produksi' doesn't exist
in SYSTEMPATH\Database\MySQLi\Connection.php on line 295.
 1 SYSTEMPATH\Database\MySQLi\Connection.php(295): mysqli->query('SELECT `progres_produksi`.*, `permintaan_produksi`.`id_produksi`, `permintaan_produksi`.`nama_barang`, `permintaan_produksi`.`jumlah`
FROM `progres_produksi`
JOIN `permintaan_produksi` ON `progres_produksi`.`id_produksi` = `permintaan_produksi`.`id_produksi`
WHERE `status_produksi` != \'selesai\'', 0)
 2 SYSTEMPATH\Database\BaseConnection.php(692): CodeIgniter\Database\MySQLi\Connection->execute('SELECT `progres_produksi`.*, `permintaan_produksi`.`id_produksi`, `permintaan_produksi`.`nama_barang`, `permintaan_produksi`.`jumlah`
FROM `progres_produksi`
JOIN `permintaan_produksi` ON `progres_produksi`.`id_produksi` = `permintaan_produksi`.`id_produksi`
WHERE `status_produksi` != \'selesai\'')
 3 SYSTEMPATH\Database\BaseConnection.php(606): CodeIgniter\Database\BaseConnection->simpleQuery('SELECT `progres_produksi`.*, `permintaan_produksi`.`id_produksi`, `permintaan_produksi`.`nama_barang`, `permintaan_produksi`.`jumlah`
FROM `progres_produksi`
JOIN `permintaan_produksi` ON `progres_produksi`.`id_produksi` = `permintaan_produksi`.`id_produksi`
WHERE `status_produksi` != \'selesai\'')
 4 SYSTEMPATH\Database\BaseBuilder.php(1616): CodeIgniter\Database\BaseConnection->query('SELECT `progres_produksi`.*, `permintaan_produksi`.`id_produksi`, `permintaan_produksi`.`nama_barang`, `permintaan_produksi`.`jumlah`
FROM `progres_produksi`
JOIN `permintaan_produksi` ON `progres_produksi`.`id_produksi` = `permintaan_produksi`.`id_produksi`
WHERE `status_produksi` != :status_produksi:', [...], false)
 5 SYSTEMPATH\Model.php(836): CodeIgniter\Database\BaseBuilder->get()
 6 APPPATH\Models\ProgresProduksiModel.php(18): CodeIgniter\Model->__call('get', [])
 7 APPPATH\Controllers\ProgresProduksi.php(14): App\Models\ProgresProduksiModel->getProgresProduksi()
 8 SYSTEMPATH\CodeIgniter.php(932): App\Controllers\progresproduksi->index()
 9 SYSTEMPATH\CodeIgniter.php(497): CodeIgniter\CodeIgniter->runController(Object(App\Controllers\progresproduksi))
10 SYSTEMPATH\CodeIgniter.php(366): CodeIgniter\CodeIgniter->handleRequest(null, Object(Config\Cache), false)
11 FCPATH\index.php(67): CodeIgniter\CodeIgniter->run()
12 SYSTEMPATH\Commands\Server\rewrite.php(47): require_once('D:\\SEMESTER 4\\Peng.Aplikasi Enterprise\\PENJUALAN\\ci4app\\public\\index.php')
INFO - 2023-07-23 09:15:24 --> Session: Class initialized using 'CodeIgniter\Session\Handlers\FileHandler' driver.
INFO - 2023-07-23 11:29:42 --> Session: Class initialized using 'CodeIgniter\Session\Handlers\FileHandler' driver.
INFO - 2023-07-23 11:30:10 --> Session: Class initialized using 'CodeIgniter\Session\Handlers\FileHandler' driver.
INFO - 2023-07-23 12:15:46 --> Session: Class initialized using 'CodeIgniter\Session\Handlers\FileHandler' driver.
INFO - 2023-07-23 12:55:50 --> Session: Class initialized using 'CodeIgniter\Session\Handlers\FileHandler' driver.
INFO - 2023-07-23 12:56:03 --> Session: Class initialized using 'CodeIgniter\Session\Handlers\FileHandler' driver.
INFO - 2023-07-23 12:56:09 --> Session: Class initialized using 'CodeIgniter\Session\Handlers\FileHandler' driver.
INFO - 2023-07-23 12:59:27 --> Session: Class initialized using 'CodeIgniter\Session\Handlers\FileHandler' driver.
CRITICAL - 2023-07-23 14:51:22 --> Assignments can only happen to writable values
in APPPATH\Controllers\Pengiriman.php on line 146.
 1 [internal function]: CodeIgniter\Debug\Exceptions->shutdownHandler()
CRITICAL - 2023-07-23 14:51:24 --> Assignments can only happen to writable values
in APPPATH\Controllers\Pengiriman.php on line 146.
 1 [internal function]: CodeIgniter\Debug\Exceptions->shutdownHandler()
