INFO - 2023-07-17 05:26:50 --> Session: Class initialized using 'CodeIgniter\Session\Handlers\FileHandler' driver.
INFO - 2023-07-17 05:27:14 --> Session: Class initialized using 'CodeIgniter\Session\Handlers\FileHandler' driver.
INFO - 2023-07-17 05:27:14 --> Session: Class initialized using 'CodeIgniter\Session\Handlers\FileHandler' driver.
INFO - 2023-07-17 05:27:18 --> Session: Class initialized using 'CodeIgniter\Session\Handlers\FileHandler' driver.
INFO - 2023-07-17 05:27:22 --> Session: Class initialized using 'CodeIgniter\Session\Handlers\FileHandler' driver.
INFO - 2023-07-17 05:27:38 --> Session: Class initialized using 'CodeIgniter\Session\Handlers\FileHandler' driver.
INFO - 2023-07-17 05:27:52 --> Session: Class initialized using 'CodeIgniter\Session\Handlers\FileHandler' driver.
INFO - 2023-07-17 06:16:20 --> Session: Class initialized using 'CodeIgniter\Session\Handlers\FileHandler' driver.
INFO - 2023-07-17 06:16:22 --> Session: Class initialized using 'CodeIgniter\Session\Handlers\FileHandler' driver.
INFO - 2023-07-17 06:16:26 --> Session: Class initialized using 'CodeIgniter\Session\Handlers\FileHandler' driver.
ERROR - 2023-07-17 06:16:41 --> mysqli_sql_exception: Unknown column 'tgl_transaksi' in 'field list' in D:\SEMESTER 4\Peng.Aplikasi Enterprise\PENJUALAN\ci4app\vendor\codeigniter4\framework\system\Database\MySQLi\Connection.php:295
Stack trace:
#0 D:\SEMESTER 4\Peng.Aplikasi Enterprise\PENJUALAN\ci4app\vendor\codeigniter4\framework\system\Database\MySQLi\Connection.php(295): mysqli->query('INSERT INTO `pe...', 0)
#1 D:\SEMESTER 4\Peng.Aplikasi Enterprise\PENJUALAN\ci4app\vendor\codeigniter4\framework\system\Database\BaseConnection.php(691): CodeIgniter\Database\MySQLi\Connection->execute('INSERT INTO `pe...')
#2 D:\SEMESTER 4\Peng.Aplikasi Enterprise\PENJUALAN\ci4app\vendor\codeigniter4\framework\system\Database\BaseConnection.php(605): CodeIgniter\Database\BaseConnection->simpleQuery('INSERT INTO `pe...')
#3 D:\SEMESTER 4\Peng.Aplikasi Enterprise\PENJUALAN\ci4app\vendor\codeigniter4\framework\system\Database\BaseBuilder.php(2309): CodeIgniter\Database\BaseConnection->query('INSERT INTO `pe...', Array, false)
#4 D:\SEMESTER 4\Peng.Aplikasi Enterprise\PENJUALAN\ci4app\app\Models\PengirimanModel.php(34): CodeIgniter\Database\BaseBuilder->insert(Array)
#5 D:\SEMESTER 4\Peng.Aplikasi Enterprise\PENJUALAN\ci4app\app\Controllers\Pengiriman.php(74): App\Models\PengirimanModel->insertPengiriman(Array)
#6 D:\SEMESTER 4\Peng.Aplikasi Enterprise\PENJUALAN\ci4app\vendor\codeigniter4\framework\system\CodeIgniter.php(934): App\Controllers\Pengiriman->store()
#7 D:\SEMESTER 4\Peng.Aplikasi Enterprise\PENJUALAN\ci4app\vendor\codeigniter4\framework\system\CodeIgniter.php(499): CodeIgniter\CodeIgniter->runController(Object(App\Controllers\Pengiriman))
#8 D:\SEMESTER 4\Peng.Aplikasi Enterprise\PENJUALAN\ci4app\vendor\codeigniter4\framework\system\CodeIgniter.php(368): CodeIgniter\CodeIgniter->handleRequest(NULL, Object(Config\Cache), false)
#9 D:\SEMESTER 4\Peng.Aplikasi Enterprise\PENJUALAN\ci4app\public\index.php(67): CodeIgniter\CodeIgniter->run()
#10 D:\SEMESTER 4\Peng.Aplikasi Enterprise\PENJUALAN\ci4app\vendor\codeigniter4\framework\system\Commands\Server\rewrite.php(47): require_once('D:\\SEMESTER 4\\P...')
#11 {main}
CRITICAL - 2023-07-17 06:16:41 --> Unknown column 'tgl_transaksi' in 'field list'
in SYSTEMPATH\Database\MySQLi\Connection.php on line 295.
 1 SYSTEMPATH\Database\MySQLi\Connection.php(295): mysqli->query('INSERT INTO `pengiriman` (`tgl_transaksi`, `id_pengiriman`, `id_transaksi`, `resi`) VALUES (NULL, \'P001\', \'T001\', \'G6768HGFD77\')', 0)
 2 SYSTEMPATH\Database\BaseConnection.php(691): CodeIgniter\Database\MySQLi\Connection->execute('INSERT INTO `pengiriman` (`tgl_transaksi`, `id_pengiriman`, `id_transaksi`, `resi`) VALUES (NULL, \'P001\', \'T001\', \'G6768HGFD77\')')
 3 SYSTEMPATH\Database\BaseConnection.php(605): CodeIgniter\Database\BaseConnection->simpleQuery('INSERT INTO `pengiriman` (`tgl_transaksi`, `id_pengiriman`, `id_transaksi`, `resi`) VALUES (NULL, \'P001\', \'T001\', \'G6768HGFD77\')')
 4 SYSTEMPATH\Database\BaseBuilder.php(2309): CodeIgniter\Database\BaseConnection->query('INSERT INTO `pengiriman` (`tgl_transaksi`, `id_pengiriman`, `id_transaksi`, `resi`) VALUES (:tgl_transaksi:, :id_pengiriman:, :id_transaksi:, :resi:)', [...], false)
 5 APPPATH\Models\PengirimanModel.php(34): CodeIgniter\Database\BaseBuilder->insert([...])
 6 APPPATH\Controllers\Pengiriman.php(74): App\Models\PengirimanModel->insertPengiriman([...])
 7 SYSTEMPATH\CodeIgniter.php(934): App\Controllers\Pengiriman->store()
 8 SYSTEMPATH\CodeIgniter.php(499): CodeIgniter\CodeIgniter->runController(Object(App\Controllers\Pengiriman))
 9 SYSTEMPATH\CodeIgniter.php(368): CodeIgniter\CodeIgniter->handleRequest(null, Object(Config\Cache), false)
10 FCPATH\index.php(67): CodeIgniter\CodeIgniter->run()
11 SYSTEMPATH\Commands\Server\rewrite.php(47): require_once('D:\\SEMESTER 4\\Peng.Aplikasi Enterprise\\PENJUALAN\\ci4app\\public\\index.php')
ERROR - 2023-07-17 06:22:17 --> mysqli_sql_exception: Unknown column 'tgl_pengiriman' in 'field list' in D:\SEMESTER 4\Peng.Aplikasi Enterprise\PENJUALAN\ci4app\vendor\codeigniter4\framework\system\Database\MySQLi\Connection.php:295
Stack trace:
#0 D:\SEMESTER 4\Peng.Aplikasi Enterprise\PENJUALAN\ci4app\vendor\codeigniter4\framework\system\Database\MySQLi\Connection.php(295): mysqli->query('INSERT INTO `pe...', 0)
#1 D:\SEMESTER 4\Peng.Aplikasi Enterprise\PENJUALAN\ci4app\vendor\codeigniter4\framework\system\Database\BaseConnection.php(691): CodeIgniter\Database\MySQLi\Connection->execute('INSERT INTO `pe...')
#2 D:\SEMESTER 4\Peng.Aplikasi Enterprise\PENJUALAN\ci4app\vendor\codeigniter4\framework\system\Database\BaseConnection.php(605): CodeIgniter\Database\BaseConnection->simpleQuery('INSERT INTO `pe...')
#3 D:\SEMESTER 4\Peng.Aplikasi Enterprise\PENJUALAN\ci4app\vendor\codeigniter4\framework\system\Database\BaseBuilder.php(2309): CodeIgniter\Database\BaseConnection->query('INSERT INTO `pe...', Array, false)
#4 D:\SEMESTER 4\Peng.Aplikasi Enterprise\PENJUALAN\ci4app\app\Models\PengirimanModel.php(34): CodeIgniter\Database\BaseBuilder->insert(Array)
#5 D:\SEMESTER 4\Peng.Aplikasi Enterprise\PENJUALAN\ci4app\app\Controllers\Pengiriman.php(74): App\Models\PengirimanModel->insertPengiriman(Array)
#6 D:\SEMESTER 4\Peng.Aplikasi Enterprise\PENJUALAN\ci4app\vendor\codeigniter4\framework\system\CodeIgniter.php(934): App\Controllers\Pengiriman->store()
#7 D:\SEMESTER 4\Peng.Aplikasi Enterprise\PENJUALAN\ci4app\vendor\codeigniter4\framework\system\CodeIgniter.php(499): CodeIgniter\CodeIgniter->runController(Object(App\Controllers\Pengiriman))
#8 D:\SEMESTER 4\Peng.Aplikasi Enterprise\PENJUALAN\ci4app\vendor\codeigniter4\framework\system\CodeIgniter.php(368): CodeIgniter\CodeIgniter->handleRequest(NULL, Object(Config\Cache), false)
#9 D:\SEMESTER 4\Peng.Aplikasi Enterprise\PENJUALAN\ci4app\public\index.php(67): CodeIgniter\CodeIgniter->run()
#10 D:\SEMESTER 4\Peng.Aplikasi Enterprise\PENJUALAN\ci4app\vendor\codeigniter4\framework\system\Commands\Server\rewrite.php(47): require_once('D:\\SEMESTER 4\\P...')
#11 {main}
CRITICAL - 2023-07-17 06:22:17 --> Unknown column 'tgl_pengiriman' in 'field list'
in SYSTEMPATH\Database\MySQLi\Connection.php on line 295.
 1 SYSTEMPATH\Database\MySQLi\Connection.php(295): mysqli->query('INSERT INTO `pengiriman` (`tgl_pengiriman`, `id_pengiriman`, `id_transaksi`, `resi`) VALUES (\'2023-07-17\', \'P001\', \'T001\', \'G6768HGFD77\')', 0)
 2 SYSTEMPATH\Database\BaseConnection.php(691): CodeIgniter\Database\MySQLi\Connection->execute('INSERT INTO `pengiriman` (`tgl_pengiriman`, `id_pengiriman`, `id_transaksi`, `resi`) VALUES (\'2023-07-17\', \'P001\', \'T001\', \'G6768HGFD77\')')
 3 SYSTEMPATH\Database\BaseConnection.php(605): CodeIgniter\Database\BaseConnection->simpleQuery('INSERT INTO `pengiriman` (`tgl_pengiriman`, `id_pengiriman`, `id_transaksi`, `resi`) VALUES (\'2023-07-17\', \'P001\', \'T001\', \'G6768HGFD77\')')
 4 SYSTEMPATH\Database\BaseBuilder.php(2309): CodeIgniter\Database\BaseConnection->query('INSERT INTO `pengiriman` (`tgl_pengiriman`, `id_pengiriman`, `id_transaksi`, `resi`) VALUES (:tgl_pengiriman:, :id_pengiriman:, :id_transaksi:, :resi:)', [...], false)
 5 APPPATH\Models\PengirimanModel.php(34): CodeIgniter\Database\BaseBuilder->insert([...])
 6 APPPATH\Controllers\Pengiriman.php(74): App\Models\PengirimanModel->insertPengiriman([...])
 7 SYSTEMPATH\CodeIgniter.php(934): App\Controllers\Pengiriman->store()
 8 SYSTEMPATH\CodeIgniter.php(499): CodeIgniter\CodeIgniter->runController(Object(App\Controllers\Pengiriman))
 9 SYSTEMPATH\CodeIgniter.php(368): CodeIgniter\CodeIgniter->handleRequest(null, Object(Config\Cache), false)
10 FCPATH\index.php(67): CodeIgniter\CodeIgniter->run()
11 SYSTEMPATH\Commands\Server\rewrite.php(47): require_once('D:\\SEMESTER 4\\Peng.Aplikasi Enterprise\\PENJUALAN\\ci4app\\public\\index.php')
INFO - 2023-07-17 06:23:10 --> Session: Class initialized using 'CodeIgniter\Session\Handlers\FileHandler' driver.
INFO - 2023-07-17 06:23:10 --> Session: Class initialized using 'CodeIgniter\Session\Handlers\FileHandler' driver.
INFO - 2023-07-17 06:23:20 --> Session: Class initialized using 'CodeIgniter\Session\Handlers\FileHandler' driver.
INFO - 2023-07-17 06:23:21 --> Session: Class initialized using 'CodeIgniter\Session\Handlers\FileHandler' driver.
INFO - 2023-07-17 06:24:37 --> Session: Class initialized using 'CodeIgniter\Session\Handlers\FileHandler' driver.
INFO - 2023-07-17 06:24:44 --> Session: Class initialized using 'CodeIgniter\Session\Handlers\FileHandler' driver.
CRITICAL - 2023-07-17 06:24:50 --> Call to undefined method App\Models\PengirimanModel::getTransaksi
in SYSTEMPATH\Model.php on line 842.
 1 APPPATH\Controllers\Pengiriman.php(85): CodeIgniter\Model->__call('getTransaksi', [...])
 2 SYSTEMPATH\CodeIgniter.php(934): App\Controllers\Pengiriman->edit('P001')
 3 SYSTEMPATH\CodeIgniter.php(499): CodeIgniter\CodeIgniter->runController(Object(App\Controllers\Pengiriman))
 4 SYSTEMPATH\CodeIgniter.php(368): CodeIgniter\CodeIgniter->handleRequest(null, Object(Config\Cache), false)
 5 FCPATH\index.php(67): CodeIgniter\CodeIgniter->run()
 6 SYSTEMPATH\Commands\Server\rewrite.php(47): require_once('D:\\SEMESTER 4\\Peng.Aplikasi Enterprise\\PENJUALAN\\ci4app\\public\\index.php')
CRITICAL - 2023-07-17 06:36:57 --> Call to undefined method App\Models\PengirimanModel::getTransaksi
in SYSTEMPATH\Model.php on line 842.
 1 APPPATH\Controllers\Pengiriman.php(85): CodeIgniter\Model->__call('getTransaksi', [...])
 2 SYSTEMPATH\CodeIgniter.php(934): App\Controllers\Pengiriman->edit('P001')
 3 SYSTEMPATH\CodeIgniter.php(499): CodeIgniter\CodeIgniter->runController(Object(App\Controllers\Pengiriman))
 4 SYSTEMPATH\CodeIgniter.php(368): CodeIgniter\CodeIgniter->handleRequest(null, Object(Config\Cache), false)
 5 FCPATH\index.php(67): CodeIgniter\CodeIgniter->run()
 6 SYSTEMPATH\Commands\Server\rewrite.php(47): require_once('D:\\SEMESTER 4\\Peng.Aplikasi Enterprise\\PENJUALAN\\ci4app\\public\\index.php')
CRITICAL - 2023-07-17 06:36:58 --> Call to undefined method App\Models\PengirimanModel::getTransaksi
in SYSTEMPATH\Model.php on line 842.
 1 APPPATH\Controllers\Pengiriman.php(85): CodeIgniter\Model->__call('getTransaksi', [...])
 2 SYSTEMPATH\CodeIgniter.php(934): App\Controllers\Pengiriman->edit('P001')
 3 SYSTEMPATH\CodeIgniter.php(499): CodeIgniter\CodeIgniter->runController(Object(App\Controllers\Pengiriman))
 4 SYSTEMPATH\CodeIgniter.php(368): CodeIgniter\CodeIgniter->handleRequest(null, Object(Config\Cache), false)
 5 FCPATH\index.php(67): CodeIgniter\CodeIgniter->run()
 6 SYSTEMPATH\Commands\Server\rewrite.php(47): require_once('D:\\SEMESTER 4\\Peng.Aplikasi Enterprise\\PENJUALAN\\ci4app\\public\\index.php')
INFO - 2023-07-17 06:40:57 --> Session: Class initialized using 'CodeIgniter\Session\Handlers\FileHandler' driver.
CRITICAL - 2023-07-17 06:40:57 --> Undefined variable: transaksi
in APPPATH\Views\modernize\master\pengiriman\edit.php on line 42.
 1 APPPATH\Views\modernize\master\pengiriman\edit.php(42): CodeIgniter\Debug\Exceptions->errorHandler(8, 'Undefined variable: transaksi', 'D:\\SEMESTER 4\\Peng.Aplikasi Enterprise\\PENJUALAN\\ci4app\\app\\Views\\modernize\\master\\pengiriman\\edit.php', 42, [...])
 2 SYSTEMPATH\View\View.php(213): include('D:\\SEMESTER 4\\Peng.Aplikasi Enterprise\\PENJUALAN\\ci4app\\app\\Views\\modernize\\master\\pengiriman\\edit.php')
 3 SYSTEMPATH\View\View.php(216): CodeIgniter\View\View->CodeIgniter\View\{closure}()
 4 SYSTEMPATH\Common.php(1184): CodeIgniter\View\View->render('modernize/master/pengiriman/edit', [], true)
 5 APPPATH\Controllers\Pengiriman.php(86): view('modernize/master/pengiriman/edit', [...])
 6 SYSTEMPATH\CodeIgniter.php(934): App\Controllers\Pengiriman->edit('P001')
 7 SYSTEMPATH\CodeIgniter.php(499): CodeIgniter\CodeIgniter->runController(Object(App\Controllers\Pengiriman))
 8 SYSTEMPATH\CodeIgniter.php(368): CodeIgniter\CodeIgniter->handleRequest(null, Object(Config\Cache), false)
 9 FCPATH\index.php(67): CodeIgniter\CodeIgniter->run()
10 SYSTEMPATH\Commands\Server\rewrite.php(47): require_once('D:\\SEMESTER 4\\Peng.Aplikasi Enterprise\\PENJUALAN\\ci4app\\public\\index.php')
INFO - 2023-07-17 06:42:55 --> Session: Class initialized using 'CodeIgniter\Session\Handlers\FileHandler' driver.
CRITICAL - 2023-07-17 06:42:55 --> Undefined variable: transaksi
in APPPATH\Views\modernize\master\pengiriman\edit.php on line 42.
 1 APPPATH\Views\modernize\master\pengiriman\edit.php(42): CodeIgniter\Debug\Exceptions->errorHandler(8, 'Undefined variable: transaksi', 'D:\\SEMESTER 4\\Peng.Aplikasi Enterprise\\PENJUALAN\\ci4app\\app\\Views\\modernize\\master\\pengiriman\\edit.php', 42, [...])
 2 SYSTEMPATH\View\View.php(213): include('D:\\SEMESTER 4\\Peng.Aplikasi Enterprise\\PENJUALAN\\ci4app\\app\\Views\\modernize\\master\\pengiriman\\edit.php')
 3 SYSTEMPATH\View\View.php(216): CodeIgniter\View\View->CodeIgniter\View\{closure}()
 4 SYSTEMPATH\Common.php(1184): CodeIgniter\View\View->render('modernize/master/pengiriman/edit', [], true)
 5 APPPATH\Controllers\Pengiriman.php(86): view('modernize/master/pengiriman/edit', [...])
 6 SYSTEMPATH\CodeIgniter.php(934): App\Controllers\Pengiriman->edit('P001')
 7 SYSTEMPATH\CodeIgniter.php(499): CodeIgniter\CodeIgniter->runController(Object(App\Controllers\Pengiriman))
 8 SYSTEMPATH\CodeIgniter.php(368): CodeIgniter\CodeIgniter->handleRequest(null, Object(Config\Cache), false)
 9 FCPATH\index.php(67): CodeIgniter\CodeIgniter->run()
10 SYSTEMPATH\Commands\Server\rewrite.php(47): require_once('D:\\SEMESTER 4\\Peng.Aplikasi Enterprise\\PENJUALAN\\ci4app\\public\\index.php')
INFO - 2023-07-17 06:42:56 --> Session: Class initialized using 'CodeIgniter\Session\Handlers\FileHandler' driver.
CRITICAL - 2023-07-17 06:42:56 --> Undefined variable: transaksi
in APPPATH\Views\modernize\master\pengiriman\edit.php on line 42.
 1 APPPATH\Views\modernize\master\pengiriman\edit.php(42): CodeIgniter\Debug\Exceptions->errorHandler(8, 'Undefined variable: transaksi', 'D:\\SEMESTER 4\\Peng.Aplikasi Enterprise\\PENJUALAN\\ci4app\\app\\Views\\modernize\\master\\pengiriman\\edit.php', 42, [...])
 2 SYSTEMPATH\View\View.php(213): include('D:\\SEMESTER 4\\Peng.Aplikasi Enterprise\\PENJUALAN\\ci4app\\app\\Views\\modernize\\master\\pengiriman\\edit.php')
 3 SYSTEMPATH\View\View.php(216): CodeIgniter\View\View->CodeIgniter\View\{closure}()
 4 SYSTEMPATH\Common.php(1184): CodeIgniter\View\View->render('modernize/master/pengiriman/edit', [], true)
 5 APPPATH\Controllers\Pengiriman.php(86): view('modernize/master/pengiriman/edit', [...])
 6 SYSTEMPATH\CodeIgniter.php(934): App\Controllers\Pengiriman->edit('P001')
 7 SYSTEMPATH\CodeIgniter.php(499): CodeIgniter\CodeIgniter->runController(Object(App\Controllers\Pengiriman))
 8 SYSTEMPATH\CodeIgniter.php(368): CodeIgniter\CodeIgniter->handleRequest(null, Object(Config\Cache), false)
 9 FCPATH\index.php(67): CodeIgniter\CodeIgniter->run()
10 SYSTEMPATH\Commands\Server\rewrite.php(47): require_once('D:\\SEMESTER 4\\Peng.Aplikasi Enterprise\\PENJUALAN\\ci4app\\public\\index.php')
INFO - 2023-07-17 06:42:57 --> Session: Class initialized using 'CodeIgniter\Session\Handlers\FileHandler' driver.
CRITICAL - 2023-07-17 06:42:57 --> Undefined variable: transaksi
in APPPATH\Views\modernize\master\pengiriman\edit.php on line 42.
 1 APPPATH\Views\modernize\master\pengiriman\edit.php(42): CodeIgniter\Debug\Exceptions->errorHandler(8, 'Undefined variable: transaksi', 'D:\\SEMESTER 4\\Peng.Aplikasi Enterprise\\PENJUALAN\\ci4app\\app\\Views\\modernize\\master\\pengiriman\\edit.php', 42, [...])
 2 SYSTEMPATH\View\View.php(213): include('D:\\SEMESTER 4\\Peng.Aplikasi Enterprise\\PENJUALAN\\ci4app\\app\\Views\\modernize\\master\\pengiriman\\edit.php')
 3 SYSTEMPATH\View\View.php(216): CodeIgniter\View\View->CodeIgniter\View\{closure}()
 4 SYSTEMPATH\Common.php(1184): CodeIgniter\View\View->render('modernize/master/pengiriman/edit', [], true)
 5 APPPATH\Controllers\Pengiriman.php(86): view('modernize/master/pengiriman/edit', [...])
 6 SYSTEMPATH\CodeIgniter.php(934): App\Controllers\Pengiriman->edit('P001')
 7 SYSTEMPATH\CodeIgniter.php(499): CodeIgniter\CodeIgniter->runController(Object(App\Controllers\Pengiriman))
 8 SYSTEMPATH\CodeIgniter.php(368): CodeIgniter\CodeIgniter->handleRequest(null, Object(Config\Cache), false)
 9 FCPATH\index.php(67): CodeIgniter\CodeIgniter->run()
10 SYSTEMPATH\Commands\Server\rewrite.php(47): require_once('D:\\SEMESTER 4\\Peng.Aplikasi Enterprise\\PENJUALAN\\ci4app\\public\\index.php')
INFO - 2023-07-17 06:42:59 --> Session: Class initialized using 'CodeIgniter\Session\Handlers\FileHandler' driver.
CRITICAL - 2023-07-17 06:42:59 --> Undefined variable: transaksi
in APPPATH\Views\modernize\master\pengiriman\edit.php on line 42.
 1 APPPATH\Views\modernize\master\pengiriman\edit.php(42): CodeIgniter\Debug\Exceptions->errorHandler(8, 'Undefined variable: transaksi', 'D:\\SEMESTER 4\\Peng.Aplikasi Enterprise\\PENJUALAN\\ci4app\\app\\Views\\modernize\\master\\pengiriman\\edit.php', 42, [...])
 2 SYSTEMPATH\View\View.php(213): include('D:\\SEMESTER 4\\Peng.Aplikasi Enterprise\\PENJUALAN\\ci4app\\app\\Views\\modernize\\master\\pengiriman\\edit.php')
 3 SYSTEMPATH\View\View.php(216): CodeIgniter\View\View->CodeIgniter\View\{closure}()
 4 SYSTEMPATH\Common.php(1184): CodeIgniter\View\View->render('modernize/master/pengiriman/edit', [], true)
 5 APPPATH\Controllers\Pengiriman.php(86): view('modernize/master/pengiriman/edit', [...])
 6 SYSTEMPATH\CodeIgniter.php(934): App\Controllers\Pengiriman->edit('P001')
 7 SYSTEMPATH\CodeIgniter.php(499): CodeIgniter\CodeIgniter->runController(Object(App\Controllers\Pengiriman))
 8 SYSTEMPATH\CodeIgniter.php(368): CodeIgniter\CodeIgniter->handleRequest(null, Object(Config\Cache), false)
 9 FCPATH\index.php(67): CodeIgniter\CodeIgniter->run()
10 SYSTEMPATH\Commands\Server\rewrite.php(47): require_once('D:\\SEMESTER 4\\Peng.Aplikasi Enterprise\\PENJUALAN\\ci4app\\public\\index.php')
INFO - 2023-07-17 06:43:22 --> Session: Class initialized using 'CodeIgniter\Session\Handlers\FileHandler' driver.
CRITICAL - 2023-07-17 06:43:22 --> Undefined variable: transaksi
in APPPATH\Views\modernize\master\pengiriman\edit.php on line 42.
 1 APPPATH\Views\modernize\master\pengiriman\edit.php(42): CodeIgniter\Debug\Exceptions->errorHandler(8, 'Undefined variable: transaksi', 'D:\\SEMESTER 4\\Peng.Aplikasi Enterprise\\PENJUALAN\\ci4app\\app\\Views\\modernize\\master\\pengiriman\\edit.php', 42, [...])
 2 SYSTEMPATH\View\View.php(213): include('D:\\SEMESTER 4\\Peng.Aplikasi Enterprise\\PENJUALAN\\ci4app\\app\\Views\\modernize\\master\\pengiriman\\edit.php')
 3 SYSTEMPATH\View\View.php(216): CodeIgniter\View\View->CodeIgniter\View\{closure}()
 4 SYSTEMPATH\Common.php(1184): CodeIgniter\View\View->render('modernize/master/pengiriman/edit', [], true)
 5 APPPATH\Controllers\Pengiriman.php(86): view('modernize/master/pengiriman/edit', [...])
 6 SYSTEMPATH\CodeIgniter.php(934): App\Controllers\Pengiriman->edit('P001')
 7 SYSTEMPATH\CodeIgniter.php(499): CodeIgniter\CodeIgniter->runController(Object(App\Controllers\Pengiriman))
 8 SYSTEMPATH\CodeIgniter.php(368): CodeIgniter\CodeIgniter->handleRequest(null, Object(Config\Cache), false)
 9 FCPATH\index.php(67): CodeIgniter\CodeIgniter->run()
10 SYSTEMPATH\Commands\Server\rewrite.php(47): require_once('D:\\SEMESTER 4\\Peng.Aplikasi Enterprise\\PENJUALAN\\ci4app\\public\\index.php')
INFO - 2023-07-17 06:43:26 --> Session: Class initialized using 'CodeIgniter\Session\Handlers\FileHandler' driver.
CRITICAL - 2023-07-17 06:43:26 --> Undefined variable: transaksi
in APPPATH\Views\modernize\master\pengiriman\edit.php on line 42.
 1 APPPATH\Views\modernize\master\pengiriman\edit.php(42): CodeIgniter\Debug\Exceptions->errorHandler(8, 'Undefined variable: transaksi', 'D:\\SEMESTER 4\\Peng.Aplikasi Enterprise\\PENJUALAN\\ci4app\\app\\Views\\modernize\\master\\pengiriman\\edit.php', 42, [...])
 2 SYSTEMPATH\View\View.php(213): include('D:\\SEMESTER 4\\Peng.Aplikasi Enterprise\\PENJUALAN\\ci4app\\app\\Views\\modernize\\master\\pengiriman\\edit.php')
 3 SYSTEMPATH\View\View.php(216): CodeIgniter\View\View->CodeIgniter\View\{closure}()
 4 SYSTEMPATH\Common.php(1184): CodeIgniter\View\View->render('modernize/master/pengiriman/edit', [], true)
 5 APPPATH\Controllers\Pengiriman.php(86): view('modernize/master/pengiriman/edit', [...])
 6 SYSTEMPATH\CodeIgniter.php(934): App\Controllers\Pengiriman->edit('P001')
 7 SYSTEMPATH\CodeIgniter.php(499): CodeIgniter\CodeIgniter->runController(Object(App\Controllers\Pengiriman))
 8 SYSTEMPATH\CodeIgniter.php(368): CodeIgniter\CodeIgniter->handleRequest(null, Object(Config\Cache), false)
 9 FCPATH\index.php(67): CodeIgniter\CodeIgniter->run()
10 SYSTEMPATH\Commands\Server\rewrite.php(47): require_once('D:\\SEMESTER 4\\Peng.Aplikasi Enterprise\\PENJUALAN\\ci4app\\public\\index.php')
INFO - 2023-07-17 06:44:56 --> Session: Class initialized using 'CodeIgniter\Session\Handlers\FileHandler' driver.
CRITICAL - 2023-07-17 06:44:56 --> Undefined variable: transaksi
in APPPATH\Views\modernize\master\pengiriman\edit.php on line 42.
 1 APPPATH\Views\modernize\master\pengiriman\edit.php(42): CodeIgniter\Debug\Exceptions->errorHandler(8, 'Undefined variable: transaksi', 'D:\\SEMESTER 4\\Peng.Aplikasi Enterprise\\PENJUALAN\\ci4app\\app\\Views\\modernize\\master\\pengiriman\\edit.php', 42, [...])
 2 SYSTEMPATH\View\View.php(213): include('D:\\SEMESTER 4\\Peng.Aplikasi Enterprise\\PENJUALAN\\ci4app\\app\\Views\\modernize\\master\\pengiriman\\edit.php')
 3 SYSTEMPATH\View\View.php(216): CodeIgniter\View\View->CodeIgniter\View\{closure}()
 4 SYSTEMPATH\Common.php(1184): CodeIgniter\View\View->render('modernize/master/pengiriman/edit', [], true)
 5 APPPATH\Controllers\Pengiriman.php(86): view('modernize/master/pengiriman/edit', [...])
 6 SYSTEMPATH\CodeIgniter.php(934): App\Controllers\Pengiriman->edit('P001')
 7 SYSTEMPATH\CodeIgniter.php(499): CodeIgniter\CodeIgniter->runController(Object(App\Controllers\Pengiriman))
 8 SYSTEMPATH\CodeIgniter.php(368): CodeIgniter\CodeIgniter->handleRequest(null, Object(Config\Cache), false)
 9 FCPATH\index.php(67): CodeIgniter\CodeIgniter->run()
10 SYSTEMPATH\Commands\Server\rewrite.php(47): require_once('D:\\SEMESTER 4\\Peng.Aplikasi Enterprise\\PENJUALAN\\ci4app\\public\\index.php')
INFO - 2023-07-17 06:44:58 --> Session: Class initialized using 'CodeIgniter\Session\Handlers\FileHandler' driver.
CRITICAL - 2023-07-17 06:44:58 --> Undefined variable: transaksi
in APPPATH\Views\modernize\master\pengiriman\edit.php on line 42.
 1 APPPATH\Views\modernize\master\pengiriman\edit.php(42): CodeIgniter\Debug\Exceptions->errorHandler(8, 'Undefined variable: transaksi', 'D:\\SEMESTER 4\\Peng.Aplikasi Enterprise\\PENJUALAN\\ci4app\\app\\Views\\modernize\\master\\pengiriman\\edit.php', 42, [...])
 2 SYSTEMPATH\View\View.php(213): include('D:\\SEMESTER 4\\Peng.Aplikasi Enterprise\\PENJUALAN\\ci4app\\app\\Views\\modernize\\master\\pengiriman\\edit.php')
 3 SYSTEMPATH\View\View.php(216): CodeIgniter\View\View->CodeIgniter\View\{closure}()
 4 SYSTEMPATH\Common.php(1184): CodeIgniter\View\View->render('modernize/master/pengiriman/edit', [], true)
 5 APPPATH\Controllers\Pengiriman.php(86): view('modernize/master/pengiriman/edit', [...])
 6 SYSTEMPATH\CodeIgniter.php(934): App\Controllers\Pengiriman->edit('P001')
 7 SYSTEMPATH\CodeIgniter.php(499): CodeIgniter\CodeIgniter->runController(Object(App\Controllers\Pengiriman))
 8 SYSTEMPATH\CodeIgniter.php(368): CodeIgniter\CodeIgniter->handleRequest(null, Object(Config\Cache), false)
 9 FCPATH\index.php(67): CodeIgniter\CodeIgniter->run()
10 SYSTEMPATH\Commands\Server\rewrite.php(47): require_once('D:\\SEMESTER 4\\Peng.Aplikasi Enterprise\\PENJUALAN\\ci4app\\public\\index.php')
INFO - 2023-07-17 06:45:25 --> Session: Class initialized using 'CodeIgniter\Session\Handlers\FileHandler' driver.
CRITICAL - 2023-07-17 06:45:25 --> Undefined variable: Pengiriman
in APPPATH\Views\modernize\master\pengiriman\edit.php on line 42.
 1 APPPATH\Views\modernize\master\pengiriman\edit.php(42): CodeIgniter\Debug\Exceptions->errorHandler(8, 'Undefined variable: Pengiriman', 'D:\\SEMESTER 4\\Peng.Aplikasi Enterprise\\PENJUALAN\\ci4app\\app\\Views\\modernize\\master\\pengiriman\\edit.php', 42, [...])
 2 SYSTEMPATH\View\View.php(213): include('D:\\SEMESTER 4\\Peng.Aplikasi Enterprise\\PENJUALAN\\ci4app\\app\\Views\\modernize\\master\\pengiriman\\edit.php')
 3 SYSTEMPATH\View\View.php(216): CodeIgniter\View\View->CodeIgniter\View\{closure}()
 4 SYSTEMPATH\Common.php(1184): CodeIgniter\View\View->render('modernize/master/pengiriman/edit', [], true)
 5 APPPATH\Controllers\Pengiriman.php(86): view('modernize/master/pengiriman/edit', [...])
 6 SYSTEMPATH\CodeIgniter.php(934): App\Controllers\Pengiriman->edit('P001')
 7 SYSTEMPATH\CodeIgniter.php(499): CodeIgniter\CodeIgniter->runController(Object(App\Controllers\Pengiriman))
 8 SYSTEMPATH\CodeIgniter.php(368): CodeIgniter\CodeIgniter->handleRequest(null, Object(Config\Cache), false)
 9 FCPATH\index.php(67): CodeIgniter\CodeIgniter->run()
10 SYSTEMPATH\Commands\Server\rewrite.php(47): require_once('D:\\SEMESTER 4\\Peng.Aplikasi Enterprise\\PENJUALAN\\ci4app\\public\\index.php')
INFO - 2023-07-17 06:45:26 --> Session: Class initialized using 'CodeIgniter\Session\Handlers\FileHandler' driver.
CRITICAL - 2023-07-17 06:45:26 --> Undefined variable: Pengiriman
in APPPATH\Views\modernize\master\pengiriman\edit.php on line 42.
 1 APPPATH\Views\modernize\master\pengiriman\edit.php(42): CodeIgniter\Debug\Exceptions->errorHandler(8, 'Undefined variable: Pengiriman', 'D:\\SEMESTER 4\\Peng.Aplikasi Enterprise\\PENJUALAN\\ci4app\\app\\Views\\modernize\\master\\pengiriman\\edit.php', 42, [...])
 2 SYSTEMPATH\View\View.php(213): include('D:\\SEMESTER 4\\Peng.Aplikasi Enterprise\\PENJUALAN\\ci4app\\app\\Views\\modernize\\master\\pengiriman\\edit.php')
 3 SYSTEMPATH\View\View.php(216): CodeIgniter\View\View->CodeIgniter\View\{closure}()
 4 SYSTEMPATH\Common.php(1184): CodeIgniter\View\View->render('modernize/master/pengiriman/edit', [], true)
 5 APPPATH\Controllers\Pengiriman.php(86): view('modernize/master/pengiriman/edit', [...])
 6 SYSTEMPATH\CodeIgniter.php(934): App\Controllers\Pengiriman->edit('P001')
 7 SYSTEMPATH\CodeIgniter.php(499): CodeIgniter\CodeIgniter->runController(Object(App\Controllers\Pengiriman))
 8 SYSTEMPATH\CodeIgniter.php(368): CodeIgniter\CodeIgniter->handleRequest(null, Object(Config\Cache), false)
 9 FCPATH\index.php(67): CodeIgniter\CodeIgniter->run()
10 SYSTEMPATH\Commands\Server\rewrite.php(47): require_once('D:\\SEMESTER 4\\Peng.Aplikasi Enterprise\\PENJUALAN\\ci4app\\public\\index.php')
INFO - 2023-07-17 06:45:28 --> Session: Class initialized using 'CodeIgniter\Session\Handlers\FileHandler' driver.
CRITICAL - 2023-07-17 06:45:28 --> Undefined variable: Pengiriman
in APPPATH\Views\modernize\master\pengiriman\edit.php on line 42.
 1 APPPATH\Views\modernize\master\pengiriman\edit.php(42): CodeIgniter\Debug\Exceptions->errorHandler(8, 'Undefined variable: Pengiriman', 'D:\\SEMESTER 4\\Peng.Aplikasi Enterprise\\PENJUALAN\\ci4app\\app\\Views\\modernize\\master\\pengiriman\\edit.php', 42, [...])
 2 SYSTEMPATH\View\View.php(213): include('D:\\SEMESTER 4\\Peng.Aplikasi Enterprise\\PENJUALAN\\ci4app\\app\\Views\\modernize\\master\\pengiriman\\edit.php')
 3 SYSTEMPATH\View\View.php(216): CodeIgniter\View\View->CodeIgniter\View\{closure}()
 4 SYSTEMPATH\Common.php(1184): CodeIgniter\View\View->render('modernize/master/pengiriman/edit', [], true)
 5 APPPATH\Controllers\Pengiriman.php(86): view('modernize/master/pengiriman/edit', [...])
 6 SYSTEMPATH\CodeIgniter.php(934): App\Controllers\Pengiriman->edit('P001')
 7 SYSTEMPATH\CodeIgniter.php(499): CodeIgniter\CodeIgniter->runController(Object(App\Controllers\Pengiriman))
 8 SYSTEMPATH\CodeIgniter.php(368): CodeIgniter\CodeIgniter->handleRequest(null, Object(Config\Cache), false)
 9 FCPATH\index.php(67): CodeIgniter\CodeIgniter->run()
10 SYSTEMPATH\Commands\Server\rewrite.php(47): require_once('D:\\SEMESTER 4\\Peng.Aplikasi Enterprise\\PENJUALAN\\ci4app\\public\\index.php')
INFO - 2023-07-17 06:45:28 --> Session: Class initialized using 'CodeIgniter\Session\Handlers\FileHandler' driver.
CRITICAL - 2023-07-17 06:45:28 --> Undefined variable: Pengiriman
in APPPATH\Views\modernize\master\pengiriman\edit.php on line 42.
 1 APPPATH\Views\modernize\master\pengiriman\edit.php(42): CodeIgniter\Debug\Exceptions->errorHandler(8, 'Undefined variable: Pengiriman', 'D:\\SEMESTER 4\\Peng.Aplikasi Enterprise\\PENJUALAN\\ci4app\\app\\Views\\modernize\\master\\pengiriman\\edit.php', 42, [...])
 2 SYSTEMPATH\View\View.php(213): include('D:\\SEMESTER 4\\Peng.Aplikasi Enterprise\\PENJUALAN\\ci4app\\app\\Views\\modernize\\master\\pengiriman\\edit.php')
 3 SYSTEMPATH\View\View.php(216): CodeIgniter\View\View->CodeIgniter\View\{closure}()
 4 SYSTEMPATH\Common.php(1184): CodeIgniter\View\View->render('modernize/master/pengiriman/edit', [], true)
 5 APPPATH\Controllers\Pengiriman.php(86): view('modernize/master/pengiriman/edit', [...])
 6 SYSTEMPATH\CodeIgniter.php(934): App\Controllers\Pengiriman->edit('P001')
 7 SYSTEMPATH\CodeIgniter.php(499): CodeIgniter\CodeIgniter->runController(Object(App\Controllers\Pengiriman))
 8 SYSTEMPATH\CodeIgniter.php(368): CodeIgniter\CodeIgniter->handleRequest(null, Object(Config\Cache), false)
 9 FCPATH\index.php(67): CodeIgniter\CodeIgniter->run()
10 SYSTEMPATH\Commands\Server\rewrite.php(47): require_once('D:\\SEMESTER 4\\Peng.Aplikasi Enterprise\\PENJUALAN\\ci4app\\public\\index.php')
INFO - 2023-07-17 06:45:29 --> Session: Class initialized using 'CodeIgniter\Session\Handlers\FileHandler' driver.
CRITICAL - 2023-07-17 06:45:29 --> Undefined variable: Pengiriman
in APPPATH\Views\modernize\master\pengiriman\edit.php on line 42.
 1 APPPATH\Views\modernize\master\pengiriman\edit.php(42): CodeIgniter\Debug\Exceptions->errorHandler(8, 'Undefined variable: Pengiriman', 'D:\\SEMESTER 4\\Peng.Aplikasi Enterprise\\PENJUALAN\\ci4app\\app\\Views\\modernize\\master\\pengiriman\\edit.php', 42, [...])
 2 SYSTEMPATH\View\View.php(213): include('D:\\SEMESTER 4\\Peng.Aplikasi Enterprise\\PENJUALAN\\ci4app\\app\\Views\\modernize\\master\\pengiriman\\edit.php')
 3 SYSTEMPATH\View\View.php(216): CodeIgniter\View\View->CodeIgniter\View\{closure}()
 4 SYSTEMPATH\Common.php(1184): CodeIgniter\View\View->render('modernize/master/pengiriman/edit', [], true)
 5 APPPATH\Controllers\Pengiriman.php(86): view('modernize/master/pengiriman/edit', [...])
 6 SYSTEMPATH\CodeIgniter.php(934): App\Controllers\Pengiriman->edit('P001')
 7 SYSTEMPATH\CodeIgniter.php(499): CodeIgniter\CodeIgniter->runController(Object(App\Controllers\Pengiriman))
 8 SYSTEMPATH\CodeIgniter.php(368): CodeIgniter\CodeIgniter->handleRequest(null, Object(Config\Cache), false)
 9 FCPATH\index.php(67): CodeIgniter\CodeIgniter->run()
10 SYSTEMPATH\Commands\Server\rewrite.php(47): require_once('D:\\SEMESTER 4\\Peng.Aplikasi Enterprise\\PENJUALAN\\ci4app\\public\\index.php')
INFO - 2023-07-17 06:45:30 --> Session: Class initialized using 'CodeIgniter\Session\Handlers\FileHandler' driver.
CRITICAL - 2023-07-17 06:45:30 --> Undefined variable: Pengiriman
in APPPATH\Views\modernize\master\pengiriman\edit.php on line 42.
 1 APPPATH\Views\modernize\master\pengiriman\edit.php(42): CodeIgniter\Debug\Exceptions->errorHandler(8, 'Undefined variable: Pengiriman', 'D:\\SEMESTER 4\\Peng.Aplikasi Enterprise\\PENJUALAN\\ci4app\\app\\Views\\modernize\\master\\pengiriman\\edit.php', 42, [...])
 2 SYSTEMPATH\View\View.php(213): include('D:\\SEMESTER 4\\Peng.Aplikasi Enterprise\\PENJUALAN\\ci4app\\app\\Views\\modernize\\master\\pengiriman\\edit.php')
 3 SYSTEMPATH\View\View.php(216): CodeIgniter\View\View->CodeIgniter\View\{closure}()
 4 SYSTEMPATH\Common.php(1184): CodeIgniter\View\View->render('modernize/master/pengiriman/edit', [], true)
 5 APPPATH\Controllers\Pengiriman.php(86): view('modernize/master/pengiriman/edit', [...])
 6 SYSTEMPATH\CodeIgniter.php(934): App\Controllers\Pengiriman->edit('P001')
 7 SYSTEMPATH\CodeIgniter.php(499): CodeIgniter\CodeIgniter->runController(Object(App\Controllers\Pengiriman))
 8 SYSTEMPATH\CodeIgniter.php(368): CodeIgniter\CodeIgniter->handleRequest(null, Object(Config\Cache), false)
 9 FCPATH\index.php(67): CodeIgniter\CodeIgniter->run()
10 SYSTEMPATH\Commands\Server\rewrite.php(47): require_once('D:\\SEMESTER 4\\Peng.Aplikasi Enterprise\\PENJUALAN\\ci4app\\public\\index.php')
INFO - 2023-07-17 06:46:12 --> Session: Class initialized using 'CodeIgniter\Session\Handlers\FileHandler' driver.
CRITICAL - 2023-07-17 06:46:12 --> Undefined variable: transaksi
in APPPATH\Views\modernize\master\pengiriman\edit.php on line 46.
 1 APPPATH\Views\modernize\master\pengiriman\edit.php(46): CodeIgniter\Debug\Exceptions->errorHandler(8, 'Undefined variable: transaksi', 'D:\\SEMESTER 4\\Peng.Aplikasi Enterprise\\PENJUALAN\\ci4app\\app\\Views\\modernize\\master\\pengiriman\\edit.php', 46, [...])
 2 SYSTEMPATH\View\View.php(213): include('D:\\SEMESTER 4\\Peng.Aplikasi Enterprise\\PENJUALAN\\ci4app\\app\\Views\\modernize\\master\\pengiriman\\edit.php')
 3 SYSTEMPATH\View\View.php(216): CodeIgniter\View\View->CodeIgniter\View\{closure}()
 4 SYSTEMPATH\Common.php(1184): CodeIgniter\View\View->render('modernize/master/pengiriman/edit', [], true)
 5 APPPATH\Controllers\Pengiriman.php(86): view('modernize/master/pengiriman/edit', [...])
 6 SYSTEMPATH\CodeIgniter.php(934): App\Controllers\Pengiriman->edit('P001')
 7 SYSTEMPATH\CodeIgniter.php(499): CodeIgniter\CodeIgniter->runController(Object(App\Controllers\Pengiriman))
 8 SYSTEMPATH\CodeIgniter.php(368): CodeIgniter\CodeIgniter->handleRequest(null, Object(Config\Cache), false)
 9 FCPATH\index.php(67): CodeIgniter\CodeIgniter->run()
10 SYSTEMPATH\Commands\Server\rewrite.php(47): require_once('D:\\SEMESTER 4\\Peng.Aplikasi Enterprise\\PENJUALAN\\ci4app\\public\\index.php')
INFO - 2023-07-17 06:46:13 --> Session: Class initialized using 'CodeIgniter\Session\Handlers\FileHandler' driver.
CRITICAL - 2023-07-17 06:46:13 --> Undefined variable: transaksi
in APPPATH\Views\modernize\master\pengiriman\edit.php on line 46.
 1 APPPATH\Views\modernize\master\pengiriman\edit.php(46): CodeIgniter\Debug\Exceptions->errorHandler(8, 'Undefined variable: transaksi', 'D:\\SEMESTER 4\\Peng.Aplikasi Enterprise\\PENJUALAN\\ci4app\\app\\Views\\modernize\\master\\pengiriman\\edit.php', 46, [...])
 2 SYSTEMPATH\View\View.php(213): include('D:\\SEMESTER 4\\Peng.Aplikasi Enterprise\\PENJUALAN\\ci4app\\app\\Views\\modernize\\master\\pengiriman\\edit.php')
 3 SYSTEMPATH\View\View.php(216): CodeIgniter\View\View->CodeIgniter\View\{closure}()
 4 SYSTEMPATH\Common.php(1184): CodeIgniter\View\View->render('modernize/master/pengiriman/edit', [], true)
 5 APPPATH\Controllers\Pengiriman.php(86): view('modernize/master/pengiriman/edit', [...])
 6 SYSTEMPATH\CodeIgniter.php(934): App\Controllers\Pengiriman->edit('P001')
 7 SYSTEMPATH\CodeIgniter.php(499): CodeIgniter\CodeIgniter->runController(Object(App\Controllers\Pengiriman))
 8 SYSTEMPATH\CodeIgniter.php(368): CodeIgniter\CodeIgniter->handleRequest(null, Object(Config\Cache), false)
 9 FCPATH\index.php(67): CodeIgniter\CodeIgniter->run()
10 SYSTEMPATH\Commands\Server\rewrite.php(47): require_once('D:\\SEMESTER 4\\Peng.Aplikasi Enterprise\\PENJUALAN\\ci4app\\public\\index.php')
INFO - 2023-07-17 06:49:45 --> Session: Class initialized using 'CodeIgniter\Session\Handlers\FileHandler' driver.
INFO - 2023-07-17 06:49:51 --> Session: Class initialized using 'CodeIgniter\Session\Handlers\FileHandler' driver.
INFO - 2023-07-17 06:49:56 --> Session: Class initialized using 'CodeIgniter\Session\Handlers\FileHandler' driver.
INFO - 2023-07-17 06:50:02 --> Session: Class initialized using 'CodeIgniter\Session\Handlers\FileHandler' driver.
INFO - 2023-07-17 06:50:19 --> Session: Class initialized using 'CodeIgniter\Session\Handlers\FileHandler' driver.
INFO - 2023-07-17 06:50:20 --> Session: Class initialized using 'CodeIgniter\Session\Handlers\FileHandler' driver.
INFO - 2023-07-17 06:50:41 --> Session: Class initialized using 'CodeIgniter\Session\Handlers\FileHandler' driver.
INFO - 2023-07-17 06:50:42 --> Session: Class initialized using 'CodeIgniter\Session\Handlers\FileHandler' driver.
INFO - 2023-07-17 06:51:01 --> Session: Class initialized using 'CodeIgniter\Session\Handlers\FileHandler' driver.
INFO - 2023-07-17 06:51:08 --> Session: Class initialized using 'CodeIgniter\Session\Handlers\FileHandler' driver.
INFO - 2023-07-17 06:51:59 --> Session: Class initialized using 'CodeIgniter\Session\Handlers\FileHandler' driver.
INFO - 2023-07-17 06:52:01 --> Session: Class initialized using 'CodeIgniter\Session\Handlers\FileHandler' driver.
INFO - 2023-07-17 06:52:39 --> Session: Class initialized using 'CodeIgniter\Session\Handlers\FileHandler' driver.
INFO - 2023-07-17 06:52:39 --> Session: Class initialized using 'CodeIgniter\Session\Handlers\FileHandler' driver.
INFO - 2023-07-17 06:52:43 --> Session: Class initialized using 'CodeIgniter\Session\Handlers\FileHandler' driver.
INFO - 2023-07-17 06:52:49 --> Session: Class initialized using 'CodeIgniter\Session\Handlers\FileHandler' driver.
INFO - 2023-07-17 06:52:49 --> Session: Class initialized using 'CodeIgniter\Session\Handlers\FileHandler' driver.
INFO - 2023-07-17 06:53:16 --> Session: Class initialized using 'CodeIgniter\Session\Handlers\FileHandler' driver.
INFO - 2023-07-17 06:53:16 --> Session: Class initialized using 'CodeIgniter\Session\Handlers\FileHandler' driver.
INFO - 2023-07-17 06:55:47 --> Session: Class initialized using 'CodeIgniter\Session\Handlers\FileHandler' driver.
INFO - 2023-07-17 06:55:49 --> Session: Class initialized using 'CodeIgniter\Session\Handlers\FileHandler' driver.
INFO - 2023-07-17 06:55:50 --> Session: Class initialized using 'CodeIgniter\Session\Handlers\FileHandler' driver.
INFO - 2023-07-17 06:55:51 --> Session: Class initialized using 'CodeIgniter\Session\Handlers\FileHandler' driver.
INFO - 2023-07-17 06:58:09 --> Session: Class initialized using 'CodeIgniter\Session\Handlers\FileHandler' driver.
INFO - 2023-07-17 07:03:55 --> Session: Class initialized using 'CodeIgniter\Session\Handlers\FileHandler' driver.
INFO - 2023-07-17 07:04:01 --> Session: Class initialized using 'CodeIgniter\Session\Handlers\FileHandler' driver.
CRITICAL - 2023-07-17 07:04:01 --> Undefined variable: transaksi
in APPPATH\Views\modernize\master\pengiriman\edit.php on line 46.
 1 APPPATH\Views\modernize\master\pengiriman\edit.php(46): CodeIgniter\Debug\Exceptions->errorHandler(8, 'Undefined variable: transaksi', 'D:\\SEMESTER 4\\Peng.Aplikasi Enterprise\\PENJUALAN\\ci4app\\app\\Views\\modernize\\master\\pengiriman\\edit.php', 46, [...])
 2 SYSTEMPATH\View\View.php(213): include('D:\\SEMESTER 4\\Peng.Aplikasi Enterprise\\PENJUALAN\\ci4app\\app\\Views\\modernize\\master\\pengiriman\\edit.php')
 3 SYSTEMPATH\View\View.php(216): CodeIgniter\View\View->CodeIgniter\View\{closure}()
 4 SYSTEMPATH\Common.php(1184): CodeIgniter\View\View->render('modernize/master/pengiriman/edit', [], true)
 5 APPPATH\Controllers\Pengiriman.php(86): view('modernize/master/pengiriman/edit', [...])
 6 SYSTEMPATH\CodeIgniter.php(934): App\Controllers\Pengiriman->edit('P001')
 7 SYSTEMPATH\CodeIgniter.php(499): CodeIgniter\CodeIgniter->runController(Object(App\Controllers\Pengiriman))
 8 SYSTEMPATH\CodeIgniter.php(368): CodeIgniter\CodeIgniter->handleRequest(null, Object(Config\Cache), false)
 9 FCPATH\index.php(67): CodeIgniter\CodeIgniter->run()
10 SYSTEMPATH\Commands\Server\rewrite.php(47): require_once('D:\\SEMESTER 4\\Peng.Aplikasi Enterprise\\PENJUALAN\\ci4app\\public\\index.php')
INFO - 2023-07-17 07:05:44 --> Session: Class initialized using 'CodeIgniter\Session\Handlers\FileHandler' driver.
CRITICAL - 2023-07-17 07:05:44 --> Undefined variable: transaksi
in APPPATH\Views\modernize\master\pengiriman\edit.php on line 46.
 1 APPPATH\Views\modernize\master\pengiriman\edit.php(46): CodeIgniter\Debug\Exceptions->errorHandler(8, 'Undefined variable: transaksi', 'D:\\SEMESTER 4\\Peng.Aplikasi Enterprise\\PENJUALAN\\ci4app\\app\\Views\\modernize\\master\\pengiriman\\edit.php', 46, [...])
 2 SYSTEMPATH\View\View.php(213): include('D:\\SEMESTER 4\\Peng.Aplikasi Enterprise\\PENJUALAN\\ci4app\\app\\Views\\modernize\\master\\pengiriman\\edit.php')
 3 SYSTEMPATH\View\View.php(216): CodeIgniter\View\View->CodeIgniter\View\{closure}()
 4 SYSTEMPATH\Common.php(1184): CodeIgniter\View\View->render('modernize/master/pengiriman/edit', [], true)
 5 APPPATH\Controllers\Pengiriman.php(86): view('modernize/master/pengiriman/edit', [...])
 6 SYSTEMPATH\CodeIgniter.php(934): App\Controllers\Pengiriman->edit('P001')
 7 SYSTEMPATH\CodeIgniter.php(499): CodeIgniter\CodeIgniter->runController(Object(App\Controllers\Pengiriman))
 8 SYSTEMPATH\CodeIgniter.php(368): CodeIgniter\CodeIgniter->handleRequest(null, Object(Config\Cache), false)
 9 FCPATH\index.php(67): CodeIgniter\CodeIgniter->run()
10 SYSTEMPATH\Commands\Server\rewrite.php(47): require_once('D:\\SEMESTER 4\\Peng.Aplikasi Enterprise\\PENJUALAN\\ci4app\\public\\index.php')
INFO - 2023-07-17 07:05:45 --> Session: Class initialized using 'CodeIgniter\Session\Handlers\FileHandler' driver.
CRITICAL - 2023-07-17 07:05:45 --> Undefined variable: transaksi
in APPPATH\Views\modernize\master\pengiriman\edit.php on line 46.
 1 APPPATH\Views\modernize\master\pengiriman\edit.php(46): CodeIgniter\Debug\Exceptions->errorHandler(8, 'Undefined variable: transaksi', 'D:\\SEMESTER 4\\Peng.Aplikasi Enterprise\\PENJUALAN\\ci4app\\app\\Views\\modernize\\master\\pengiriman\\edit.php', 46, [...])
 2 SYSTEMPATH\View\View.php(213): include('D:\\SEMESTER 4\\Peng.Aplikasi Enterprise\\PENJUALAN\\ci4app\\app\\Views\\modernize\\master\\pengiriman\\edit.php')
 3 SYSTEMPATH\View\View.php(216): CodeIgniter\View\View->CodeIgniter\View\{closure}()
 4 SYSTEMPATH\Common.php(1184): CodeIgniter\View\View->render('modernize/master/pengiriman/edit', [], true)
 5 APPPATH\Controllers\Pengiriman.php(86): view('modernize/master/pengiriman/edit', [...])
 6 SYSTEMPATH\CodeIgniter.php(934): App\Controllers\Pengiriman->edit('P001')
 7 SYSTEMPATH\CodeIgniter.php(499): CodeIgniter\CodeIgniter->runController(Object(App\Controllers\Pengiriman))
 8 SYSTEMPATH\CodeIgniter.php(368): CodeIgniter\CodeIgniter->handleRequest(null, Object(Config\Cache), false)
 9 FCPATH\index.php(67): CodeIgniter\CodeIgniter->run()
10 SYSTEMPATH\Commands\Server\rewrite.php(47): require_once('D:\\SEMESTER 4\\Peng.Aplikasi Enterprise\\PENJUALAN\\ci4app\\public\\index.php')
INFO - 2023-07-17 07:05:47 --> Session: Class initialized using 'CodeIgniter\Session\Handlers\FileHandler' driver.
CRITICAL - 2023-07-17 07:05:47 --> Undefined variable: transaksi
in APPPATH\Views\modernize\master\pengiriman\edit.php on line 46.
 1 APPPATH\Views\modernize\master\pengiriman\edit.php(46): CodeIgniter\Debug\Exceptions->errorHandler(8, 'Undefined variable: transaksi', 'D:\\SEMESTER 4\\Peng.Aplikasi Enterprise\\PENJUALAN\\ci4app\\app\\Views\\modernize\\master\\pengiriman\\edit.php', 46, [...])
 2 SYSTEMPATH\View\View.php(213): include('D:\\SEMESTER 4\\Peng.Aplikasi Enterprise\\PENJUALAN\\ci4app\\app\\Views\\modernize\\master\\pengiriman\\edit.php')
 3 SYSTEMPATH\View\View.php(216): CodeIgniter\View\View->CodeIgniter\View\{closure}()
 4 SYSTEMPATH\Common.php(1184): CodeIgniter\View\View->render('modernize/master/pengiriman/edit', [], true)
 5 APPPATH\Controllers\Pengiriman.php(86): view('modernize/master/pengiriman/edit', [...])
 6 SYSTEMPATH\CodeIgniter.php(934): App\Controllers\Pengiriman->edit('P001')
 7 SYSTEMPATH\CodeIgniter.php(499): CodeIgniter\CodeIgniter->runController(Object(App\Controllers\Pengiriman))
 8 SYSTEMPATH\CodeIgniter.php(368): CodeIgniter\CodeIgniter->handleRequest(null, Object(Config\Cache), false)
 9 FCPATH\index.php(67): CodeIgniter\CodeIgniter->run()
10 SYSTEMPATH\Commands\Server\rewrite.php(47): require_once('D:\\SEMESTER 4\\Peng.Aplikasi Enterprise\\PENJUALAN\\ci4app\\public\\index.php')
INFO - 2023-07-17 07:06:33 --> Session: Class initialized using 'CodeIgniter\Session\Handlers\FileHandler' driver.
CRITICAL - 2023-07-17 07:06:33 --> Undefined variable: transaksi
in APPPATH\Views\modernize\master\pengiriman\edit.php on line 46.
 1 APPPATH\Views\modernize\master\pengiriman\edit.php(46): CodeIgniter\Debug\Exceptions->errorHandler(8, 'Undefined variable: transaksi', 'D:\\SEMESTER 4\\Peng.Aplikasi Enterprise\\PENJUALAN\\ci4app\\app\\Views\\modernize\\master\\pengiriman\\edit.php', 46, [...])
 2 SYSTEMPATH\View\View.php(213): include('D:\\SEMESTER 4\\Peng.Aplikasi Enterprise\\PENJUALAN\\ci4app\\app\\Views\\modernize\\master\\pengiriman\\edit.php')
 3 SYSTEMPATH\View\View.php(216): CodeIgniter\View\View->CodeIgniter\View\{closure}()
 4 SYSTEMPATH\Common.php(1184): CodeIgniter\View\View->render('modernize/master/pengiriman/edit', [], true)
 5 APPPATH\Controllers\Pengiriman.php(86): view('modernize/master/pengiriman/edit', [...])
 6 SYSTEMPATH\CodeIgniter.php(934): App\Controllers\Pengiriman->edit('P001')
 7 SYSTEMPATH\CodeIgniter.php(499): CodeIgniter\CodeIgniter->runController(Object(App\Controllers\Pengiriman))
 8 SYSTEMPATH\CodeIgniter.php(368): CodeIgniter\CodeIgniter->handleRequest(null, Object(Config\Cache), false)
 9 FCPATH\index.php(67): CodeIgniter\CodeIgniter->run()
10 SYSTEMPATH\Commands\Server\rewrite.php(47): require_once('D:\\SEMESTER 4\\Peng.Aplikasi Enterprise\\PENJUALAN\\ci4app\\public\\index.php')
INFO - 2023-07-17 07:06:34 --> Session: Class initialized using 'CodeIgniter\Session\Handlers\FileHandler' driver.
CRITICAL - 2023-07-17 07:06:34 --> Undefined variable: transaksi
in APPPATH\Views\modernize\master\pengiriman\edit.php on line 46.
 1 APPPATH\Views\modernize\master\pengiriman\edit.php(46): CodeIgniter\Debug\Exceptions->errorHandler(8, 'Undefined variable: transaksi', 'D:\\SEMESTER 4\\Peng.Aplikasi Enterprise\\PENJUALAN\\ci4app\\app\\Views\\modernize\\master\\pengiriman\\edit.php', 46, [...])
 2 SYSTEMPATH\View\View.php(213): include('D:\\SEMESTER 4\\Peng.Aplikasi Enterprise\\PENJUALAN\\ci4app\\app\\Views\\modernize\\master\\pengiriman\\edit.php')
 3 SYSTEMPATH\View\View.php(216): CodeIgniter\View\View->CodeIgniter\View\{closure}()
 4 SYSTEMPATH\Common.php(1184): CodeIgniter\View\View->render('modernize/master/pengiriman/edit', [], true)
 5 APPPATH\Controllers\Pengiriman.php(86): view('modernize/master/pengiriman/edit', [...])
 6 SYSTEMPATH\CodeIgniter.php(934): App\Controllers\Pengiriman->edit('P001')
 7 SYSTEMPATH\CodeIgniter.php(499): CodeIgniter\CodeIgniter->runController(Object(App\Controllers\Pengiriman))
 8 SYSTEMPATH\CodeIgniter.php(368): CodeIgniter\CodeIgniter->handleRequest(null, Object(Config\Cache), false)
 9 FCPATH\index.php(67): CodeIgniter\CodeIgniter->run()
10 SYSTEMPATH\Commands\Server\rewrite.php(47): require_once('D:\\SEMESTER 4\\Peng.Aplikasi Enterprise\\PENJUALAN\\ci4app\\public\\index.php')
INFO - 2023-07-17 07:06:35 --> Session: Class initialized using 'CodeIgniter\Session\Handlers\FileHandler' driver.
CRITICAL - 2023-07-17 07:06:35 --> Undefined variable: transaksi
in APPPATH\Views\modernize\master\pengiriman\edit.php on line 46.
 1 APPPATH\Views\modernize\master\pengiriman\edit.php(46): CodeIgniter\Debug\Exceptions->errorHandler(8, 'Undefined variable: transaksi', 'D:\\SEMESTER 4\\Peng.Aplikasi Enterprise\\PENJUALAN\\ci4app\\app\\Views\\modernize\\master\\pengiriman\\edit.php', 46, [...])
 2 SYSTEMPATH\View\View.php(213): include('D:\\SEMESTER 4\\Peng.Aplikasi Enterprise\\PENJUALAN\\ci4app\\app\\Views\\modernize\\master\\pengiriman\\edit.php')
 3 SYSTEMPATH\View\View.php(216): CodeIgniter\View\View->CodeIgniter\View\{closure}()
 4 SYSTEMPATH\Common.php(1184): CodeIgniter\View\View->render('modernize/master/pengiriman/edit', [], true)
 5 APPPATH\Controllers\Pengiriman.php(86): view('modernize/master/pengiriman/edit', [...])
 6 SYSTEMPATH\CodeIgniter.php(934): App\Controllers\Pengiriman->edit('P001')
 7 SYSTEMPATH\CodeIgniter.php(499): CodeIgniter\CodeIgniter->runController(Object(App\Controllers\Pengiriman))
 8 SYSTEMPATH\CodeIgniter.php(368): CodeIgniter\CodeIgniter->handleRequest(null, Object(Config\Cache), false)
 9 FCPATH\index.php(67): CodeIgniter\CodeIgniter->run()
10 SYSTEMPATH\Commands\Server\rewrite.php(47): require_once('D:\\SEMESTER 4\\Peng.Aplikasi Enterprise\\PENJUALAN\\ci4app\\public\\index.php')
INFO - 2023-07-17 07:06:37 --> Session: Class initialized using 'CodeIgniter\Session\Handlers\FileHandler' driver.
CRITICAL - 2023-07-17 07:06:37 --> Undefined variable: transaksi
in APPPATH\Views\modernize\master\pengiriman\edit.php on line 46.
 1 APPPATH\Views\modernize\master\pengiriman\edit.php(46): CodeIgniter\Debug\Exceptions->errorHandler(8, 'Undefined variable: transaksi', 'D:\\SEMESTER 4\\Peng.Aplikasi Enterprise\\PENJUALAN\\ci4app\\app\\Views\\modernize\\master\\pengiriman\\edit.php', 46, [...])
 2 SYSTEMPATH\View\View.php(213): include('D:\\SEMESTER 4\\Peng.Aplikasi Enterprise\\PENJUALAN\\ci4app\\app\\Views\\modernize\\master\\pengiriman\\edit.php')
 3 SYSTEMPATH\View\View.php(216): CodeIgniter\View\View->CodeIgniter\View\{closure}()
 4 SYSTEMPATH\Common.php(1184): CodeIgniter\View\View->render('modernize/master/pengiriman/edit', [], true)
 5 APPPATH\Controllers\Pengiriman.php(86): view('modernize/master/pengiriman/edit', [...])
 6 SYSTEMPATH\CodeIgniter.php(934): App\Controllers\Pengiriman->edit('P001')
 7 SYSTEMPATH\CodeIgniter.php(499): CodeIgniter\CodeIgniter->runController(Object(App\Controllers\Pengiriman))
 8 SYSTEMPATH\CodeIgniter.php(368): CodeIgniter\CodeIgniter->handleRequest(null, Object(Config\Cache), false)
 9 FCPATH\index.php(67): CodeIgniter\CodeIgniter->run()
10 SYSTEMPATH\Commands\Server\rewrite.php(47): require_once('D:\\SEMESTER 4\\Peng.Aplikasi Enterprise\\PENJUALAN\\ci4app\\public\\index.php')
INFO - 2023-07-17 07:08:07 --> Session: Class initialized using 'CodeIgniter\Session\Handlers\FileHandler' driver.
CRITICAL - 2023-07-17 07:08:07 --> Undefined variable: transaksi
in APPPATH\Views\modernize\master\pengiriman\edit.php on line 46.
 1 APPPATH\Views\modernize\master\pengiriman\edit.php(46): CodeIgniter\Debug\Exceptions->errorHandler(8, 'Undefined variable: transaksi', 'D:\\SEMESTER 4\\Peng.Aplikasi Enterprise\\PENJUALAN\\ci4app\\app\\Views\\modernize\\master\\pengiriman\\edit.php', 46, [...])
 2 SYSTEMPATH\View\View.php(213): include('D:\\SEMESTER 4\\Peng.Aplikasi Enterprise\\PENJUALAN\\ci4app\\app\\Views\\modernize\\master\\pengiriman\\edit.php')
 3 SYSTEMPATH\View\View.php(216): CodeIgniter\View\View->CodeIgniter\View\{closure}()
 4 SYSTEMPATH\Common.php(1184): CodeIgniter\View\View->render('modernize/master/pengiriman/edit', [], true)
 5 APPPATH\Controllers\Pengiriman.php(86): view('modernize/master/pengiriman/edit', [...])
 6 SYSTEMPATH\CodeIgniter.php(934): App\Controllers\Pengiriman->edit('P001')
 7 SYSTEMPATH\CodeIgniter.php(499): CodeIgniter\CodeIgniter->runController(Object(App\Controllers\Pengiriman))
 8 SYSTEMPATH\CodeIgniter.php(368): CodeIgniter\CodeIgniter->handleRequest(null, Object(Config\Cache), false)
 9 FCPATH\index.php(67): CodeIgniter\CodeIgniter->run()
10 SYSTEMPATH\Commands\Server\rewrite.php(47): require_once('D:\\SEMESTER 4\\Peng.Aplikasi Enterprise\\PENJUALAN\\ci4app\\public\\index.php')
INFO - 2023-07-17 07:08:08 --> Session: Class initialized using 'CodeIgniter\Session\Handlers\FileHandler' driver.
CRITICAL - 2023-07-17 07:08:08 --> Undefined variable: transaksi
in APPPATH\Views\modernize\master\pengiriman\edit.php on line 46.
 1 APPPATH\Views\modernize\master\pengiriman\edit.php(46): CodeIgniter\Debug\Exceptions->errorHandler(8, 'Undefined variable: transaksi', 'D:\\SEMESTER 4\\Peng.Aplikasi Enterprise\\PENJUALAN\\ci4app\\app\\Views\\modernize\\master\\pengiriman\\edit.php', 46, [...])
 2 SYSTEMPATH\View\View.php(213): include('D:\\SEMESTER 4\\Peng.Aplikasi Enterprise\\PENJUALAN\\ci4app\\app\\Views\\modernize\\master\\pengiriman\\edit.php')
 3 SYSTEMPATH\View\View.php(216): CodeIgniter\View\View->CodeIgniter\View\{closure}()
 4 SYSTEMPATH\Common.php(1184): CodeIgniter\View\View->render('modernize/master/pengiriman/edit', [], true)
 5 APPPATH\Controllers\Pengiriman.php(86): view('modernize/master/pengiriman/edit', [...])
 6 SYSTEMPATH\CodeIgniter.php(934): App\Controllers\Pengiriman->edit('P001')
 7 SYSTEMPATH\CodeIgniter.php(499): CodeIgniter\CodeIgniter->runController(Object(App\Controllers\Pengiriman))
 8 SYSTEMPATH\CodeIgniter.php(368): CodeIgniter\CodeIgniter->handleRequest(null, Object(Config\Cache), false)
 9 FCPATH\index.php(67): CodeIgniter\CodeIgniter->run()
10 SYSTEMPATH\Commands\Server\rewrite.php(47): require_once('D:\\SEMESTER 4\\Peng.Aplikasi Enterprise\\PENJUALAN\\ci4app\\public\\index.php')
INFO - 2023-07-17 07:08:09 --> Session: Class initialized using 'CodeIgniter\Session\Handlers\FileHandler' driver.
CRITICAL - 2023-07-17 07:08:09 --> Undefined variable: transaksi
in APPPATH\Views\modernize\master\pengiriman\edit.php on line 46.
 1 APPPATH\Views\modernize\master\pengiriman\edit.php(46): CodeIgniter\Debug\Exceptions->errorHandler(8, 'Undefined variable: transaksi', 'D:\\SEMESTER 4\\Peng.Aplikasi Enterprise\\PENJUALAN\\ci4app\\app\\Views\\modernize\\master\\pengiriman\\edit.php', 46, [...])
 2 SYSTEMPATH\View\View.php(213): include('D:\\SEMESTER 4\\Peng.Aplikasi Enterprise\\PENJUALAN\\ci4app\\app\\Views\\modernize\\master\\pengiriman\\edit.php')
 3 SYSTEMPATH\View\View.php(216): CodeIgniter\View\View->CodeIgniter\View\{closure}()
 4 SYSTEMPATH\Common.php(1184): CodeIgniter\View\View->render('modernize/master/pengiriman/edit', [], true)
 5 APPPATH\Controllers\Pengiriman.php(86): view('modernize/master/pengiriman/edit', [...])
 6 SYSTEMPATH\CodeIgniter.php(934): App\Controllers\Pengiriman->edit('P001')
 7 SYSTEMPATH\CodeIgniter.php(499): CodeIgniter\CodeIgniter->runController(Object(App\Controllers\Pengiriman))
 8 SYSTEMPATH\CodeIgniter.php(368): CodeIgniter\CodeIgniter->handleRequest(null, Object(Config\Cache), false)
 9 FCPATH\index.php(67): CodeIgniter\CodeIgniter->run()
10 SYSTEMPATH\Commands\Server\rewrite.php(47): require_once('D:\\SEMESTER 4\\Peng.Aplikasi Enterprise\\PENJUALAN\\ci4app\\public\\index.php')
INFO - 2023-07-17 07:08:10 --> Session: Class initialized using 'CodeIgniter\Session\Handlers\FileHandler' driver.
CRITICAL - 2023-07-17 07:08:10 --> Undefined variable: transaksi
in APPPATH\Views\modernize\master\pengiriman\edit.php on line 46.
 1 APPPATH\Views\modernize\master\pengiriman\edit.php(46): CodeIgniter\Debug\Exceptions->errorHandler(8, 'Undefined variable: transaksi', 'D:\\SEMESTER 4\\Peng.Aplikasi Enterprise\\PENJUALAN\\ci4app\\app\\Views\\modernize\\master\\pengiriman\\edit.php', 46, [...])
 2 SYSTEMPATH\View\View.php(213): include('D:\\SEMESTER 4\\Peng.Aplikasi Enterprise\\PENJUALAN\\ci4app\\app\\Views\\modernize\\master\\pengiriman\\edit.php')
 3 SYSTEMPATH\View\View.php(216): CodeIgniter\View\View->CodeIgniter\View\{closure}()
 4 SYSTEMPATH\Common.php(1184): CodeIgniter\View\View->render('modernize/master/pengiriman/edit', [], true)
 5 APPPATH\Controllers\Pengiriman.php(86): view('modernize/master/pengiriman/edit', [...])
 6 SYSTEMPATH\CodeIgniter.php(934): App\Controllers\Pengiriman->edit('P001')
 7 SYSTEMPATH\CodeIgniter.php(499): CodeIgniter\CodeIgniter->runController(Object(App\Controllers\Pengiriman))
 8 SYSTEMPATH\CodeIgniter.php(368): CodeIgniter\CodeIgniter->handleRequest(null, Object(Config\Cache), false)
 9 FCPATH\index.php(67): CodeIgniter\CodeIgniter->run()
10 SYSTEMPATH\Commands\Server\rewrite.php(47): require_once('D:\\SEMESTER 4\\Peng.Aplikasi Enterprise\\PENJUALAN\\ci4app\\public\\index.php')
INFO - 2023-07-17 07:11:17 --> Session: Class initialized using 'CodeIgniter\Session\Handlers\FileHandler' driver.
INFO - 2023-07-17 07:11:40 --> Session: Class initialized using 'CodeIgniter\Session\Handlers\FileHandler' driver.
INFO - 2023-07-17 07:11:40 --> Session: Class initialized using 'CodeIgniter\Session\Handlers\FileHandler' driver.
INFO - 2023-07-17 07:11:46 --> Session: Class initialized using 'CodeIgniter\Session\Handlers\FileHandler' driver.
INFO - 2023-07-17 07:11:51 --> Session: Class initialized using 'CodeIgniter\Session\Handlers\FileHandler' driver.
INFO - 2023-07-17 07:11:53 --> Session: Class initialized using 'CodeIgniter\Session\Handlers\FileHandler' driver.
INFO - 2023-07-17 07:13:03 --> Session: Class initialized using 'CodeIgniter\Session\Handlers\FileHandler' driver.
INFO - 2023-07-17 07:13:14 --> Session: Class initialized using 'CodeIgniter\Session\Handlers\FileHandler' driver.
INFO - 2023-07-17 07:13:14 --> Session: Class initialized using 'CodeIgniter\Session\Handlers\FileHandler' driver.
INFO - 2023-07-17 07:15:19 --> Session: Class initialized using 'CodeIgniter\Session\Handlers\FileHandler' driver.
INFO - 2023-07-17 07:15:44 --> Session: Class initialized using 'CodeIgniter\Session\Handlers\FileHandler' driver.
INFO - 2023-07-17 07:15:44 --> Session: Class initialized using 'CodeIgniter\Session\Handlers\FileHandler' driver.
INFO - 2023-07-17 07:23:09 --> Session: Class initialized using 'CodeIgniter\Session\Handlers\FileHandler' driver.
INFO - 2023-07-17 07:23:12 --> Session: Class initialized using 'CodeIgniter\Session\Handlers\FileHandler' driver.
INFO - 2023-07-17 07:23:14 --> Session: Class initialized using 'CodeIgniter\Session\Handlers\FileHandler' driver.
INFO - 2023-07-17 07:23:16 --> Session: Class initialized using 'CodeIgniter\Session\Handlers\FileHandler' driver.
INFO - 2023-07-17 07:23:18 --> Session: Class initialized using 'CodeIgniter\Session\Handlers\FileHandler' driver.
INFO - 2023-07-17 08:57:57 --> Session: Class initialized using 'CodeIgniter\Session\Handlers\FileHandler' driver.
INFO - 2023-07-17 08:58:00 --> Session: Class initialized using 'CodeIgniter\Session\Handlers\FileHandler' driver.
INFO - 2023-07-17 09:19:31 --> Session: Class initialized using 'CodeIgniter\Session\Handlers\FileHandler' driver.
INFO - 2023-07-17 09:19:38 --> Session: Class initialized using 'CodeIgniter\Session\Handlers\FileHandler' driver.
